EFS parameters: saved config E:\Desktop\AnewOmni\4.5hypothesis\experiments\10_lambda_frame_particle_sweep\best_config.json; warning: selected with a different particles-per-source value
pass 1, target present: 2565 particles in one pooled plane
forward step     0/2000: mean_particle_distance=2.44614907 rms_radius=1.88893168 max_force=0.000000e+00 max_update=0.000000e+00
forward step    25/2000: mean_particle_distance=2.39711542 rms_radius=1.84859980 max_force=5.885183e+00 max_update=5.885183e-03
forward step    50/2000: mean_particle_distance=2.34724600 rms_radius=1.80834565 max_force=5.739656e+00 max_update=5.739656e-03
forward step    75/2000: mean_particle_distance=2.29792075 rms_radius=1.76879454 max_force=5.597715e+00 max_update=5.597715e-03
forward step   100/2000: mean_particle_distance=2.24953409 rms_radius=1.73013015 max_force=5.459270e+00 max_update=5.459270e-03
forward step   125/2000: mean_particle_distance=2.20225962 rms_radius=1.69243138 max_force=5.324235e+00 max_update=5.324235e-03
forward step   150/2000: mean_particle_distance=2.15618663 rms_radius=1.65573639 max_force=5.192523e+00 max_update=5.192523e-03
forward step   175/2000: mean_particle_distance=2.11136403 rms_radius=1.62006375 max_force=5.064051e+00 max_update=5.064051e-03
forward step   200/2000: mean_particle_distance=2.06781872 rms_radius=1.58542137 max_force=4.938737e+00 max_update=4.938737e-03
forward step   225/2000: mean_particle_distance=2.02556443 rms_radius=1.55181081 max_force=4.816502e+00 max_update=4.816502e-03
forward step   250/2000: mean_particle_distance=1.98460649 rms_radius=1.51922973 max_force=4.697267e+00 max_update=4.697267e-03
forward step   275/2000: mean_particle_distance=1.94494463 rms_radius=1.48767316 max_force=4.580956e+00 max_update=4.580956e-03
forward step   300/2000: mean_particle_distance=1.90657467 rms_radius=1.45713439 max_force=4.467495e+00 max_update=4.467495e-03
forward step   325/2000: mean_particle_distance=1.86948955 rms_radius=1.42760544 max_force=4.356810e+00 max_update=4.356810e-03
forward step   350/2000: mean_particle_distance=1.83368008 rms_radius=1.39907741 max_force=4.248830e+00 max_update=4.248830e-03
forward step   375/2000: mean_particle_distance=1.79913537 rms_radius=1.37154069 max_force=4.143485e+00 max_update=4.143485e-03
forward step   400/2000: mean_particle_distance=1.76584315 rms_radius=1.34498506 max_force=4.040705e+00 max_update=4.040705e-03
forward step   425/2000: mean_particle_distance=1.73378998 rms_radius=1.31939979 max_force=3.940425e+00 max_update=3.940425e-03
forward step   450/2000: mean_particle_distance=1.70296138 rms_radius=1.29477365 max_force=3.842576e+00 max_update=3.842576e-03
forward step   475/2000: mean_particle_distance=1.67334190 rms_radius=1.27109491 max_force=3.747095e+00 max_update=3.747095e-03
forward step   500/2000: mean_particle_distance=1.64491521 rms_radius=1.24835135 max_force=3.653917e+00 max_update=3.653917e-03
forward step   525/2000: mean_particle_distance=1.61766405 rms_radius=1.22653025 max_force=3.562980e+00 max_update=3.562980e-03
forward step   550/2000: mean_particle_distance=1.59157032 rms_radius=1.20561828 max_force=3.474220e+00 max_update=3.474220e-03
forward step   575/2000: mean_particle_distance=1.56661500 rms_radius=1.18560156 max_force=3.387577e+00 max_update=3.387577e-03
forward step   600/2000: mean_particle_distance=1.54277816 rms_radius=1.16646552 max_force=3.302990e+00 max_update=3.302990e-03
forward step   625/2000: mean_particle_distance=1.52003892 rms_radius=1.14819490 max_force=3.220399e+00 max_update=3.220399e-03
forward step   650/2000: mean_particle_distance=1.49837540 rms_radius=1.13077369 max_force=3.139744e+00 max_update=3.139744e-03
forward step   675/2000: mean_particle_distance=1.47776472 rms_radius=1.11418507 max_force=3.060966e+00 max_update=3.060966e-03
forward step   700/2000: mean_particle_distance=1.45818293 rms_radius=1.09841139 max_force=2.984006e+00 max_update=2.984006e-03
forward step   725/2000: mean_particle_distance=1.43960502 rms_radius=1.08343410 max_force=2.908804e+00 max_update=2.908804e-03
forward step   750/2000: mean_particle_distance=1.42200489 rms_radius=1.06923377 max_force=2.835301e+00 max_update=2.835301e-03
forward step   775/2000: mean_particle_distance=1.40535537 rms_radius=1.05579006 max_force=2.763438e+00 max_update=2.763438e-03
forward step   800/2000: mean_particle_distance=1.38962823 rms_radius=1.04308174 max_force=2.693155e+00 max_update=2.693155e-03
forward step   825/2000: mean_particle_distance=1.37479426 rms_radius=1.03108670 max_force=2.624390e+00 max_update=2.624390e-03
forward step   850/2000: mean_particle_distance=1.36082331 rms_radius=1.01978203 max_force=2.557083e+00 max_update=2.557083e-03
forward step   875/2000: mean_particle_distance=1.34768443 rms_radius=1.00914408 max_force=2.491170e+00 max_update=2.491170e-03
forward step   900/2000: mean_particle_distance=1.33534596 rms_radius=0.99914853 max_force=2.426586e+00 max_update=2.426586e-03
forward step   925/2000: mean_particle_distance=1.32377570 rms_radius=0.98977052 max_force=2.363267e+00 max_update=2.363267e-03
forward step   950/2000: mean_particle_distance=1.31294102 rms_radius=0.98098476 max_force=2.301144e+00 max_update=2.301144e-03
forward step   975/2000: mean_particle_distance=1.30280910 rms_radius=0.97276565 max_force=2.240146e+00 max_update=2.240146e-03
forward step  1000/2000: mean_particle_distance=1.29334704 rms_radius=0.96508744 max_force=2.180201e+00 max_update=2.180201e-03
forward step  1025/2000: mean_particle_distance=1.28452206 rms_radius=0.95792435 max_force=2.121233e+00 max_update=2.121233e-03
forward step  1050/2000: mean_particle_distance=1.27630166 rms_radius=0.95125068 max_force=2.063162e+00 max_update=2.063162e-03
forward step  1075/2000: mean_particle_distance=1.26865378 rms_radius=0.94504101 max_force=2.005906e+00 max_update=2.005906e-03
forward step  1100/2000: mean_particle_distance=1.26154693 rms_radius=0.93927025 max_force=1.949379e+00 max_update=1.949379e-03
forward step  1125/2000: mean_particle_distance=1.25495034 rms_radius=0.93391379 max_force=1.893488e+00 max_update=1.893488e-03
forward step  1150/2000: mean_particle_distance=1.24883405 rms_radius=0.92894760 max_force=1.838138e+00 max_update=1.838138e-03
forward step  1175/2000: mean_particle_distance=1.24316904 rms_radius=0.92434832 max_force=1.783231e+00 max_update=1.783231e-03
forward step  1200/2000: mean_particle_distance=1.23792727 rms_radius=0.92009331 max_force=1.728661e+00 max_update=1.728661e-03
forward step  1225/2000: mean_particle_distance=1.23308180 rms_radius=0.91616076 max_force=1.674320e+00 max_update=1.674320e-03
forward step  1250/2000: mean_particle_distance=1.22860677 rms_radius=0.91252970 max_force=1.620097e+00 max_update=1.620097e-03
forward step  1275/2000: mean_particle_distance=1.22447748 rms_radius=0.90918005 max_force=1.565877e+00 max_update=1.565877e-03
forward step  1300/2000: mean_particle_distance=1.22067041 rms_radius=0.90609265 max_force=1.511545e+00 max_update=1.511545e-03
forward step  1325/2000: mean_particle_distance=1.21716320 rms_radius=0.90324926 max_force=1.456988e+00 max_update=1.456988e-03
forward step  1350/2000: mean_particle_distance=1.21393467 rms_radius=0.90063258 max_force=1.402095e+00 max_update=1.402095e-03
forward step  1375/2000: mean_particle_distance=1.21096478 rms_radius=0.89822626 max_force=1.346767e+00 max_update=1.346767e-03
forward step  1400/2000: mean_particle_distance=1.20823463 rms_radius=0.89601483 max_force=1.290914e+00 max_update=1.290914e-03
forward step  1425/2000: mean_particle_distance=1.20572646 rms_radius=0.89398375 max_force=1.234471e+00 max_update=1.234471e-03
forward step  1450/2000: mean_particle_distance=1.20342355 rms_radius=0.89211937 max_force=1.177398e+00 max_update=1.177398e-03
forward step  1475/2000: mean_particle_distance=1.20131026 rms_radius=0.89040887 max_force=1.119695e+00 max_update=1.119695e-03
forward step  1500/2000: mean_particle_distance=1.19937192 rms_radius=0.88884028 max_force=1.061410e+00 max_update=1.061410e-03
forward step  1525/2000: mean_particle_distance=1.19759488 rms_radius=0.88740243 max_force=1.002653e+00 max_update=1.002653e-03
forward step  1550/2000: mean_particle_distance=1.19596636 rms_radius=0.88608490 max_force=9.436025e-01 max_update=9.436025e-04
forward step  1575/2000: mean_particle_distance=1.19447450 rms_radius=0.88487799 max_force=8.845195e-01 max_update=8.845195e-04
forward step  1600/2000: mean_particle_distance=1.19310828 rms_radius=0.88377273 max_force=8.257469e-01 max_update=8.257469e-04
forward step  1625/2000: mean_particle_distance=1.19185745 rms_radius=0.88276078 max_force=7.677064e-01 max_update=7.677064e-04
forward step  1650/2000: mean_particle_distance=1.19071253 rms_radius=0.88183442 max_force=7.108838e-01 max_update=7.108838e-04
forward step  1675/2000: mean_particle_distance=1.18966476 rms_radius=0.88098652 max_force=6.558029e-01 max_update=6.558029e-04
forward step  1700/2000: mean_particle_distance=1.18870603 rms_radius=0.88021051 max_force=6.029899e-01 max_update=6.029899e-04
forward step  1725/2000: mean_particle_distance=1.18782885 rms_radius=0.87950032 max_force=5.529318e-01 max_update=5.529318e-04
forward step  1750/2000: mean_particle_distance=1.18702634 rms_radius=0.87885038 max_force=5.060359e-01 max_update=5.060359e-04
forward step  1775/2000: mean_particle_distance=1.18629215 rms_radius=0.87825554 max_force=4.625976e-01 max_update=4.625976e-04
forward step  1800/2000: mean_particle_distance=1.18562045 rms_radius=0.87771109 max_force=4.227820e-01 max_update=4.227820e-04
forward step  1825/2000: mean_particle_distance=1.18500587 rms_radius=0.87721272 max_force=3.866223e-01 max_update=3.866223e-04
forward step  1850/2000: mean_particle_distance=1.18444350 rms_radius=0.87675644 max_force=3.540326e-01 max_update=3.540326e-04
forward step  1875/2000: mean_particle_distance=1.18392883 rms_radius=0.87633863 max_force=3.248314e-01 max_update=3.248314e-04
forward step  1900/2000: mean_particle_distance=1.18345773 rms_radius=0.87595596 max_force=2.987709e-01 max_update=2.987709e-04
forward step  1925/2000: mean_particle_distance=1.18302642 rms_radius=0.87560539 max_force=2.755642e-01 max_update=2.755642e-04
forward step  1950/2000: mean_particle_distance=1.18263144 rms_radius=0.87528414 max_force=2.549105e-01 max_update=2.549105e-04
forward step  1975/2000: mean_particle_distance=1.18226963 rms_radius=0.87498967 max_force=2.423326e-01 max_update=2.423326e-04
forward step  2000/2000: mean_particle_distance=1.18193812 rms_radius=0.87471966 max_force=2.318607e-01 max_update=2.318607e-04
pass 2, target removed: 2560 particles in one pooled plane
forward step     0/2000: mean_particle_distance=2.44773355 rms_radius=1.88997382 max_force=0.000000e+00 max_update=0.000000e+00
forward step    25/2000: mean_particle_distance=2.39861485 rms_radius=1.84959662 max_force=5.885708e+00 max_update=5.885708e-03
forward step    50/2000: mean_particle_distance=2.34867821 rms_radius=1.80930410 max_force=5.740168e+00 max_update=5.740168e-03
forward step    75/2000: mean_particle_distance=2.29929143 rms_radius=1.76971703 max_force=5.598214e+00 max_update=5.598214e-03
forward step   100/2000: mean_particle_distance=2.25084678 rms_radius=1.73101821 max_force=5.459757e+00 max_update=5.459757e-03
forward step   125/2000: mean_particle_distance=2.20351696 rms_radius=1.69328620 max_force=5.324709e+00 max_update=5.324709e-03
forward step   150/2000: mean_particle_distance=2.15739074 rms_radius=1.65655894 max_force=5.192985e+00 max_update=5.192985e-03
forward step   175/2000: mean_particle_distance=2.11251676 rms_radius=1.62085488 max_force=5.064502e+00 max_update=5.064502e-03
forward step   200/2000: mean_particle_distance=2.06892168 rms_radius=1.58618184 max_force=4.939177e+00 max_update=4.939177e-03
forward step   225/2000: mean_particle_distance=2.02661909 rms_radius=1.55254136 max_force=4.816931e+00 max_update=4.816931e-03
forward step   250/2000: mean_particle_distance=1.98561424 rms_radius=1.51993101 max_force=4.697685e+00 max_update=4.697685e-03
forward step   275/2000: mean_particle_distance=1.94590680 rms_radius=1.48834583 max_force=4.581364e+00 max_update=4.581364e-03
forward step   300/2000: mean_particle_distance=1.90749252 rms_radius=1.45777907 max_force=4.467893e+00 max_update=4.467893e-03
forward step   325/2000: mean_particle_distance=1.87036433 rms_radius=1.42822276 max_force=4.357199e+00 max_update=4.357199e-03
forward step   350/2000: mean_particle_distance=1.83451301 rms_radius=1.39966798 max_force=4.249209e+00 max_update=4.249209e-03
forward step   375/2000: mean_particle_distance=1.79992767 rms_radius=1.37210513 max_force=4.143854e+00 max_update=4.143854e-03
forward step   400/2000: mean_particle_distance=1.76659603 rms_radius=1.34552399 max_force=4.041066e+00 max_update=4.041066e-03
forward step   425/2000: mean_particle_distance=1.73450464 rms_radius=1.31991382 max_force=3.940776e+00 max_update=3.940776e-03
forward step   450/2000: mean_particle_distance=1.70363903 rms_radius=1.29526340 max_force=3.842919e+00 max_update=3.842919e-03
forward step   475/2000: mean_particle_distance=1.67398375 rms_radius=1.27156101 max_force=3.747430e+00 max_update=3.747430e-03
forward step   500/2000: mean_particle_distance=1.64552244 rms_radius=1.24879445 max_force=3.654244e+00 max_update=3.654244e-03
forward step   525/2000: mean_particle_distance=1.61823788 rms_radius=1.22695097 max_force=3.563298e+00 max_update=3.563298e-03
forward step   550/2000: mean_particle_distance=1.59211194 rms_radius=1.20601728 max_force=3.474531e+00 max_update=3.474531e-03
forward step   575/2000: mean_particle_distance=1.56712561 rms_radius=1.18597948 max_force=3.387881e+00 max_update=3.387881e-03
forward step   600/2000: mean_particle_distance=1.54325895 rms_radius=1.16682303 max_force=3.303287e+00 max_update=3.303287e-03
forward step   625/2000: mean_particle_distance=1.52049106 rms_radius=1.14853266 max_force=3.220688e+00 max_update=3.220688e-03
forward step   650/2000: mean_particle_distance=1.49880008 rms_radius=1.13109237 max_force=3.140027e+00 max_update=3.140027e-03
forward step   675/2000: mean_particle_distance=1.47816310 rms_radius=1.11448535 max_force=3.061242e+00 max_update=3.061242e-03
forward step   700/2000: mean_particle_distance=1.45855618 rms_radius=1.09869394 max_force=2.984276e+00 max_update=2.984276e-03
forward step   725/2000: mean_particle_distance=1.43995428 rms_radius=1.08369961 max_force=2.909068e+00 max_update=2.909068e-03
forward step   750/2000: mean_particle_distance=1.42233129 rms_radius=1.06948292 max_force=2.835559e+00 max_update=2.835559e-03
forward step   775/2000: mean_particle_distance=1.40566001 rms_radius=1.05602354 max_force=2.763691e+00 max_update=2.763691e-03
forward step   800/2000: mean_particle_distance=1.38991222 rms_radius=1.04330022 max_force=2.693402e+00 max_update=2.693402e-03
forward step   825/2000: mean_particle_distance=1.37505866 rms_radius=1.03129087 max_force=2.624632e+00 max_update=2.624632e-03
forward step   850/2000: mean_particle_distance=1.36106917 rms_radius=1.01997256 max_force=2.557320e+00 max_update=2.557320e-03
forward step   875/2000: mean_particle_distance=1.34791277 rms_radius=1.00932163 max_force=2.491402e+00 max_update=2.491402e-03
forward step   900/2000: mean_particle_distance=1.33555778 rms_radius=0.99931376 max_force=2.426815e+00 max_update=2.426815e-03
forward step   925/2000: mean_particle_distance=1.32397194 rms_radius=0.98992407 max_force=2.363491e+00 max_update=2.363491e-03
forward step   950/2000: mean_particle_distance=1.31312263 rms_radius=0.98112726 max_force=2.301364e+00 max_update=2.301364e-03
forward step   975/2000: mean_particle_distance=1.30297696 rms_radius=0.97289771 max_force=2.240363e+00 max_update=2.240363e-03
forward step  1000/2000: mean_particle_distance=1.29350200 rms_radius=0.96520966 max_force=2.180415e+00 max_update=2.180415e-03
forward step  1025/2000: mean_particle_distance=1.28466495 rms_radius=0.95803729 max_force=2.121444e+00 max_update=2.121444e-03
forward step  1050/2000: mean_particle_distance=1.27643325 rms_radius=0.95135492 max_force=2.063371e+00 max_update=2.063371e-03
forward step  1075/2000: mean_particle_distance=1.26877482 rms_radius=0.94513706 max_force=2.006113e+00 max_update=2.006113e-03
forward step  1100/2000: mean_particle_distance=1.26165811 rms_radius=0.93935863 max_force=1.949584e+00 max_update=1.949584e-03
forward step  1125/2000: mean_particle_distance=1.25505233 rms_radius=0.93399499 max_force=1.893692e+00 max_update=1.893692e-03
forward step  1150/2000: mean_particle_distance=1.24892748 rms_radius=0.92902208 max_force=1.838342e+00 max_update=1.838342e-03
forward step  1175/2000: mean_particle_distance=1.24325449 rms_radius=0.92441651 max_force=1.783435e+00 max_update=1.783435e-03
forward step  1200/2000: mean_particle_distance=1.23800530 rms_radius=0.92015564 max_force=1.728865e+00 max_update=1.728865e-03
forward step  1225/2000: mean_particle_distance=1.23315292 rms_radius=0.91621762 max_force=1.674526e+00 max_update=1.674526e-03
forward step  1250/2000: mean_particle_distance=1.22867147 rms_radius=0.91258145 max_force=1.620305e+00 max_update=1.620305e-03
forward step  1275/2000: mean_particle_distance=1.22453622 rms_radius=0.90922704 max_force=1.566088e+00 max_update=1.566088e-03
forward step  1300/2000: mean_particle_distance=1.22072360 rms_radius=0.90613521 max_force=1.511760e+00 max_update=1.511760e-03
forward step  1325/2000: mean_particle_distance=1.21721124 rms_radius=0.90328770 max_force=1.457208e+00 max_update=1.457208e-03
forward step  1350/2000: mean_particle_distance=1.21397792 rms_radius=0.90066719 max_force=1.402321e+00 max_update=1.402321e-03
forward step  1375/2000: mean_particle_distance=1.21100359 rms_radius=0.89825729 max_force=1.346999e+00 max_update=1.346999e-03
forward step  1400/2000: mean_particle_distance=1.20826933 rms_radius=0.89604255 max_force=1.291154e+00 max_update=1.291154e-03
forward step  1425/2000: mean_particle_distance=1.20575733 rms_radius=0.89400839 max_force=1.234718e+00 max_update=1.234718e-03
forward step  1450/2000: mean_particle_distance=1.20345087 rms_radius=0.89214115 max_force=1.177654e+00 max_update=1.177654e-03
forward step  1475/2000: mean_particle_distance=1.20133429 rms_radius=0.89042801 max_force=1.119960e+00 max_update=1.119960e-03
forward step  1500/2000: mean_particle_distance=1.19939292 rms_radius=0.88885697 max_force=1.061684e+00 max_update=1.061684e-03
forward step  1525/2000: mean_particle_distance=1.19761305 rms_radius=0.88741684 max_force=1.002934e+00 max_update=1.002934e-03
forward step  1550/2000: mean_particle_distance=1.19598193 rms_radius=0.88609720 max_force=9.438897e-01 max_update=9.438897e-04
forward step  1575/2000: mean_particle_distance=1.19448766 rms_radius=0.88488835 max_force=8.848097e-01 max_update=8.848097e-04
forward step  1600/2000: mean_particle_distance=1.19311921 rms_radius=0.88378129 max_force=8.260364e-01 max_update=8.260364e-04
forward step  1625/2000: mean_particle_distance=1.19186632 rms_radius=0.88276768 max_force=7.679904e-01 max_update=7.679904e-04
forward step  1650/2000: mean_particle_distance=1.19071951 rms_radius=0.88183979 max_force=7.111570e-01 max_update=7.111570e-04
forward step  1675/2000: mean_particle_distance=1.18966999 rms_radius=0.88099048 max_force=6.560598e-01 max_update=6.560598e-04
forward step  1700/2000: mean_particle_distance=1.18870965 rms_radius=0.88021316 max_force=6.032254e-01 max_update=6.032254e-04
forward step  1725/2000: mean_particle_distance=1.18783099 rms_radius=0.87950178 max_force=5.531416e-01 max_update=5.531416e-04
forward step  1750/2000: mean_particle_distance=1.18702712 rms_radius=0.87885073 max_force=5.062172e-01 max_update=5.062172e-04
forward step  1775/2000: mean_particle_distance=1.18629168 rms_radius=0.87825488 max_force=4.627492e-01 max_update=4.627492e-04
forward step  1800/2000: mean_particle_distance=1.18561883 rms_radius=0.87770951 max_force=4.229042e-01 max_update=4.229042e-04
forward step  1825/2000: mean_particle_distance=1.18500320 rms_radius=0.87721028 max_force=3.867168e-01 max_update=3.867168e-04
forward step  1850/2000: mean_particle_distance=1.18443986 rms_radius=0.87675322 max_force=3.541016e-01 max_update=3.541016e-04
forward step  1875/2000: mean_particle_distance=1.18392430 rms_radius=0.87633469 max_force=3.248779e-01 max_update=3.248779e-04
forward step  1900/2000: mean_particle_distance=1.18345239 rms_radius=0.87595136 max_force=2.987971e-01 max_update=2.987971e-04
forward step  1925/2000: mean_particle_distance=1.18302034 rms_radius=0.87560019 max_force=2.755721e-01 max_update=2.755721e-04
forward step  1950/2000: mean_particle_distance=1.18262468 rms_radius=0.87527839 max_force=2.549014e-01 max_update=2.549014e-04
forward step  1975/2000: mean_particle_distance=1.18226226 rms_radius=0.87498342 max_force=2.422982e-01 max_update=2.422982e-04
forward step  2000/2000: mean_particle_distance=1.18193018 rms_radius=0.87471294 max_force=2.318338e-01 max_update=2.318338e-04
backward step     0/2000
  vertex: median_particle_distance=1.30171911 mean_total_displacement=0.000000e+00 witness_total=[ 0.48264 -1.04768 -0.89711  1.03426]
backward step    25/2000
  vertex: median_particle_distance=1.30282113 mean_total_displacement=1.782939e-04 witness_total=[ 0.48563 -1.04751 -0.89634  1.03122]
backward step    50/2000
  vertex: median_particle_distance=1.30400179 mean_total_displacement=1.861651e-04 witness_total=[ 0.48885 -1.04737 -0.89557  1.02808]
backward step    75/2000
  vertex: median_particle_distance=1.30525470 mean_total_displacement=1.932212e-04 witness_total=[ 0.49226 -1.04725 -0.89481  1.02487]
backward step   100/2000
  vertex: median_particle_distance=1.30657992 mean_total_displacement=2.001140e-04 witness_total=[ 0.49586 -1.04718 -0.89405  1.02161]
backward step   125/2000
  vertex: median_particle_distance=1.30798033 mean_total_displacement=2.071098e-04 witness_total=[ 0.49967 -1.04714 -0.89332  1.0183 ]
backward step   150/2000
  vertex: median_particle_distance=1.30946018 mean_total_displacement=2.143211e-04 witness_total=[ 0.50367 -1.04713 -0.89261  1.01495]
backward step   175/2000
  vertex: median_particle_distance=1.31102451 mean_total_displacement=2.217993e-04 witness_total=[ 0.5079  -1.04717 -0.89192  1.01157]
backward step   200/2000
  vertex: median_particle_distance=1.31267894 mean_total_displacement=2.295702e-04 witness_total=[ 0.51234 -1.04726 -0.89127  1.00815]
backward step   225/2000
  vertex: median_particle_distance=1.31442961 mean_total_displacement=2.376494e-04 witness_total=[ 0.51703 -1.04739 -0.89065  1.00471]
backward step   250/2000
  vertex: median_particle_distance=1.31628316 mean_total_displacement=2.460465e-04 witness_total=[ 0.52195 -1.04757 -0.89007  1.00126]
backward step   275/2000
  vertex: median_particle_distance=1.31824678 mean_total_displacement=2.547678e-04 witness_total=[ 0.52713 -1.04781 -0.88954  0.99778]
backward step   300/2000
  vertex: median_particle_distance=1.32032822 mean_total_displacement=2.638160e-04 witness_total=[ 0.53258 -1.04811 -0.88906  0.99431]
backward step   325/2000
  vertex: median_particle_distance=1.32253588 mean_total_displacement=2.731906e-04 witness_total=[ 0.5383  -1.04848 -0.88864  0.99083]
backward step   350/2000
  vertex: median_particle_distance=1.32487882 mean_total_displacement=2.828874e-04 witness_total=[ 0.54431 -1.04892 -0.88829  0.98737]
backward step   375/2000
  vertex: median_particle_distance=1.32736690 mean_total_displacement=2.928988e-04 witness_total=[ 0.5506  -1.04944 -0.888    0.98393]
backward step   400/2000
  vertex: median_particle_distance=1.33001077 mean_total_displacement=3.032142e-04 witness_total=[ 0.5572  -1.05005 -0.88779  0.98052]
backward step   425/2000
  vertex: median_particle_distance=1.33282204 mean_total_displacement=3.138203e-04 witness_total=[ 0.56411 -1.05075 -0.88766  0.97716]
backward step   450/2000
  vertex: median_particle_distance=1.33581334 mean_total_displacement=3.247029e-04 witness_total=[ 0.57134 -1.05156 -0.88762  0.97386]
backward step   475/2000
  vertex: median_particle_distance=1.33899841 mean_total_displacement=3.358482e-04 witness_total=[ 0.57889 -1.05248 -0.88769  0.97064]
backward step   500/2000
  vertex: median_particle_distance=1.34239226 mean_total_displacement=3.472455e-04 witness_total=[ 0.58677 -1.05353 -0.88787  0.9675 ]
backward step   525/2000
  vertex: median_particle_distance=1.34601126 mean_total_displacement=3.588902e-04 witness_total=[ 0.59498 -1.05472 -0.88817  0.96448]
backward step   550/2000
  vertex: median_particle_distance=1.34987329 mean_total_displacement=3.707876e-04 witness_total=[ 0.60352 -1.05607 -0.88861  0.96159]
backward step   575/2000
  vertex: median_particle_distance=1.35399788 mean_total_displacement=3.829575e-04 witness_total=[ 0.61239 -1.05758 -0.88921  0.95886]
backward step   600/2000
  vertex: median_particle_distance=1.35840636 mean_total_displacement=3.954394e-04 witness_total=[ 0.6216  -1.05927 -0.88999  0.9563 ]
backward step   625/2000
  vertex: median_particle_distance=1.36312194 mean_total_displacement=4.082989e-04 witness_total=[ 0.63113 -1.06117 -0.89097  0.95395]
backward step   650/2000
  vertex: median_particle_distance=1.36816992 mean_total_displacement=4.216332e-04 witness_total=[ 0.641   -1.06329 -0.89218  0.95183]
backward step   675/2000
  vertex: median_particle_distance=1.37357770 mean_total_displacement=4.355783e-04 witness_total=[ 0.65118 -1.06566 -0.89365  0.94998]
backward step   700/2000
  vertex: median_particle_distance=1.37937491 mean_total_displacement=4.503130e-04 witness_total=[ 0.66168 -1.0683  -0.89542  0.94843]
backward step   725/2000
  vertex: median_particle_distance=1.38559335 mean_total_displacement=4.660614e-04 witness_total=[ 0.67248 -1.07123 -0.89753  0.94721]
backward step   750/2000
  vertex: median_particle_distance=1.39226701 mean_total_displacement=4.830907e-04 witness_total=[ 0.68359 -1.07449 -0.90003  0.94637]
backward step   775/2000
  vertex: median_particle_distance=1.39943189 mean_total_displacement=5.017019e-04 witness_total=[ 0.69498 -1.07811 -0.90297  0.94594]
backward step   800/2000
  vertex: median_particle_distance=1.40712586 mean_total_displacement=5.222137e-04 witness_total=[ 0.70665 -1.0821  -0.9064   0.94595]
backward step   825/2000
  vertex: median_particle_distance=1.41538839 mean_total_displacement=5.449404e-04 witness_total=[ 0.71859 -1.08651 -0.91038  0.94647]
backward step   850/2000
  vertex: median_particle_distance=1.42426024 mean_total_displacement=5.701656e-04 witness_total=[ 0.73079 -1.09137 -0.91496  0.94752]
backward step   875/2000
  vertex: median_particle_distance=1.43378320 mean_total_displacement=5.981177e-04 witness_total=[ 0.74324 -1.09669 -0.9202   0.94915]
backward step   900/2000
  vertex: median_particle_distance=1.44399969 mean_total_displacement=6.289521e-04 witness_total=[ 0.75593 -1.10252 -0.92615  0.9514 ]
backward step   925/2000
  vertex: median_particle_distance=1.45495249 mean_total_displacement=6.627433e-04 witness_total=[ 0.76885 -1.10886 -0.93287  0.95431]
backward step   950/2000
  vertex: median_particle_distance=1.46668437 mean_total_displacement=6.994886e-04 witness_total=[ 0.78201 -1.11575 -0.94039  0.95794]
backward step   975/2000
  vertex: median_particle_distance=1.47923786 mean_total_displacement=7.391217e-04 witness_total=[ 0.79539 -1.1232  -0.94877  0.9623 ]
backward step  1000/2000
  vertex: median_particle_distance=1.49265494 mean_total_displacement=7.815307e-04 witness_total=[ 0.809   -1.13122 -0.95804  0.96745]
backward step  1025/2000
  vertex: median_particle_distance=1.50697683 mean_total_displacement=8.265772e-04 witness_total=[ 0.82283 -1.13984 -0.96822  0.97342]
backward step  1050/2000
  vertex: median_particle_distance=1.52224383 mean_total_displacement=8.741135e-04 witness_total=[ 0.83689 -1.14905 -0.97934  0.98023]
backward step  1075/2000
  vertex: median_particle_distance=1.53849516 mean_total_displacement=9.239931e-04 witness_total=[ 0.85119 -1.15887 -0.99142  0.98792]
backward step  1100/2000
  vertex: median_particle_distance=1.55576896 mean_total_displacement=9.760765e-04 witness_total=[ 0.86576 -1.1693  -1.00447  0.9965 ]
backward step  1125/2000
  vertex: median_particle_distance=1.57410220 mean_total_displacement=1.030230e-03 witness_total=[ 0.8806  -1.18037 -1.0185   1.00601]
backward step  1150/2000
  vertex: median_particle_distance=1.59353073 mean_total_displacement=1.086319e-03 witness_total=[ 0.89575 -1.19207 -1.03353  1.01645]
backward step  1175/2000
  vertex: median_particle_distance=1.61408923 mean_total_displacement=1.144200e-03 witness_total=[ 0.91124 -1.20441 -1.04956  1.02783]
backward step  1200/2000
  vertex: median_particle_distance=1.63581125 mean_total_displacement=1.203705e-03 witness_total=[ 0.92713 -1.21741 -1.06658  1.04016]
backward step  1225/2000
  vertex: median_particle_distance=1.65872912 mean_total_displacement=1.264634e-03 witness_total=[ 0.94345 -1.23106 -1.0846   1.05343]
backward step  1250/2000
  vertex: median_particle_distance=1.68287385 mean_total_displacement=1.326743e-03 witness_total=[ 0.96028 -1.24536 -1.10361  1.06765]
backward step  1275/2000
  vertex: median_particle_distance=1.70827501 mean_total_displacement=1.389739e-03 witness_total=[ 0.97765 -1.26032 -1.1236   1.08279]
backward step  1300/2000
  vertex: median_particle_distance=1.73496062 mean_total_displacement=1.453286e-03 witness_total=[ 0.99565 -1.27593 -1.14457  1.09886]
backward step  1325/2000
  vertex: median_particle_distance=1.76295702 mean_total_displacement=1.517014e-03 witness_total=[ 1.0143  -1.29218 -1.16649  1.11584]
backward step  1350/2000
  vertex: median_particle_distance=1.79228893 mean_total_displacement=1.580537e-03 witness_total=[ 1.03367 -1.30907 -1.18935  1.13369]
backward step  1375/2000
  vertex: median_particle_distance=1.82297956 mean_total_displacement=1.643473e-03 witness_total=[ 1.05379 -1.32658 -1.21312  1.15242]
backward step  1400/2000
  vertex: median_particle_distance=1.85505089 mean_total_displacement=1.705473e-03 witness_total=[ 1.07467 -1.34471 -1.23776  1.17198]
backward step  1425/2000
  vertex: median_particle_distance=1.88852410 mean_total_displacement=1.766234e-03 witness_total=[ 1.09634 -1.36346 -1.26326  1.19236]
backward step  1450/2000
  vertex: median_particle_distance=1.92342001 mean_total_displacement=1.825522e-03 witness_total=[ 1.11877 -1.38281 -1.28956  1.21355]
backward step  1475/2000
  vertex: median_particle_distance=1.95975962 mean_total_displacement=1.883168e-03 witness_total=[ 1.14198 -1.40275 -1.31665  1.23551]
backward step  1500/2000
  vertex: median_particle_distance=1.99756447 mean_total_displacement=1.939075e-03 witness_total=[ 1.16592 -1.42328 -1.34448  1.25823]
backward step  1525/2000
  vertex: median_particle_distance=2.03685704 mean_total_displacement=1.993215e-03 witness_total=[ 1.19058 -1.44438 -1.37303  1.28171]
backward step  1550/2000
  vertex: median_particle_distance=2.07766088 mean_total_displacement=2.045625e-03 witness_total=[ 1.21593 -1.46603 -1.40225  1.30592]
backward step  1575/2000
  vertex: median_particle_distance=2.12000062 mean_total_displacement=2.096407e-03 witness_total=[ 1.24193 -1.48821 -1.43214  1.33088]
backward step  1600/2000
  vertex: median_particle_distance=2.16390188 mean_total_displacement=2.145723e-03 witness_total=[ 1.26856 -1.51088 -1.46264  1.35658]
backward step  1625/2000
  vertex: median_particle_distance=2.20939091 mean_total_displacement=2.193785e-03 witness_total=[ 1.29579 -1.53403 -1.49376  1.38303]
backward step  1650/2000
  vertex: median_particle_distance=2.25649429 mean_total_displacement=2.240833e-03 witness_total=[ 1.32361 -1.5576  -1.52547  1.41025]
backward step  1675/2000
  vertex: median_particle_distance=2.30523854 mean_total_displacement=2.287088e-03 witness_total=[ 1.35198 -1.58157 -1.55777  1.43824]
backward step  1700/2000
  vertex: median_particle_distance=2.35564989 mean_total_displacement=2.332689e-03 witness_total=[ 1.3809  -1.60588 -1.59066  1.46702]
backward step  1725/2000
  vertex: median_particle_distance=2.40775414 mean_total_displacement=2.377615e-03 witness_total=[ 1.41036 -1.63049 -1.62415  1.49659]
backward step  1750/2000
  vertex: median_particle_distance=2.46157668 mean_total_displacement=2.421595e-03 witness_total=[ 1.44034 -1.65533 -1.65826  1.52695]
backward step  1775/2000
  vertex: median_particle_distance=2.51714268 mean_total_displacement=2.464002e-03 witness_total=[ 1.47084 -1.68033 -1.69303  1.55808]
backward step  1800/2000
  vertex: median_particle_distance=2.57447724 mean_total_displacement=2.503736e-03 witness_total=[ 1.50184 -1.70537 -1.72849  1.58992]
backward step  1825/2000
  vertex: median_particle_distance=2.63360555 mean_total_displacement=2.539032e-03 witness_total=[ 1.5333  -1.73027 -1.7647   1.62242]
backward step  1850/2000
  vertex: median_particle_distance=2.69455297 mean_total_displacement=2.567137e-03 witness_total=[ 1.56518 -1.75479 -1.8017   1.65546]
backward step  1875/2000
  vertex: median_particle_distance=2.75734544 mean_total_displacement=2.583661e-03 witness_total=[ 1.59739 -1.77852 -1.83956  1.68888]
backward step  1900/2000
  vertex: median_particle_distance=2.82201132 mean_total_displacement=2.581228e-03 witness_total=[ 1.62977 -1.80085 -1.87833  1.72239]
backward step  1925/2000
  vertex: median_particle_distance=2.88858993 mean_total_displacement=2.546649e-03 witness_total=[ 1.66205 -1.82067 -1.9181   1.75555]
backward step  1950/2000
  vertex: median_particle_distance=2.95717010 mean_total_displacement=2.456114e-03 witness_total=[ 1.69364 -1.83588 -1.95895  1.78753]
backward step  1975/2000
  vertex: median_particle_distance=3.02811216 mean_total_displacement=2.305186e-03 witness_total=[ 1.7228  -1.84119 -2.00107  1.81685]
backward step  2000/2000
  vertex: median_particle_distance=3.10472215 mean_total_displacement=5.330764e-03 witness_total=[ 1.73819 -1.80584 -2.04668  1.84939]
backward step     0/2000
  shared_d1: median_particle_distance=0.75562809 mean_total_displacement=0.000000e+00 witness_total=[0.18495 1.0579  0.94775 1.17946]
backward step    25/2000
  shared_d1: median_particle_distance=0.75448254 mean_total_displacement=8.818283e-04 witness_total=[0.18514 1.06357 0.9672  1.17811]
backward step    50/2000
  shared_d1: median_particle_distance=0.75325209 mean_total_displacement=1.072868e-03 witness_total=[0.18602 1.06944 0.99072 1.17561]
backward step    75/2000
  shared_d1: median_particle_distance=0.75185619 mean_total_displacement=1.348896e-03 witness_total=[0.18787 1.07513 1.01999 1.1713 ]
backward step   100/2000
  shared_d1: median_particle_distance=0.75019517 mean_total_displacement=1.723028e-03 witness_total=[0.191   1.0799  1.05735 1.16429]
backward step   125/2000
  shared_d1: median_particle_distance=0.74826584 mean_total_displacement=1.969567e-03 witness_total=[0.19524 1.08214 1.10328 1.15493]
backward step   150/2000
  shared_d1: median_particle_distance=0.74675708 mean_total_displacement=1.605902e-03 witness_total=[0.19881 1.0795  1.14823 1.14795]
backward step   175/2000
  shared_d1: median_particle_distance=0.74727007 mean_total_displacement=1.117561e-03 witness_total=[0.20037 1.07179 1.1803  1.1468 ]
backward step   200/2000
  shared_d1: median_particle_distance=0.75040463 mean_total_displacement=1.013541e-03 witness_total=[0.20093 1.05909 1.20248 1.14998]
backward step   225/2000
  shared_d1: median_particle_distance=0.75555375 mean_total_displacement=9.974621e-04 witness_total=[0.20156 1.04196 1.22055 1.15561]
backward step   250/2000
  shared_d1: median_particle_distance=0.76007067 mean_total_displacement=6.590765e-04 witness_total=[0.20204 1.0271  1.23455 1.16079]
backward step   275/2000
  shared_d1: median_particle_distance=0.76185345 mean_total_displacement=3.301316e-04 witness_total=[0.20164 1.01995 1.24348 1.16335]
backward step   300/2000
  shared_d1: median_particle_distance=0.76164376 mean_total_displacement=2.052181e-04 witness_total=[0.20037 1.018   1.24923 1.16388]
backward step   325/2000
  shared_d1: median_particle_distance=0.76042573 mean_total_displacement=1.819149e-04 witness_total=[0.19847 1.01809 1.25349 1.16324]
backward step   350/2000
  shared_d1: median_particle_distance=0.75865290 mean_total_displacement=1.892471e-04 witness_total=[0.19604 1.01847 1.25703 1.1617 ]
backward step   375/2000
  shared_d1: median_particle_distance=0.75646198 mean_total_displacement=2.271505e-04 witness_total=[0.193   1.01814 1.26021 1.15911]
backward step   400/2000
  shared_d1: median_particle_distance=0.75383272 mean_total_displacement=3.204445e-04 witness_total=[0.18909 1.01625 1.26317 1.1549 ]
backward step   425/2000
  shared_d1: median_particle_distance=0.75067387 mean_total_displacement=4.889559e-04 witness_total=[0.18386 1.01187 1.26598 1.14811]
backward step   450/2000
  shared_d1: median_particle_distance=0.74699422 mean_total_displacement=6.710375e-04 witness_total=[0.17678 1.00436 1.26858 1.13786]
backward step   475/2000
  shared_d1: median_particle_distance=0.74340062 mean_total_displacement=5.632498e-04 witness_total=[0.1688  0.99583 1.27051 1.12664]
backward step   500/2000
  shared_d1: median_particle_distance=0.74087483 mean_total_displacement=1.989986e-04 witness_total=[0.16293 0.99157 1.27126 1.12107]
backward step   525/2000
  shared_d1: median_particle_distance=0.73937343 mean_total_displacement=1.869408e-04 witness_total=[0.15999 0.9924  1.27105 1.12218]
backward step   550/2000
  shared_d1: median_particle_distance=0.73843491 mean_total_displacement=3.078647e-04 witness_total=[0.15897 0.9961  1.27025 1.12717]
backward step   575/2000
  shared_d1: median_particle_distance=0.73782777 mean_total_displacement=3.786576e-04 witness_total=[0.1592  1.00111 1.26904 1.13416]
backward step   600/2000
  shared_d1: median_particle_distance=0.73749356 mean_total_displacement=4.245581e-04 witness_total=[0.16042 1.00659 1.26755 1.1424 ]
backward step   625/2000
  shared_d1: median_particle_distance=0.73745314 mean_total_displacement=4.632112e-04 witness_total=[0.16264 1.01195 1.26584 1.15172]
backward step   650/2000
  shared_d1: median_particle_distance=0.73776549 mean_total_displacement=5.105604e-04 witness_total=[0.16605 1.0165  1.26394 1.16229]
backward step   675/2000
  shared_d1: median_particle_distance=0.73852337 mean_total_displacement=5.931975e-04 witness_total=[0.17099 1.01928 1.2617  1.17456]
backward step   700/2000
  shared_d1: median_particle_distance=0.73987700 mean_total_displacement=7.415339e-04 witness_total=[0.17804 1.01903 1.25872 1.18926]
backward step   725/2000
  shared_d1: median_particle_distance=0.74197733 mean_total_displacement=8.798623e-04 witness_total=[0.18737 1.01508 1.25492 1.20679]
backward step   750/2000
  shared_d1: median_particle_distance=0.74448599 mean_total_displacement=7.723834e-04 witness_total=[0.19631 1.01022 1.25273 1.22515]
backward step   775/2000
  shared_d1: median_particle_distance=0.74656314 mean_total_displacement=6.339618e-04 witness_total=[0.20095 1.0091  1.25544 1.24121]
backward step   800/2000
  shared_d1: median_particle_distance=0.74806066 mean_total_displacement=6.529649e-04 witness_total=[0.20155 1.012   1.26249 1.25506]
backward step   825/2000
  shared_d1: median_particle_distance=0.74926069 mean_total_displacement=7.117557e-04 witness_total=[0.19992 1.01729 1.27212 1.26801]
backward step   850/2000
  shared_d1: median_particle_distance=0.75037233 mean_total_displacement=7.685851e-04 witness_total=[0.19712 1.02393 1.28331 1.28092]
backward step   875/2000
  shared_d1: median_particle_distance=0.75150176 mean_total_displacement=8.220262e-04 witness_total=[0.19364 1.03144 1.29564 1.29418]
backward step   900/2000
  shared_d1: median_particle_distance=0.75270018 mean_total_displacement=8.748496e-04 witness_total=[0.18968 1.03966 1.30894 1.30799]
backward step   925/2000
  shared_d1: median_particle_distance=0.75399340 mean_total_displacement=9.288656e-04 witness_total=[0.18533 1.0485  1.32317 1.32248]
backward step   950/2000
  shared_d1: median_particle_distance=0.75539601 mean_total_displacement=9.849819e-04 witness_total=[0.18063 1.05798 1.33833 1.3377 ]
backward step   975/2000
  shared_d1: median_particle_distance=0.75691781 mean_total_displacement=1.043616e-03 witness_total=[0.17558 1.06811 1.35445 1.35371]
backward step  1000/2000
  shared_d1: median_particle_distance=0.75856669 mean_total_displacement=1.104946e-03 witness_total=[0.17019 1.07892 1.37155 1.37057]
backward step  1025/2000
  shared_d1: median_particle_distance=0.76034989 mean_total_displacement=1.169026e-03 witness_total=[0.16445 1.09045 1.38968 1.38832]
backward step  1050/2000
  shared_d1: median_particle_distance=0.76227459 mean_total_displacement=1.235848e-03 witness_total=[0.15837 1.10274 1.40886 1.407  ]
backward step  1075/2000
  shared_d1: median_particle_distance=0.76434819 mean_total_displacement=1.305364e-03 witness_total=[0.15194 1.11583 1.42914 1.42668]
backward step  1100/2000
  shared_d1: median_particle_distance=0.76657832 mean_total_displacement=1.377498e-03 witness_total=[0.14519 1.12976 1.45055 1.44738]
backward step  1125/2000
  shared_d1: median_particle_distance=0.76897298 mean_total_displacement=1.452157e-03 witness_total=[0.13811 1.14456 1.47312 1.46917]
backward step  1150/2000
  shared_d1: median_particle_distance=0.77154043 mean_total_displacement=1.529233e-03 witness_total=[0.13072 1.16028 1.49689 1.49208]
backward step  1175/2000
  shared_d1: median_particle_distance=0.77428917 mean_total_displacement=1.608603e-03 witness_total=[0.12303 1.17695 1.52187 1.51617]
backward step  1200/2000
  shared_d1: median_particle_distance=0.77722791 mean_total_displacement=1.690140e-03 witness_total=[0.11507 1.19462 1.54809 1.54147]
backward step  1225/2000
  shared_d1: median_particle_distance=0.78036543 mean_total_displacement=1.773707e-03 witness_total=[0.10686 1.21332 1.57557 1.56803]
backward step  1250/2000
  shared_d1: median_particle_distance=0.78371056 mean_total_displacement=1.859163e-03 witness_total=[0.09842 1.23308 1.60433 1.5959 ]
backward step  1275/2000
  shared_d1: median_particle_distance=0.78727205 mean_total_displacement=1.946363e-03 witness_total=[0.08979 1.25396 1.63438 1.62512]
backward step  1300/2000
  shared_d1: median_particle_distance=0.79105851 mean_total_displacement=2.035164e-03 witness_total=[0.08099 1.27598 1.66572 1.65572]
backward step  1325/2000
  shared_d1: median_particle_distance=0.79507825 mean_total_displacement=2.125421e-03 witness_total=[0.07205 1.29918 1.69835 1.68775]
backward step  1350/2000
  shared_d1: median_particle_distance=0.79933920 mean_total_displacement=2.216997e-03 witness_total=[0.06302 1.3236  1.73229 1.72124]
backward step  1375/2000
  shared_d1: median_particle_distance=0.80384875 mean_total_displacement=2.309762e-03 witness_total=[0.05392 1.34927 1.76751 1.75622]
backward step  1400/2000
  shared_d1: median_particle_distance=0.80861355 mean_total_displacement=2.403603e-03 witness_total=[0.04478 1.37623 1.80402 1.79274]
backward step  1425/2000
  shared_d1: median_particle_distance=0.81363931 mean_total_displacement=2.498429e-03 witness_total=[0.03565 1.4045  1.8418  1.83083]
backward step  1450/2000
  shared_d1: median_particle_distance=0.81893054 mean_total_displacement=2.594177e-03 witness_total=[0.02656 1.43412 1.88083 1.87051]
backward step  1475/2000
  shared_d1: median_particle_distance=0.82449024 mean_total_displacement=2.690824e-03 witness_total=[0.01754 1.46511 1.92109 1.91183]
backward step  1500/2000
  shared_d1: median_particle_distance=0.83031953 mean_total_displacement=2.788392e-03 witness_total=[0.00863 1.4975  1.96257 1.95482]
backward step  1525/2000
  shared_d1: median_particle_distance=0.83641727 mean_total_displacement=2.886956e-03 witness_total=[-1.36072e-04  1.53129e+00  2.00525e+00  1.99954e+00]
backward step  1550/2000
  shared_d1: median_particle_distance=0.84277959 mean_total_displacement=2.986651e-03 witness_total=[-0.00872  1.56651  2.0491   2.04602]
backward step  1575/2000
  shared_d1: median_particle_distance=0.84939942 mean_total_displacement=3.087672e-03 witness_total=[-0.0171   1.60315  2.09411  2.09433]
backward step  1600/2000
  shared_d1: median_particle_distance=0.85626593 mean_total_displacement=3.190273e-03 witness_total=[-0.02523  1.64122  2.14026  2.14453]
backward step  1625/2000
  shared_d1: median_particle_distance=0.86336388 mean_total_displacement=3.294762e-03 witness_total=[-0.0331   1.68072  2.18754  2.19669]
backward step  1650/2000
  shared_d1: median_particle_distance=0.87067286 mean_total_displacement=3.401483e-03 witness_total=[-0.04069  1.72163  2.23595  2.25092]
backward step  1675/2000
  shared_d1: median_particle_distance=0.87816636 mean_total_displacement=3.510791e-03 witness_total=[-0.04798  1.76392  2.28548  2.30729]
backward step  1700/2000
  shared_d1: median_particle_distance=0.88581046 mean_total_displacement=3.623016e-03 witness_total=[-0.05497  1.80758  2.33614  2.36594]
backward step  1725/2000
  shared_d1: median_particle_distance=0.89356222 mean_total_displacement=3.738420e-03 witness_total=[-0.06166  1.85256  2.38793  2.42699]
backward step  1750/2000
  shared_d1: median_particle_distance=0.90136751 mean_total_displacement=3.857165e-03 witness_total=[-0.06805  1.89881  2.44083  2.49059]
backward step  1775/2000
  shared_d1: median_particle_distance=0.90915823 mean_total_displacement=3.979307e-03 witness_total=[-0.07414  1.94626  2.49483  2.55693]
backward step  1800/2000
  shared_d1: median_particle_distance=0.91684853 mean_total_displacement=4.104875e-03 witness_total=[-0.07992  1.99485  2.54988  2.6262 ]
backward step  1825/2000
  shared_d1: median_particle_distance=0.92432957 mean_total_displacement=4.234121e-03 witness_total=[-0.08534  2.04446  2.60586  2.69868]
backward step  1850/2000
  shared_d1: median_particle_distance=0.93146168 mean_total_displacement=4.368093e-03 witness_total=[-0.09026  2.09498  2.66259  2.7747 ]
backward step  1875/2000
  shared_d1: median_particle_distance=0.93806146 mean_total_displacement=4.509904e-03 witness_total=[-0.09446  2.14628  2.71976  2.85475]
backward step  1900/2000
  shared_d1: median_particle_distance=0.94387885 mean_total_displacement=4.667624e-03 witness_total=[-0.09744  2.19822  2.77685  2.9396 ]
backward step  1925/2000
  shared_d1: median_particle_distance=0.94855010 mean_total_displacement=4.861320e-03 witness_total=[-0.09829  2.25066  2.83299  3.03059]
backward step  1950/2000
  shared_d1: median_particle_distance=0.95148438 mean_total_displacement=5.140708e-03 witness_total=[-0.09497  2.30349  2.88659  3.13017]
backward step  1975/2000
  shared_d1: median_particle_distance=0.95153589 mean_total_displacement=5.616596e-03 witness_total=[-0.08197  2.35664  2.93422  3.24284]
backward step  2000/2000
  shared_d1: median_particle_distance=0.94612895 mean_total_displacement=6.712660e-03 witness_total=[-0.0296   2.41301  2.9678   3.36615]
RESULT_DIRECTORY=E:\Desktop\AnewOmni\4.5hypothesis\experiments\10_lambda_frame_particle_sweep\results\002_20260720T200720_834951Z_seed45-46-47\conditions\seed45_p05\runs\001_20260720T200722_305074Z_seed45
generated 2 figure(s)
