EFS parameters: saved config E:\Desktop\AnewOmni\4.5hypothesis\experiments\10_lambda_frame_particle_sweep\best_config.json; warning: selected with a different particles-per-source value
pass 1, target present: 4104 particles in one pooled plane
forward step     0/2000: mean_particle_distance=2.47072120 rms_radius=1.93117874 max_force=0.000000e+00 max_update=0.000000e+00
forward step   100/2000: mean_particle_distance=2.27505967 rms_radius=1.76883211 max_force=5.980976e+00 max_update=5.980976e-03
forward step   200/2000: mean_particle_distance=2.09378683 rms_radius=1.62095453 max_force=5.410769e+00 max_update=5.410769e-03
forward step   300/2000: mean_particle_distance=1.93265069 rms_radius=1.48971074 max_force=4.894542e+00 max_update=4.894542e-03
forward step   400/2000: mean_particle_distance=1.79166078 rms_radius=1.37473164 max_force=4.426992e+00 max_update=4.426992e-03
forward step   500/2000: mean_particle_distance=1.67003860 rms_radius=1.27532519 max_force=4.003231e+00 max_update=4.003231e-03
forward step   600/2000: mean_particle_distance=1.56673198 rms_radius=1.19067968 max_force=3.618703e+00 max_update=3.618703e-03
forward step   700/2000: mean_particle_distance=1.48050817 rms_radius=1.11986758 max_force=3.269066e+00 max_update=3.269066e-03
forward step   800/2000: mean_particle_distance=1.40993795 rms_radius=1.06180300 max_force=2.950045e+00 max_update=2.950045e-03
forward step   900/2000: mean_particle_distance=1.35337626 rms_radius=1.01521152 max_force=2.657217e+00 max_update=2.657217e-03
forward step  1000/2000: mean_particle_distance=1.30899658 rms_radius=0.97864839 max_force=2.385702e+00 max_update=2.385702e-03
forward step  1100/2000: mean_particle_distance=1.27488581 rms_radius=0.95057101 max_force=2.129762e+00 max_update=2.129762e-03
forward step  1200/2000: mean_particle_distance=1.24916667 rms_radius=0.92944140 max_force=1.882442e+00 max_update=1.882442e-03
forward step  1300/2000: mean_particle_distance=1.23010706 rms_radius=0.91382459 max_force=1.635885e+00 max_update=1.635885e-03
forward step  1400/2000: mean_particle_distance=1.21619307 rms_radius=0.90245885 max_force=1.384130e+00 max_update=1.384130e-03
forward step  1500/2000: mean_particle_distance=1.20616284 rms_radius=0.89429088 max_force=1.149579e+00 max_update=1.149579e-03
forward step  1600/2000: mean_particle_distance=1.19900636 rms_radius=0.88847901 max_force=9.289660e-01 max_update=9.289660e-04
forward step  1700/2000: mean_particle_distance=1.19394109 rms_radius=0.88437381 max_force=7.136418e-01 max_update=7.136418e-04
forward step  1800/2000: mean_particle_distance=1.19037605 rms_radius=0.88148777 max_force=5.599214e-01 max_update=5.599214e-04
forward step  1900/2000: mean_particle_distance=1.18787472 rms_radius=0.87946334 max_force=4.547922e-01 max_update=4.547922e-04
forward step  2000/2000: mean_particle_distance=1.18612119 rms_radius=0.87804339 max_force=3.733992e-01 max_update=3.733992e-04
pass 2, target removed: 4096 particles in one pooled plane
forward step     0/2000: mean_particle_distance=2.47027361 rms_radius=1.93103919 max_force=0.000000e+00 max_update=0.000000e+00
forward step   100/2000: mean_particle_distance=2.27475379 rms_radius=1.76874988 max_force=5.980232e+00 max_update=5.980232e-03
forward step   200/2000: mean_particle_distance=2.09357097 rms_radius=1.62090931 max_force=5.410094e+00 max_update=5.410094e-03
forward step   300/2000: mean_particle_distance=1.93250645 rms_radius=1.48969545 max_force=4.893931e+00 max_update=4.893931e-03
forward step   400/2000: mean_particle_distance=1.79157501 rms_radius=1.37474105 max_force=4.426437e+00 max_update=4.426437e-03
forward step   500/2000: mean_particle_distance=1.66999976 rms_radius=1.27535438 max_force=4.002726e+00 max_update=4.002726e-03
forward step   600/2000: mean_particle_distance=1.56672925 rms_radius=1.19072360 max_force=3.618242e+00 max_update=3.618242e-03
forward step   700/2000: mean_particle_distance=1.48053141 rms_radius=1.11992110 max_force=3.268642e+00 max_update=3.268642e-03
forward step   800/2000: mean_particle_distance=1.40997802 rms_radius=1.06186124 max_force=2.949652e+00 max_update=2.949652e-03
forward step   900/2000: mean_particle_distance=1.35342531 rms_radius=1.01527007 max_force=2.656845e+00 max_update=2.656845e-03
forward step  1000/2000: mean_particle_distance=1.30904820 rms_radius=0.97870369 max_force=2.385341e+00 max_update=2.385341e-03
forward step  1100/2000: mean_particle_distance=1.27493514 rms_radius=0.95062043 max_force=2.129397e+00 max_update=2.129397e-03
forward step  1200/2000: mean_particle_distance=1.24921040 rms_radius=0.92948333 max_force=1.882054e+00 max_update=1.882054e-03
forward step  1300/2000: mean_particle_distance=1.23014327 rms_radius=0.91385835 max_force=1.635455e+00 max_update=1.635455e-03
forward step  1400/2000: mean_particle_distance=1.21622113 rms_radius=0.90248458 max_force=1.383656e+00 max_update=1.383656e-03
forward step  1500/2000: mean_particle_distance=1.20618304 rms_radius=0.89430927 max_force=1.149705e+00 max_update=1.149705e-03
forward step  1600/2000: mean_particle_distance=1.19901956 rms_radius=0.88849108 max_force=9.293312e-01 max_update=9.293312e-04
forward step  1700/2000: mean_particle_distance=1.19394838 rms_radius=0.88438066 max_force=7.145306e-01 max_update=7.145306e-04
forward step  1800/2000: mean_particle_distance=1.19037856 rms_radius=0.88149046 max_force=5.598018e-01 max_update=5.598018e-04
forward step  1900/2000: mean_particle_distance=1.18787346 rms_radius=0.87946279 max_force=4.547563e-01 max_update=4.547563e-04
forward step  2000/2000: mean_particle_distance=1.18611701 rms_radius=0.87804035 max_force=3.734084e-01 max_update=3.734084e-04
backward step     0/2000
  vertex: median_particle_distance=1.23072941 mean_total_displacement=0.000000e+00 witness_total=[ 0.04272 -1.78195  1.50203  2.05742]
backward step   100/2000
  vertex: median_particle_distance=1.23529680 mean_total_displacement=1.258518e-04 witness_total=[ 0.04641 -1.79096  1.50844  2.05689]
backward step   200/2000
  vertex: median_particle_distance=1.24099895 mean_total_displacement=1.475428e-04 witness_total=[ 0.04945 -1.80192  1.51594  2.05678]
backward step   300/2000
  vertex: median_particle_distance=1.24817446 mean_total_displacement=1.780744e-04 witness_total=[ 0.05139 -1.81532  1.52481  2.05719]
backward step   400/2000
  vertex: median_particle_distance=1.25733440 mean_total_displacement=2.225491e-04 witness_total=[ 0.05162 -1.83209  1.53549  2.05813]
backward step   500/2000
  vertex: median_particle_distance=1.26918514 mean_total_displacement=2.875143e-04 witness_total=[ 0.04928 -1.85373  1.54835  2.0595 ]
backward step   600/2000
  vertex: median_particle_distance=1.28467450 mean_total_displacement=3.807959e-04 witness_total=[ 0.04317 -1.88253  1.56358  2.061  ]
backward step   700/2000
  vertex: median_particle_distance=1.30503726 mean_total_displacement=5.099794e-04 witness_total=[ 0.03176 -1.92158  1.58096  2.06215]
backward step   800/2000
  vertex: median_particle_distance=1.33184878 mean_total_displacement=6.792199e-04 witness_total=[ 0.01347 -1.97463  1.59981  2.06254]
backward step   900/2000
  vertex: median_particle_distance=1.36706999 mean_total_displacement=8.855818e-04 witness_total=[-0.01271 -2.04552  1.61932  2.06251]
backward step  1000/2000
  vertex: median_particle_distance=1.41297305 mean_total_displacement=1.120817e-03 witness_total=[-0.0464  -2.13784  1.63888  2.06386]
backward step  1100/2000
  vertex: median_particle_distance=1.47193579 mean_total_displacement=1.384451e-03 witness_total=[-0.08577 -2.25489  1.65806  2.0697 ]
backward step  1200/2000
  vertex: median_particle_distance=1.54617236 mean_total_displacement=1.681084e-03 witness_total=[-0.12904 -2.3999   1.67709  2.08345]
backward step  1300/2000
  vertex: median_particle_distance=1.63736177 mean_total_displacement=2.000891e-03 witness_total=[-0.17589 -2.575    1.69753  2.10841]
backward step  1400/2000
  vertex: median_particle_distance=1.74662821 mean_total_displacement=2.333039e-03 witness_total=[-0.22686 -2.78054  1.72122  2.1481 ]
backward step  1500/2000
  vertex: median_particle_distance=1.87491270 mean_total_displacement=2.678510e-03 witness_total=[-0.28237 -3.01629  1.74876  2.20617]
backward step  1600/2000
  vertex: median_particle_distance=2.02325809 mean_total_displacement=3.045877e-03 witness_total=[-0.34196 -3.28272  1.77865  2.28647]
backward step  1700/2000
  vertex: median_particle_distance=2.19282985 mean_total_displacement=3.451437e-03 witness_total=[-0.40335 -3.58166  1.80642  2.39346]
backward step  1800/2000
  vertex: median_particle_distance=2.38448561 mean_total_displacement=3.943573e-03 witness_total=[-0.4606  -3.91769  1.82103  2.53327]
backward step  1900/2000
  vertex: median_particle_distance=2.59735746 mean_total_displacement=4.745582e-03 witness_total=[-0.499   -4.30218  1.79285  2.71805]
backward step  2000/2000
  vertex: median_particle_distance=2.81432703 mean_total_displacement=1.398398e-02 witness_total=[-0.40459 -4.79469  1.53819  3.00811]
backward step     0/2000
  shared_d1: median_particle_distance=0.90248716 mean_total_displacement=0.000000e+00 witness_total=[ 1.70815 -0.29418  1.35785 -0.47673]
backward step   100/2000
  shared_d1: median_particle_distance=0.90604559 mean_total_displacement=4.447937e-04 witness_total=[ 1.71351 -0.30748  1.365   -0.43371]
backward step   200/2000
  shared_d1: median_particle_distance=0.90376205 mean_total_displacement=8.384521e-04 witness_total=[ 1.68339 -0.31272  1.4073  -0.4159 ]
backward step   300/2000
  shared_d1: median_particle_distance=0.90546226 mean_total_displacement=7.101989e-04 witness_total=[ 1.67738 -0.29359  1.46729 -0.38534]
backward step   400/2000
  shared_d1: median_particle_distance=0.90890858 mean_total_displacement=5.692892e-04 witness_total=[ 1.69173 -0.27979  1.49573 -0.32391]
backward step   500/2000
  shared_d1: median_particle_distance=0.91542004 mean_total_displacement=5.520594e-04 witness_total=[ 1.71036 -0.29978  1.51273 -0.28556]
backward step   600/2000
  shared_d1: median_particle_distance=0.92593310 mean_total_displacement=5.375072e-04 witness_total=[ 1.73178 -0.33826  1.5269  -0.25222]
backward step   700/2000
  shared_d1: median_particle_distance=0.93324904 mean_total_displacement=6.892102e-04 witness_total=[ 1.77543 -0.34314  1.55929 -0.22669]
backward step   800/2000
  shared_d1: median_particle_distance=0.94126628 mean_total_displacement=8.359049e-04 witness_total=[ 1.83277 -0.3373   1.60151 -0.19976]
backward step   900/2000
  shared_d1: median_particle_distance=0.95210763 mean_total_displacement=9.955454e-04 witness_total=[ 1.90195 -0.32992  1.65163 -0.16795]
backward step  1000/2000
  shared_d1: median_particle_distance=0.96668935 mean_total_displacement=1.179255e-03 witness_total=[ 1.98446 -0.32244  1.71079 -0.13005]
backward step  1100/2000
  shared_d1: median_particle_distance=0.98583458 mean_total_displacement=1.387015e-03 witness_total=[ 2.08207 -0.31598  1.7806  -0.08532]
backward step  1200/2000
  shared_d1: median_particle_distance=1.01032189 mean_total_displacement=1.614425e-03 witness_total=[ 2.19629 -0.31232  1.86276 -0.03334]
backward step  1300/2000
  shared_d1: median_particle_distance=1.04075237 mean_total_displacement=1.854117e-03 witness_total=[ 2.32807 -0.31391  1.95871  0.02596]
backward step  1400/2000
  shared_d1: median_particle_distance=1.07742369 mean_total_displacement=2.098858e-03 witness_total=[ 2.47781 -0.32354  2.06906  0.09233]
backward step  1500/2000
  shared_d1: median_particle_distance=1.12029615 mean_total_displacement=2.346506e-03 witness_total=[ 2.64599 -0.3439   2.19307  0.16551]
backward step  1600/2000
  shared_d1: median_particle_distance=1.16911180 mean_total_displacement=2.605915e-03 witness_total=[ 2.83386 -0.37712  2.32896  0.24565]
backward step  1700/2000
  shared_d1: median_particle_distance=1.22357195 mean_total_displacement=2.894718e-03 witness_total=[ 3.04367 -0.42492  2.47577  0.33329]
backward step  1800/2000
  shared_d1: median_particle_distance=1.28296218 mean_total_displacement=3.229482e-03 witness_total=[ 3.27787 -0.48971  2.63576  0.42774]
backward step  1900/2000
  shared_d1: median_particle_distance=1.34431270 mean_total_displacement=3.659836e-03 witness_total=[ 3.5389  -0.57659  2.81639  0.52538]
backward step  2000/2000
  shared_d1: median_particle_distance=1.38549286 mean_total_displacement=8.109208e-03 witness_total=[ 3.8497  -0.67733  3.07522  0.63278]
RESULT_DIRECTORY=E:\Desktop\AnewOmni\4.5hypothesis\experiments\10_lambda_frame_particle_sweep\results\001_20260720T111809_739219Z_seed42-43-44\conditions\seed42_p08\runs\001_20260720T141530_160157Z_seed42
generated 2 figure(s)
