EFS parameters: saved config E:\Desktop\AnewOmni\4.5hypothesis\experiments\10_lambda_frame_particle_sweep\best_config.json; warning: selected with a different particles-per-source value
pass 1, target present: 1026 particles in one pooled plane
forward step     0/2000: mean_particle_distance=2.45115807 rms_radius=1.88731261 max_force=0.000000e+00 max_update=0.000000e+00
forward step    25/2000: mean_particle_distance=2.40171319 rms_radius=1.84683306 max_force=4.829892e+00 max_update=4.829892e-03
forward step    50/2000: mean_particle_distance=2.35124889 rms_radius=1.80634016 max_force=4.710201e+00 max_update=4.710201e-03
forward step    75/2000: mean_particle_distance=2.30135237 rms_radius=1.76655714 max_force=4.593443e+00 max_update=4.593443e-03
forward step   100/2000: mean_particle_distance=2.25242211 rms_radius=1.72767071 max_force=4.479540e+00 max_update=4.479540e-03
forward step   125/2000: mean_particle_distance=2.20462711 rms_radius=1.68975795 max_force=4.368419e+00 max_update=4.368419e-03
forward step   150/2000: mean_particle_distance=2.15805246 rms_radius=1.65285526 max_force=4.260007e+00 max_update=4.260007e-03
forward step   175/2000: mean_particle_distance=2.11274397 rms_radius=1.61697981 max_force=4.154234e+00 max_update=4.154234e-03
forward step   200/2000: mean_particle_distance=2.06872622 rms_radius=1.58213850 max_force=4.051029e+00 max_update=4.051029e-03
forward step   225/2000: mean_particle_distance=2.02601119 rms_radius=1.54833218 max_force=3.950325e+00 max_update=3.950325e-03
forward step   250/2000: mean_particle_distance=1.98460293 rms_radius=1.51555793 max_force=3.852054e+00 max_update=3.852054e-03
forward step   275/2000: mean_particle_distance=1.94450021 rms_radius=1.48381045 max_force=3.756149e+00 max_update=3.756149e-03
forward step   300/2000: mean_particle_distance=1.90569810 rms_radius=1.45308277 max_force=3.662545e+00 max_update=3.662545e-03
forward step   325/2000: mean_particle_distance=1.86818908 rms_radius=1.42336680 max_force=3.571178e+00 max_update=3.571178e-03
forward step   350/2000: mean_particle_distance=1.83196364 rms_radius=1.39465366 max_force=3.481984e+00 max_update=3.481984e-03
forward step   375/2000: mean_particle_distance=1.79701074 rms_radius=1.36693379 max_force=3.394901e+00 max_update=3.394901e-03
forward step   400/2000: mean_particle_distance=1.76331809 rms_radius=1.34019715 max_force=3.309866e+00 max_update=3.309866e-03
forward step   425/2000: mean_particle_distance=1.73087234 rms_radius=1.31443322 max_force=3.226816e+00 max_update=3.226816e-03
forward step   450/2000: mean_particle_distance=1.69965919 rms_radius=1.28963108 max_force=3.145691e+00 max_update=3.145691e-03
forward step   475/2000: mean_particle_distance=1.66966342 rms_radius=1.26577931 max_force=3.066429e+00 max_update=3.066429e-03
forward step   500/2000: mean_particle_distance=1.64086896 rms_radius=1.24286605 max_force=2.988968e+00 max_update=2.988968e-03
forward step   525/2000: mean_particle_distance=1.61325890 rms_radius=1.22087894 max_force=2.913248e+00 max_update=2.913248e-03
forward step   550/2000: mean_particle_distance=1.58681542 rms_radius=1.19980505 max_force=2.839205e+00 max_update=2.839205e-03
forward step   575/2000: mean_particle_distance=1.56151983 rms_radius=1.17963085 max_force=2.766779e+00 max_update=2.766779e-03
forward step   600/2000: mean_particle_distance=1.53735256 rms_radius=1.16034218 max_force=2.695905e+00 max_update=2.695905e-03
forward step   625/2000: mean_particle_distance=1.51429308 rms_radius=1.14192415 max_force=2.626521e+00 max_update=2.626521e-03
forward step   650/2000: mean_particle_distance=1.49231991 rms_radius=1.12436115 max_force=2.558562e+00 max_update=2.558562e-03
forward step   675/2000: mean_particle_distance=1.47141060 rms_radius=1.10763673 max_force=2.491961e+00 max_update=2.491961e-03
forward step   700/2000: mean_particle_distance=1.45154164 rms_radius=1.09173362 max_force=2.426651e+00 max_update=2.426651e-03
forward step   725/2000: mean_particle_distance=1.43268851 rms_radius=1.07663363 max_force=2.362564e+00 max_update=2.362564e-03
forward step   750/2000: mean_particle_distance=1.41482557 rms_radius=1.06231767 max_force=2.299628e+00 max_update=2.299628e-03
forward step   775/2000: mean_particle_distance=1.39792612 rms_radius=1.04876569 max_force=2.237769e+00 max_update=2.237769e-03
forward step   800/2000: mean_particle_distance=1.38196235 rms_radius=1.03595668 max_force=2.176914e+00 max_update=2.176914e-03
forward step   825/2000: mean_particle_distance=1.36690541 rms_radius=1.02386872 max_force=2.116983e+00 max_update=2.116983e-03
forward step   850/2000: mean_particle_distance=1.35272545 rms_radius=1.01247899 max_force=2.057898e+00 max_update=2.057898e-03
forward step   875/2000: mean_particle_distance=1.33939171 rms_radius=1.00176387 max_force=1.999576e+00 max_update=1.999576e-03
forward step   900/2000: mean_particle_distance=1.32687264 rms_radius=0.99169900 max_force=1.941932e+00 max_update=1.941932e-03
forward step   925/2000: mean_particle_distance=1.31513604 rms_radius=0.98225938 max_force=1.884879e+00 max_update=1.884879e-03
forward step   950/2000: mean_particle_distance=1.30414921 rms_radius=0.97341954 max_force=1.828329e+00 max_update=1.828329e-03
forward step   975/2000: mean_particle_distance=1.29387909 rms_radius=0.96515362 max_force=1.772193e+00 max_update=1.772193e-03
forward step  1000/2000: mean_particle_distance=1.28429249 rms_radius=0.95743554 max_force=1.716382e+00 max_update=1.716382e-03
forward step  1025/2000: mean_particle_distance=1.27535621 rms_radius=0.95023913 max_force=1.660808e+00 max_update=1.660808e-03
forward step  1050/2000: mean_particle_distance=1.26703726 rms_radius=0.94353828 max_force=1.605385e+00 max_update=1.605385e-03
forward step  1075/2000: mean_particle_distance=1.25930297 rms_radius=0.93730707 max_force=1.550036e+00 max_update=1.550036e-03
forward step  1100/2000: mean_particle_distance=1.25212121 rms_radius=0.93151993 max_force=1.494687e+00 max_update=1.494687e-03
forward step  1125/2000: mean_particle_distance=1.24546047 rms_radius=0.92615172 max_force=1.439277e+00 max_update=1.439277e-03
forward step  1150/2000: mean_particle_distance=1.23929003 rms_radius=0.92117787 max_force=1.383758e+00 max_update=1.383758e-03
forward step  1175/2000: mean_particle_distance=1.23358004 rms_radius=0.91657446 max_force=1.328100e+00 max_update=1.328100e-03
forward step  1200/2000: mean_particle_distance=1.22830162 rms_radius=0.91231831 max_force=1.272293e+00 max_update=1.272293e-03
forward step  1225/2000: mean_particle_distance=1.22342695 rms_radius=0.90838705 max_force=1.216353e+00 max_update=1.216353e-03
forward step  1250/2000: mean_particle_distance=1.21892929 rms_radius=0.90475918 max_force=1.160321e+00 max_update=1.160321e-03
forward step  1275/2000: mean_particle_distance=1.21478309 rms_radius=0.90141411 max_force=1.104270e+00 max_update=1.104270e-03
forward step  1300/2000: mean_particle_distance=1.21096393 rms_radius=0.89833217 max_force=1.048304e+00 max_update=1.048304e-03
forward step  1325/2000: mean_particle_distance=1.20744863 rms_radius=0.89549467 max_force=9.925589e-01 max_update=9.925589e-04
forward step  1350/2000: mean_particle_distance=1.20421518 rms_radius=0.89288387 max_force=9.372022e-01 max_update=9.372022e-04
forward step  1375/2000: mean_particle_distance=1.20124280 rms_radius=0.89048303 max_force=8.824302e-01 max_update=8.824302e-04
forward step  1400/2000: mean_particle_distance=1.19851189 rms_radius=0.88827635 max_force=8.284657e-01 max_update=8.284657e-04
forward step  1425/2000: mean_particle_distance=1.19600401 rms_radius=0.88624898 max_force=7.755537e-01 max_update=7.755537e-04
forward step  1450/2000: mean_particle_distance=1.19370189 rms_radius=0.88438702 max_force=7.239566e-01 max_update=7.239566e-04
forward step  1475/2000: mean_particle_distance=1.19158936 rms_radius=0.88267746 max_force=6.739484e-01 max_update=6.739484e-04
forward step  1500/2000: mean_particle_distance=1.18965134 rms_radius=0.88110817 max_force=6.258077e-01 max_update=6.258077e-04
forward step  1525/2000: mean_particle_distance=1.18787379 rms_radius=0.87966787 max_force=5.798085e-01 max_update=5.798085e-04
forward step  1550/2000: mean_particle_distance=1.18624364 rms_radius=0.87834609 max_force=5.362087e-01 max_update=5.362087e-04
forward step  1575/2000: mean_particle_distance=1.18474882 rms_radius=0.87713312 max_force=4.952360e-01 max_update=4.952360e-04
forward step  1600/2000: mean_particle_distance=1.18337813 rms_radius=0.87601999 max_force=4.570734e-01 max_update=4.570734e-04
forward step  1625/2000: mean_particle_distance=1.18212123 rms_radius=0.87499841 max_force=4.218450e-01 max_update=4.218450e-04
forward step  1650/2000: mean_particle_distance=1.18096859 rms_radius=0.87406075 max_force=3.896064e-01 max_update=3.896064e-04
forward step  1675/2000: mean_particle_distance=1.17991142 rms_radius=0.87319997 max_force=3.603405e-01 max_update=3.603405e-04
forward step  1700/2000: mean_particle_distance=1.17894165 rms_radius=0.87240960 max_force=3.339611e-01 max_update=3.339611e-04
forward step  1725/2000: mean_particle_distance=1.17805187 rms_radius=0.87168371 max_force=3.131172e-01 max_update=3.131172e-04
forward step  1750/2000: mean_particle_distance=1.17723527 rms_radius=0.87101686 max_force=3.047473e-01 max_update=3.047473e-04
forward step  1775/2000: mean_particle_distance=1.17648561 rms_radius=0.87040403 max_force=2.969165e-01 max_update=2.969165e-04
forward step  1800/2000: mean_particle_distance=1.17579718 rms_radius=0.86984067 max_force=2.895262e-01 max_update=2.895262e-04
forward step  1825/2000: mean_particle_distance=1.17516475 rms_radius=0.86932258 max_force=2.824856e-01 max_update=2.824856e-04
forward step  1850/2000: mean_particle_distance=1.17458353 rms_radius=0.86884593 max_force=2.757135e-01 max_update=2.757135e-04
forward step  1875/2000: mean_particle_distance=1.17404916 rms_radius=0.86840722 max_force=2.691391e-01 max_update=2.691391e-04
forward step  1900/2000: mean_particle_distance=1.17355763 rms_radius=0.86800324 max_force=2.627029e-01 max_update=2.627029e-04
forward step  1925/2000: mean_particle_distance=1.17310531 rms_radius=0.86763106 max_force=2.563570e-01 max_update=2.563570e-04
forward step  1950/2000: mean_particle_distance=1.17268884 rms_radius=0.86728802 max_force=2.500644e-01 max_update=2.500644e-04
forward step  1975/2000: mean_particle_distance=1.17230520 rms_radius=0.86697166 max_force=2.437984e-01 max_update=2.437984e-04
forward step  2000/2000: mean_particle_distance=1.17195161 rms_radius=0.86667976 max_force=2.375416e-01 max_update=2.375416e-04
pass 2, target removed: 1024 particles in one pooled plane
forward step     0/2000: mean_particle_distance=2.44900726 rms_radius=1.88562191 max_force=0.000000e+00 max_update=0.000000e+00
forward step    25/2000: mean_particle_distance=2.39964129 rms_radius=1.84520016 max_force=4.830833e+00 max_update=4.830833e-03
forward step    50/2000: mean_particle_distance=2.34924416 rms_radius=1.80475875 max_force=4.711119e+00 max_update=4.711119e-03
forward step    75/2000: mean_particle_distance=2.29941085 rms_radius=1.76502477 max_force=4.594337e+00 max_update=4.594337e-03
forward step   100/2000: mean_particle_distance=2.25054135 rms_radius=1.72618575 max_force=4.480412e+00 max_update=4.480412e-03
forward step   125/2000: mean_particle_distance=2.20280522 rms_radius=1.68831913 max_force=4.369269e+00 max_update=4.369269e-03
forward step   150/2000: mean_particle_distance=2.15628792 rms_radius=1.65146147 max_force=4.260836e+00 max_update=4.260836e-03
forward step   175/2000: mean_particle_distance=2.11103542 rms_radius=1.61563011 max_force=4.155042e+00 max_update=4.155042e-03
forward step   200/2000: mean_particle_distance=2.06707245 rms_radius=1.58083202 max_force=4.051817e+00 max_update=4.051817e-03
forward step   225/2000: mean_particle_distance=2.02441110 rms_radius=1.54706812 max_force=3.951092e+00 max_update=3.951092e-03
forward step   250/2000: mean_particle_distance=1.98305550 rms_radius=1.51433558 max_force=3.852801e+00 max_update=3.852801e-03
forward step   275/2000: mean_particle_distance=1.94300448 rms_radius=1.48262910 max_force=3.756877e+00 max_update=3.756877e-03
forward step   300/2000: mean_particle_distance=1.90425318 rms_radius=1.45194179 max_force=3.663255e+00 max_update=3.663255e-03
forward step   325/2000: mean_particle_distance=1.86679412 rms_radius=1.42226560 max_force=3.571870e+00 max_update=3.571870e-03
forward step   350/2000: mean_particle_distance=1.83061782 rms_radius=1.39359163 max_force=3.482658e+00 max_update=3.482658e-03
forward step   375/2000: mean_particle_distance=1.79571328 rms_radius=1.36591040 max_force=3.395557e+00 max_update=3.395557e-03
forward step   400/2000: mean_particle_distance=1.76206823 rms_radius=1.33921186 max_force=3.310505e+00 max_update=3.310505e-03
forward step   425/2000: mean_particle_distance=1.72966936 rms_radius=1.31348551 max_force=3.227438e+00 max_update=3.227438e-03
forward step   450/2000: mean_particle_distance=1.69850237 rms_radius=1.28872043 max_force=3.146297e+00 max_update=3.146297e-03
forward step   475/2000: mean_particle_distance=1.66855207 rms_radius=1.26490523 max_force=3.067018e+00 max_update=3.067018e-03
forward step   500/2000: mean_particle_distance=1.63980241 rms_radius=1.24202804 max_force=2.989542e+00 max_update=2.989542e-03
forward step   525/2000: mean_particle_distance=1.61223645 rms_radius=1.22007649 max_force=2.913806e+00 max_update=2.913806e-03
forward step   550/2000: mean_particle_distance=1.58583640 rms_radius=1.19903764 max_force=2.839748e+00 max_update=2.839748e-03
forward step   575/2000: mean_particle_distance=1.56058357 rms_radius=1.17889796 max_force=2.767306e+00 max_update=2.767306e-03
forward step   600/2000: mean_particle_distance=1.53645837 rms_radius=1.15964327 max_force=2.696418e+00 max_update=2.696418e-03
forward step   625/2000: mean_particle_distance=1.51344025 rms_radius=1.14125866 max_force=2.627019e+00 max_update=2.627019e-03
forward step   650/2000: mean_particle_distance=1.49150774 rms_radius=1.12372849 max_force=2.559045e+00 max_update=2.559045e-03
forward step   675/2000: mean_particle_distance=1.47063834 rms_radius=1.10703629 max_force=2.492430e+00 max_update=2.492430e-03
forward step   700/2000: mean_particle_distance=1.45080854 rms_radius=1.09116474 max_force=2.427106e+00 max_update=2.427106e-03
forward step   725/2000: mean_particle_distance=1.43199375 rms_radius=1.07609564 max_force=2.363004e+00 max_update=2.363004e-03
forward step   750/2000: mean_particle_distance=1.41416833 rms_radius=1.06180984 max_force=2.300054e+00 max_update=2.300054e-03
forward step   775/2000: mean_particle_distance=1.39730551 rms_radius=1.04828725 max_force=2.238181e+00 max_update=2.238181e-03
forward step   800/2000: mean_particle_distance=1.38137745 rms_radius=1.03550682 max_force=2.177312e+00 max_update=2.177312e-03
forward step   825/2000: mean_particle_distance=1.36635524 rms_radius=1.02344658 max_force=2.117367e+00 max_update=2.117367e-03
forward step   850/2000: mean_particle_distance=1.35220898 rms_radius=1.01208368 max_force=2.058268e+00 max_update=2.058268e-03
forward step   875/2000: mean_particle_distance=1.33890785 rms_radius=1.00139443 max_force=1.999932e+00 max_update=1.999932e-03
forward step   900/2000: mean_particle_distance=1.32642026 rms_radius=0.99135444 max_force=1.942273e+00 max_update=1.942273e-03
forward step   925/2000: mean_particle_distance=1.31471395 rms_radius=0.98193867 max_force=1.885206e+00 max_update=1.885206e-03
forward step   950/2000: mean_particle_distance=1.30375615 rms_radius=0.97312161 max_force=1.828642e+00 max_update=1.828642e-03
forward step   975/2000: mean_particle_distance=1.29351378 rms_radius=0.96487737 max_force=1.772492e+00 max_update=1.772492e-03
forward step  1000/2000: mean_particle_distance=1.28395359 rms_radius=0.95717985 max_force=1.716666e+00 max_update=1.716666e-03
forward step  1025/2000: mean_particle_distance=1.27504237 rms_radius=0.95000285 max_force=1.661078e+00 max_update=1.661078e-03
forward step  1050/2000: mean_particle_distance=1.26674707 rms_radius=0.94332026 max_force=1.605642e+00 max_update=1.605642e-03
forward step  1075/2000: mean_particle_distance=1.25903505 rms_radius=0.93710618 max_force=1.550278e+00 max_update=1.550278e-03
forward step  1100/2000: mean_particle_distance=1.25187415 rms_radius=0.93133502 max_force=1.494916e+00 max_update=1.494916e-03
forward step  1125/2000: mean_particle_distance=1.24523289 rms_radius=0.92598167 max_force=1.439494e+00 max_update=1.439494e-03
forward step  1150/2000: mean_particle_distance=1.23908056 rms_radius=0.92102159 max_force=1.383963e+00 max_update=1.383963e-03
forward step  1175/2000: mean_particle_distance=1.23338736 rms_radius=0.91643089 max_force=1.328295e+00 max_update=1.328295e-03
forward step  1200/2000: mean_particle_distance=1.22812444 rms_radius=0.91218644 max_force=1.272479e+00 max_update=1.272479e-03
forward step  1225/2000: mean_particle_distance=1.22326404 rms_radius=0.90826592 max_force=1.216531e+00 max_update=1.216531e-03
forward step  1250/2000: mean_particle_distance=1.21877948 rms_radius=0.90464787 max_force=1.160494e+00 max_update=1.160494e-03
forward step  1275/2000: mean_particle_distance=1.21464526 rms_radius=0.90131175 max_force=1.104439e+00 max_update=1.104439e-03
forward step  1300/2000: mean_particle_distance=1.21083705 rms_radius=0.89823796 max_force=1.048473e+00 max_update=1.048473e-03
forward step  1325/2000: mean_particle_distance=1.20733170 rms_radius=0.89540786 max_force=9.927295e-01 max_update=9.927295e-04
forward step  1350/2000: mean_particle_distance=1.20410730 rms_radius=0.89280376 max_force=9.373772e-01 max_update=9.373772e-04
forward step  1375/2000: mean_particle_distance=1.20114312 rms_radius=0.89040897 max_force=8.826122e-01 max_update=8.826122e-04
forward step  1400/2000: mean_particle_distance=1.19841962 rms_radius=0.88820774 max_force=8.286572e-01 max_update=8.286572e-04
forward step  1425/2000: mean_particle_distance=1.19591844 rms_radius=0.88618527 max_force=7.757570e-01 max_update=7.757570e-04
forward step  1450/2000: mean_particle_distance=1.19362235 rms_radius=0.88432771 max_force=7.241736e-01 max_update=7.241736e-04
forward step  1475/2000: mean_particle_distance=1.19151525 rms_radius=0.88262209 max_force=6.741808e-01 max_update=6.741808e-04
forward step  1500/2000: mean_particle_distance=1.18958210 rms_radius=0.88105633 max_force=6.260568e-01 max_update=6.260568e-04
forward step  1525/2000: mean_particle_distance=1.18780891 rms_radius=0.87961917 max_force=5.800751e-01 max_update=5.800751e-04
forward step  1550/2000: mean_particle_distance=1.18618267 rms_radius=0.87830020 max_force=5.364931e-01 max_update=5.364931e-04
forward step  1575/2000: mean_particle_distance=1.18469135 rms_radius=0.87708972 max_force=4.955381e-01 max_update=4.955381e-04
forward step  1600/2000: mean_particle_distance=1.18332378 rms_radius=0.87597880 max_force=4.573925e-01 max_update=4.573925e-04
forward step  1625/2000: mean_particle_distance=1.18206966 rms_radius=0.87495919 max_force=4.221801e-01 max_update=4.221801e-04
forward step  1650/2000: mean_particle_distance=1.18091949 rms_radius=0.87402325 max_force=3.899560e-01 max_update=3.899560e-04
forward step  1675/2000: mean_particle_distance=1.17986452 rms_radius=0.87316400 max_force=3.607029e-01 max_update=3.607029e-04
forward step  1700/2000: mean_particle_distance=1.17889670 rms_radius=0.87237497 max_force=3.343343e-01 max_update=3.343343e-04
forward step  1725/2000: mean_particle_distance=1.17800864 rms_radius=0.87165026 max_force=3.131790e-01 max_update=3.131790e-04
forward step  1750/2000: mean_particle_distance=1.17719355 rms_radius=0.87098442 max_force=3.048123e-01 max_update=3.048123e-04
forward step  1775/2000: mean_particle_distance=1.17644523 rms_radius=0.87037249 max_force=2.969837e-01 max_update=2.969837e-04
forward step  1800/2000: mean_particle_distance=1.17575797 rms_radius=0.86980990 max_force=2.895947e-01 max_update=2.895947e-04
forward step  1825/2000: mean_particle_distance=1.17512656 rms_radius=0.86929247 max_force=2.825547e-01 max_update=2.825547e-04
forward step  1850/2000: mean_particle_distance=1.17454624 rms_radius=0.86881639 max_force=2.757825e-01 max_update=2.757825e-04
forward step  1875/2000: mean_particle_distance=1.17401264 rms_radius=0.86837815 max_force=2.692076e-01 max_update=2.692076e-04
forward step  1900/2000: mean_particle_distance=1.17352178 rms_radius=0.86797458 max_force=2.627704e-01 max_update=2.627704e-04
forward step  1925/2000: mean_particle_distance=1.17307002 rms_radius=0.86760274 max_force=2.564233e-01 max_update=2.564233e-04
forward step  1950/2000: mean_particle_distance=1.17265405 rms_radius=0.86725997 max_force=2.501294e-01 max_update=2.501294e-04
forward step  1975/2000: mean_particle_distance=1.17227082 rms_radius=0.86694384 max_force=2.438620e-01 max_update=2.438620e-04
forward step  2000/2000: mean_particle_distance=1.17191757 rms_radius=0.86665212 max_force=2.376037e-01 max_update=2.376037e-04
backward step     0/2000
  vertex: median_particle_distance=1.63735716 mean_total_displacement=0.000000e+00 witness_total=[-0.05305 -0.77558  0.77037  0.25331]
backward step    25/2000
  vertex: median_particle_distance=1.63720201 mean_total_displacement=4.382804e-05 witness_total=[-0.05383 -0.77502  0.77009  0.25303]
backward step    50/2000
  vertex: median_particle_distance=1.63704377 mean_total_displacement=4.624456e-05 witness_total=[-0.05466 -0.77438  0.76981  0.25272]
backward step    75/2000
  vertex: median_particle_distance=1.63688753 mean_total_displacement=4.838521e-05 witness_total=[-0.05551 -0.77369  0.76954  0.25238]
backward step   100/2000
  vertex: median_particle_distance=1.63673405 mean_total_displacement=5.055708e-05 witness_total=[-0.0564  -0.77294  0.76928  0.25202]
backward step   125/2000
  vertex: median_particle_distance=1.63658373 mean_total_displacement=5.278728e-05 witness_total=[-0.05731 -0.77215  0.76903  0.25163]
backward step   150/2000
  vertex: median_particle_distance=1.63643703 mean_total_displacement=5.507513e-05 witness_total=[-0.05824 -0.7713   0.76881  0.25122]
backward step   175/2000
  vertex: median_particle_distance=1.63629460 mean_total_displacement=5.741795e-05 witness_total=[-0.05921 -0.7704   0.7686   0.25078]
backward step   200/2000
  vertex: median_particle_distance=1.63615728 mean_total_displacement=5.981404e-05 witness_total=[-0.06021 -0.76944  0.76842  0.25032]
backward step   225/2000
  vertex: median_particle_distance=1.63602616 mean_total_displacement=6.226355e-05 witness_total=[-0.06124 -0.76844  0.76827  0.24984]
backward step   250/2000
  vertex: median_particle_distance=1.63590268 mean_total_displacement=6.476929e-05 witness_total=[-0.0623  -0.76738  0.76815  0.24932]
backward step   275/2000
  vertex: median_particle_distance=1.63578864 mean_total_displacement=6.733755e-05 witness_total=[-0.06341 -0.76628  0.76808  0.24879]
backward step   300/2000
  vertex: median_particle_distance=1.63568631 mean_total_displacement=6.997918e-05 witness_total=[-0.06455 -0.76512  0.76806  0.24823]
backward step   325/2000
  vertex: median_particle_distance=1.63559848 mean_total_displacement=7.271078e-05 witness_total=[-0.06574 -0.76392  0.76809  0.24764]
backward step   350/2000
  vertex: median_particle_distance=1.63552856 mean_total_displacement=7.555600e-05 witness_total=[-0.06697 -0.76268  0.76818  0.24704]
backward step   375/2000
  vertex: median_particle_distance=1.63548069 mean_total_displacement=7.854690e-05 witness_total=[-0.06826 -0.7614   0.76835  0.24641]
backward step   400/2000
  vertex: median_particle_distance=1.63545978 mean_total_displacement=8.172521e-05 witness_total=[-0.0696  -0.76009  0.7686   0.24576]
backward step   425/2000
  vertex: median_particle_distance=1.63547168 mean_total_displacement=8.514339e-05 witness_total=[-0.07101 -0.75874  0.76894  0.2451 ]
backward step   450/2000
  vertex: median_particle_distance=1.63552324 mean_total_displacement=8.886510e-05 witness_total=[-0.07248 -0.75736  0.76939  0.24441]
backward step   475/2000
  vertex: median_particle_distance=1.63562245 mean_total_displacement=9.296498e-05 witness_total=[-0.07403 -0.75596  0.76996  0.24372]
backward step   500/2000
  vertex: median_particle_distance=1.63577854 mean_total_displacement=9.752742e-05 witness_total=[-0.07567 -0.75455  0.77065  0.24302]
backward step   525/2000
  vertex: median_particle_distance=1.63600215 mean_total_displacement=1.026442e-04 witness_total=[-0.07741 -0.75312  0.7715   0.24231]
backward step   550/2000
  vertex: median_particle_distance=1.63630543 mean_total_displacement=1.084112e-04 witness_total=[-0.07924 -0.75168  0.77251  0.2416 ]
backward step   575/2000
  vertex: median_particle_distance=1.63670216 mean_total_displacement=1.149243e-04 witness_total=[-0.0812  -0.75024  0.7737   0.24089]
backward step   600/2000
  vertex: median_particle_distance=1.63720793 mean_total_displacement=1.222755e-04 witness_total=[-0.08328 -0.74881  0.77508  0.24019]
backward step   625/2000
  vertex: median_particle_distance=1.63784027 mean_total_displacement=1.305495e-04 witness_total=[-0.0855  -0.74739  0.77669  0.23949]
backward step   650/2000
  vertex: median_particle_distance=1.63861875 mean_total_displacement=1.398215e-04 witness_total=[-0.08787 -0.746    0.77853  0.23881]
backward step   675/2000
  vertex: median_particle_distance=1.63956511 mean_total_displacement=1.501568e-04 witness_total=[-0.09041 -0.74464  0.78063  0.23814]
backward step   700/2000
  vertex: median_particle_distance=1.64070343 mean_total_displacement=1.616124e-04 witness_total=[-0.09313 -0.74332  0.78301  0.23749]
backward step   725/2000
  vertex: median_particle_distance=1.64206018 mean_total_displacement=1.742395e-04 witness_total=[-0.09604 -0.74206  0.78569  0.23686]
backward step   750/2000
  vertex: median_particle_distance=1.64366437 mean_total_displacement=1.880883e-04 witness_total=[-0.09916 -0.74087  0.78869  0.23625]
backward step   775/2000
  vertex: median_particle_distance=1.64554769 mean_total_displacement=2.032126e-04 witness_total=[-0.10251 -0.73976  0.79204  0.23567]
backward step   800/2000
  vertex: median_particle_distance=1.64774464 mean_total_displacement=2.196755e-04 witness_total=[-0.1061  -0.73875  0.79575  0.2351 ]
backward step   825/2000
  vertex: median_particle_distance=1.65029273 mean_total_displacement=2.375543e-04 witness_total=[-0.10995 -0.73786  0.79985  0.23456]
backward step   850/2000
  vertex: median_particle_distance=1.65323269 mean_total_displacement=2.569451e-04 witness_total=[-0.11408 -0.73712  0.80437  0.23405]
backward step   875/2000
  vertex: median_particle_distance=1.65660873 mean_total_displacement=2.779657e-04 witness_total=[-0.11851 -0.73653  0.80933  0.23355]
backward step   900/2000
  vertex: median_particle_distance=1.66046884 mean_total_displacement=3.007572e-04 witness_total=[-0.12325 -0.73614  0.81477  0.23308]
backward step   925/2000
  vertex: median_particle_distance=1.66486500 mean_total_displacement=3.254819e-04 witness_total=[-0.12834 -0.73596  0.8207   0.23262]
backward step   950/2000
  vertex: median_particle_distance=1.66985343 mean_total_displacement=3.523191e-04 witness_total=[-0.1338  -0.73602  0.82718  0.23217]
backward step   975/2000
  vertex: median_particle_distance=1.67549466 mean_total_displacement=3.814557e-04 witness_total=[-0.13966 -0.73635  0.83422  0.23172]
backward step  1000/2000
  vertex: median_particle_distance=1.68185344 mean_total_displacement=4.130730e-04 witness_total=[-0.14595 -0.73699  0.84188  0.23127]
backward step  1025/2000
  vertex: median_particle_distance=1.68899834 mean_total_displacement=4.473294e-04 witness_total=[-0.1527  -0.73796  0.8502   0.2308 ]
backward step  1050/2000
  vertex: median_particle_distance=1.69700112 mean_total_displacement=4.843395e-04 witness_total=[-0.15994 -0.73931  0.85922  0.2303 ]
backward step  1075/2000
  vertex: median_particle_distance=1.70593559 mean_total_displacement=5.241519e-04 witness_total=[-0.16772 -0.74106  0.86899  0.22976]
backward step  1100/2000
  vertex: median_particle_distance=1.71587622 mean_total_displacement=5.667290e-04 witness_total=[-0.17606 -0.74326  0.87956  0.22915]
backward step  1125/2000
  vertex: median_particle_distance=1.72689639 mean_total_displacement=6.119323e-04 witness_total=[-0.18499 -0.74593  0.89097  0.22846]
backward step  1150/2000
  vertex: median_particle_distance=1.73906659 mean_total_displacement=6.595175e-04 witness_total=[-0.19455 -0.74912  0.90326  0.22767]
backward step  1175/2000
  vertex: median_particle_distance=1.75245257 mean_total_displacement=7.091417e-04 witness_total=[-0.20476 -0.75285  0.91646  0.22675]
backward step  1200/2000
  vertex: median_particle_distance=1.76711382 mean_total_displacement=7.603833e-04 witness_total=[-0.21563 -0.75715  0.93062  0.22569]
backward step  1225/2000
  vertex: median_particle_distance=1.78310248 mean_total_displacement=8.127720e-04 witness_total=[-0.22719 -0.76204  0.94574  0.22447]
backward step  1250/2000
  vertex: median_particle_distance=1.80046288 mean_total_displacement=8.658230e-04 witness_total=[-0.23943 -0.76754  0.96185  0.22308]
backward step  1275/2000
  vertex: median_particle_distance=1.81923150 mean_total_displacement=9.190722e-04 witness_total=[-0.25234 -0.77366  0.97894  0.2215 ]
backward step  1300/2000
  vertex: median_particle_distance=1.83943754 mean_total_displacement=9.721046e-04 witness_total=[-0.26593 -0.7804   0.99702  0.21972]
backward step  1325/2000
  vertex: median_particle_distance=1.86110377 mean_total_displacement=1.024576e-03 witness_total=[-0.28018 -0.78775  1.01608  0.21773]
backward step  1350/2000
  vertex: median_particle_distance=1.88424760 mean_total_displacement=1.076223e-03 witness_total=[-0.29508 -0.79572  1.0361   0.21554]
backward step  1375/2000
  vertex: median_particle_distance=1.90888219 mean_total_displacement=1.126869e-03 witness_total=[-0.3106  -0.80429  1.05707  0.21314]
backward step  1400/2000
  vertex: median_particle_distance=1.93501759 mean_total_displacement=1.176419e-03 witness_total=[-0.32673 -0.81345  1.07897  0.21053]
backward step  1425/2000
  vertex: median_particle_distance=1.96266182 mean_total_displacement=1.224855e-03 witness_total=[-0.34345 -0.82317  1.10178  0.20771]
backward step  1450/2000
  vertex: median_particle_distance=1.99182183 mean_total_displacement=1.272219e-03 witness_total=[-0.36074 -0.83344  1.1255   0.20469]
backward step  1475/2000
  vertex: median_particle_distance=2.02250443 mean_total_displacement=1.318605e-03 witness_total=[-0.37857 -0.84426  1.1501   0.20147]
backward step  1500/2000
  vertex: median_particle_distance=2.05471704 mean_total_displacement=1.364143e-03 witness_total=[-0.39694 -0.85559  1.17557  0.19807]
backward step  1525/2000
  vertex: median_particle_distance=2.08846838 mean_total_displacement=1.408986e-03 witness_total=[-0.41582 -0.86745  1.2019   0.19448]
backward step  1550/2000
  vertex: median_particle_distance=2.12376895 mean_total_displacement=1.453297e-03 witness_total=[-0.4352  -0.87982  1.22908  0.19073]
backward step  1575/2000
  vertex: median_particle_distance=2.16063137 mean_total_displacement=1.497244e-03 witness_total=[-0.45507 -0.8927   1.25711  0.18681]
backward step  1600/2000
  vertex: median_particle_distance=2.19907061 mean_total_displacement=1.540990e-03 witness_total=[-0.47542 -0.9061   1.28599  0.18274]
backward step  1625/2000
  vertex: median_particle_distance=2.23910401 mean_total_displacement=1.584693e-03 witness_total=[-0.49624 -0.92003  1.31571  0.17854]
backward step  1650/2000
  vertex: median_particle_distance=2.28075128 mean_total_displacement=1.628497e-03 witness_total=[-0.51752 -0.93449  1.34627  0.1742 ]
backward step  1675/2000
  vertex: median_particle_distance=2.32403449 mean_total_displacement=1.672540e-03 witness_total=[-0.53926 -0.9495   1.37769  0.16976]
backward step  1700/2000
  vertex: median_particle_distance=2.36897810 mean_total_displacement=1.716945e-03 witness_total=[-0.56144 -0.96507  1.40996  0.16522]
backward step  1725/2000
  vertex: median_particle_distance=2.41560920 mean_total_displacement=1.761823e-03 witness_total=[-0.58408 -0.98122  1.4431   0.16059]
backward step  1750/2000
  vertex: median_particle_distance=2.46395788 mean_total_displacement=1.807268e-03 witness_total=[-0.60716 -0.99797  1.47712  0.1559 ]
backward step  1775/2000
  vertex: median_particle_distance=2.51405794 mean_total_displacement=1.853357e-03 witness_total=[-0.63069 -1.01533  1.51202  0.15115]
backward step  1800/2000
  vertex: median_particle_distance=2.56594780 mean_total_displacement=1.900146e-03 witness_total=[-0.65466 -1.03332  1.54783  0.14638]
backward step  1825/2000
  vertex: median_particle_distance=2.61967165 mean_total_displacement=1.947668e-03 witness_total=[-0.67908 -1.05196  1.58456  0.1416 ]
backward step  1850/2000
  vertex: median_particle_distance=2.67528060 mean_total_displacement=1.995938e-03 witness_total=[-0.70393 -1.07127  1.62223  0.13683]
backward step  1875/2000
  vertex: median_particle_distance=2.73283363 mean_total_displacement=2.044959e-03 witness_total=[-0.7292  -1.09126  1.66087  0.13211]
backward step  1900/2000
  vertex: median_particle_distance=2.79239812 mean_total_displacement=2.094726e-03 witness_total=[-0.75487 -1.11197  1.7005   0.12747]
backward step  1925/2000
  vertex: median_particle_distance=2.85404953 mean_total_displacement=2.145238e-03 witness_total=[-0.78091 -1.13342  1.74115  0.12293]
backward step  1950/2000
  vertex: median_particle_distance=2.91787046 mean_total_displacement=2.196484e-03 witness_total=[-0.80729 -1.15564  1.78285  0.11853]
backward step  1975/2000
  vertex: median_particle_distance=2.98395037 mean_total_displacement=2.248366e-03 witness_total=[-0.83395 -1.17867  1.82564  0.11429]
backward step  2000/2000
  vertex: median_particle_distance=3.05239523 mean_total_displacement=2.300216e-03 witness_total=[-0.86082 -1.20257  1.86953  0.11023]
backward step     0/2000
  shared_d1: median_particle_distance=1.37976301 mean_total_displacement=0.000000e+00 witness_total=[ 0.05735 -0.23238  0.92202  0.19007]
backward step    25/2000
  shared_d1: median_particle_distance=1.37063256 mean_total_displacement=2.098442e-03 witness_total=[ 0.08294 -0.2053   0.91135  0.18977]
backward step    50/2000
  shared_d1: median_particle_distance=1.35929137 mean_total_displacement=1.608331e-03 witness_total=[ 0.11951 -0.16371  0.89398  0.18851]
backward step    75/2000
  shared_d1: median_particle_distance=1.36293020 mean_total_displacement=4.800818e-04 witness_total=[ 0.13369 -0.15819  0.88948  0.19245]
backward step   100/2000
  shared_d1: median_particle_distance=1.37406758 mean_total_displacement=8.506401e-04 witness_total=[ 0.14154 -0.17012  0.88976  0.20041]
backward step   125/2000
  shared_d1: median_particle_distance=1.39253023 mean_total_displacement=1.598422e-03 witness_total=[ 0.15308 -0.19389  0.89111  0.21366]
backward step   150/2000
  shared_d1: median_particle_distance=1.42602661 mean_total_displacement=2.609475e-03 witness_total=[ 0.17479 -0.24034  0.89505  0.23782]
backward step   175/2000
  shared_d1: median_particle_distance=1.44782739 mean_total_displacement=4.520427e-04 witness_total=[ 0.18832 -0.2687   0.89848  0.25264]
backward step   200/2000
  shared_d1: median_particle_distance=1.45222111 mean_total_displacement=4.503261e-05 witness_total=[ 0.19    -0.27147  0.89952  0.25469]
backward step   225/2000
  shared_d1: median_particle_distance=1.45436725 mean_total_displacement=4.655164e-05 witness_total=[ 0.19013 -0.27087  0.90023  0.25509]
backward step   250/2000
  shared_d1: median_particle_distance=1.45630541 mean_total_displacement=5.232334e-05 witness_total=[ 0.19012 -0.26987  0.90094  0.2553 ]
backward step   275/2000
  shared_d1: median_particle_distance=1.45824167 mean_total_displacement=5.634101e-05 witness_total=[ 0.19011 -0.26876  0.9017   0.25549]
backward step   300/2000
  shared_d1: median_particle_distance=1.46019759 mean_total_displacement=6.037854e-05 witness_total=[ 0.1901  -0.26757  0.90254  0.25565]
backward step   325/2000
  shared_d1: median_particle_distance=1.46217648 mean_total_displacement=6.464346e-05 witness_total=[ 0.1901  -0.2663   0.90344  0.2558 ]
backward step   350/2000
  shared_d1: median_particle_distance=1.46418012 mean_total_displacement=6.917275e-05 witness_total=[ 0.1901  -0.26495  0.90441  0.25594]
backward step   375/2000
  shared_d1: median_particle_distance=1.46621045 mean_total_displacement=7.398943e-05 witness_total=[ 0.19009 -0.26351  0.90547  0.25608]
backward step   400/2000
  shared_d1: median_particle_distance=1.46826975 mean_total_displacement=7.911818e-05 witness_total=[ 0.19008 -0.26198  0.90662  0.2562 ]
backward step   425/2000
  shared_d1: median_particle_distance=1.47036074 mean_total_displacement=8.458645e-05 witness_total=[ 0.19006 -0.26036  0.90786  0.25633]
backward step   450/2000
  shared_d1: median_particle_distance=1.47248658 mean_total_displacement=9.042394e-05 witness_total=[ 0.19002 -0.25864  0.90921  0.25646]
backward step   475/2000
  shared_d1: median_particle_distance=1.47465089 mean_total_displacement=9.666174e-05 witness_total=[ 0.18995 -0.25682  0.91068  0.2566 ]
backward step   500/2000
  shared_d1: median_particle_distance=1.47685780 mean_total_displacement=1.033314e-04 witness_total=[ 0.18986 -0.2549   0.91227  0.25676]
backward step   525/2000
  shared_d1: median_particle_distance=1.47911196 mean_total_displacement=1.104639e-04 witness_total=[ 0.18973 -0.25287  0.91399  0.25693]
backward step   550/2000
  shared_d1: median_particle_distance=1.48141852 mean_total_displacement=1.180890e-04 witness_total=[ 0.18955 -0.25072  0.91587  0.25712]
backward step   575/2000
  shared_d1: median_particle_distance=1.48378315 mean_total_displacement=1.262346e-04 witness_total=[ 0.18932 -0.24847  0.91791  0.25734]
backward step   600/2000
  shared_d1: median_particle_distance=1.48621202 mean_total_displacement=1.349267e-04 witness_total=[ 0.18904 -0.24609  0.92012  0.2576 ]
backward step   625/2000
  shared_d1: median_particle_distance=1.48871176 mean_total_displacement=1.441898e-04 witness_total=[ 0.1887  -0.2436   0.92252  0.2579 ]
backward step   650/2000
  shared_d1: median_particle_distance=1.49128943 mean_total_displacement=1.540479e-04 witness_total=[ 0.18829 -0.24098  0.92512  0.25824]
backward step   675/2000
  shared_d1: median_particle_distance=1.49395251 mean_total_displacement=1.645258e-04 witness_total=[ 0.18781 -0.23824  0.92795  0.25865]
backward step   700/2000
  shared_d1: median_particle_distance=1.49670883 mean_total_displacement=1.756503e-04 witness_total=[ 0.18724 -0.23537  0.93101  0.25911]
backward step   725/2000
  shared_d1: median_particle_distance=1.49956662 mean_total_displacement=1.874517e-04 witness_total=[ 0.18659 -0.23238  0.93432  0.25965]
backward step   750/2000
  shared_d1: median_particle_distance=1.50253452 mean_total_displacement=1.999651e-04 witness_total=[ 0.18584 -0.22926  0.9379   0.26028]
backward step   775/2000
  shared_d1: median_particle_distance=1.50562163 mean_total_displacement=2.132302e-04 witness_total=[ 0.18499 -0.22601  0.94176  0.261  ]
backward step   800/2000
  shared_d1: median_particle_distance=1.50883770 mean_total_displacement=2.272910e-04 witness_total=[ 0.18403 -0.22263  0.94593  0.26182]
backward step   825/2000
  shared_d1: median_particle_distance=1.51219322 mean_total_displacement=2.421934e-04 witness_total=[ 0.18294 -0.21912  0.95041  0.26276]
backward step   850/2000
  shared_d1: median_particle_distance=1.51569969 mean_total_displacement=2.579825e-04 witness_total=[ 0.18173 -0.21548  0.95524  0.26383]
backward step   875/2000
  shared_d1: median_particle_distance=1.51936980 mean_total_displacement=2.746984e-04 witness_total=[ 0.18038 -0.2117   0.96042  0.26505]
backward step   900/2000
  shared_d1: median_particle_distance=1.52321769 mean_total_displacement=2.923727e-04 witness_total=[ 0.17888 -0.2078   0.96598  0.26642]
backward step   925/2000
  shared_d1: median_particle_distance=1.52725918 mean_total_displacement=3.110242e-04 witness_total=[ 0.17722 -0.20376  0.97194  0.26797]
backward step   950/2000
  shared_d1: median_particle_distance=1.53151198 mean_total_displacement=3.306567e-04 witness_total=[ 0.17539 -0.19958  0.97832  0.2697 ]
backward step   975/2000
  shared_d1: median_particle_distance=1.53599592 mean_total_displacement=3.512581e-04 witness_total=[ 0.17338 -0.19526  0.98513  0.27163]
backward step  1000/2000
  shared_d1: median_particle_distance=1.54073314 mean_total_displacement=3.728005e-04 witness_total=[ 0.17118 -0.19081  0.99241  0.27376]
backward step  1025/2000
  shared_d1: median_particle_distance=1.54574825 mean_total_displacement=3.952428e-04 witness_total=[ 0.16879 -0.18622  1.00016  0.2761 ]
backward step  1050/2000
  shared_d1: median_particle_distance=1.55106854 mean_total_displacement=4.185338e-04 witness_total=[ 0.1662  -0.1815   1.00841  0.27866]
backward step  1075/2000
  shared_d1: median_particle_distance=1.55672409 mean_total_displacement=4.426161e-04 witness_total=[ 0.1634  -0.17664  1.01718  0.28145]
backward step  1100/2000
  shared_d1: median_particle_distance=1.56274790 mean_total_displacement=4.674306e-04 witness_total=[ 0.16039 -0.17166  1.02649  0.28447]
backward step  1125/2000
  shared_d1: median_particle_distance=1.56917602 mean_total_displacement=4.929196e-04 witness_total=[ 0.15716 -0.16657  1.03636  0.28772]
backward step  1150/2000
  shared_d1: median_particle_distance=1.57604757 mean_total_displacement=5.190310e-04 witness_total=[ 0.15372 -0.16137  1.04681  0.29121]
backward step  1175/2000
  shared_d1: median_particle_distance=1.58340476 mean_total_displacement=5.457197e-04 witness_total=[ 0.15006 -0.15608  1.05787  0.29493]
backward step  1200/2000
  shared_d1: median_particle_distance=1.59129280 mean_total_displacement=5.729498e-04 witness_total=[ 0.14618 -0.15073  1.06955  0.29889]
backward step  1225/2000
  shared_d1: median_particle_distance=1.59975982 mean_total_displacement=6.006951e-04 witness_total=[ 0.14208 -0.14534  1.08188  0.30309]
backward step  1250/2000
  shared_d1: median_particle_distance=1.60885672 mean_total_displacement=6.289382e-04 witness_total=[ 0.13776 -0.13992  1.09488  0.30753]
backward step  1275/2000
  shared_d1: median_particle_distance=1.61863693 mean_total_displacement=6.576699e-04 witness_total=[ 0.13324 -0.13453  1.10858  0.31221]
backward step  1300/2000
  shared_d1: median_particle_distance=1.62915617 mean_total_displacement=6.868870e-04 witness_total=[ 0.1285  -0.12919  1.12299  0.31713]
backward step  1325/2000
  shared_d1: median_particle_distance=1.64047218 mean_total_displacement=7.165903e-04 witness_total=[ 0.12356 -0.12393  1.13815  0.32228]
backward step  1350/2000
  shared_d1: median_particle_distance=1.65264437 mean_total_displacement=7.467837e-04 witness_total=[ 0.11843 -0.1188   1.15407  0.32766]
backward step  1375/2000
  shared_d1: median_particle_distance=1.66573354 mean_total_displacement=7.774737e-04 witness_total=[ 0.11311 -0.11385  1.17079  0.33326]
backward step  1400/2000
  shared_d1: median_particle_distance=1.67980148 mean_total_displacement=8.086718e-04 witness_total=[ 0.10763 -0.1091   1.18832  0.33906]
backward step  1425/2000
  shared_d1: median_particle_distance=1.69491063 mean_total_displacement=8.403983e-04 witness_total=[ 0.10199 -0.1046   1.20669  0.34505]
backward step  1450/2000
  shared_d1: median_particle_distance=1.71112373 mean_total_displacement=8.726875e-04 witness_total=[ 0.09622 -0.10038  1.22593  0.35121]
backward step  1475/2000
  shared_d1: median_particle_distance=1.72850339 mean_total_displacement=9.055922e-04 witness_total=[ 0.09033 -0.09648  1.24606  0.35752]
backward step  1500/2000
  shared_d1: median_particle_distance=1.74711176 mean_total_displacement=9.391879e-04 witness_total=[ 0.08436 -0.09294  1.2671   0.36394]
backward step  1525/2000
  shared_d1: median_particle_distance=1.76701003 mean_total_displacement=9.735732e-04 witness_total=[ 0.07831 -0.08977  1.28909  0.37045]
backward step  1550/2000
  shared_d1: median_particle_distance=1.78825801 mean_total_displacement=1.008868e-03 witness_total=[ 0.07221 -0.08701  1.31204  0.37702]
backward step  1575/2000
  shared_d1: median_particle_distance=1.81091358 mean_total_displacement=1.045207e-03 witness_total=[ 0.06607 -0.08468  1.33599  0.38361]
backward step  1600/2000
  shared_d1: median_particle_distance=1.83503216 mean_total_displacement=1.082733e-03 witness_total=[ 0.05992 -0.08279  1.36096  0.3902 ]
backward step  1625/2000
  shared_d1: median_particle_distance=1.86066607 mean_total_displacement=1.121589e-03 witness_total=[ 0.05375 -0.08136  1.38698  0.39677]
backward step  1650/2000
  shared_d1: median_particle_distance=1.88786404 mean_total_displacement=1.161904e-03 witness_total=[ 0.04759 -0.0804   1.41407  0.4033 ]
backward step  1675/2000
  shared_d1: median_particle_distance=1.91667070 mean_total_displacement=1.203788e-03 witness_total=[ 0.04143 -0.07991  1.44228  0.40977]
backward step  1700/2000
  shared_d1: median_particle_distance=1.94712626 mean_total_displacement=1.247321e-03 witness_total=[ 0.03528 -0.07991  1.47162  0.41618]
backward step  1725/2000
  shared_d1: median_particle_distance=1.97926647 mean_total_displacement=1.292548e-03 witness_total=[ 0.02913 -0.08038  1.50213  0.42253]
backward step  1750/2000
  shared_d1: median_particle_distance=2.01312270 mean_total_displacement=1.339473e-03 witness_total=[ 0.02299 -0.08134  1.53384  0.42882]
backward step  1775/2000
  shared_d1: median_particle_distance=2.04872254 mean_total_displacement=1.388056e-03 witness_total=[ 0.01685 -0.08277  1.56677  0.43508]
backward step  1800/2000
  shared_d1: median_particle_distance=2.08609049 mean_total_displacement=1.438207e-03 witness_total=[ 0.01071 -0.08466  1.60097  0.44131]
backward step  1825/2000
  shared_d1: median_particle_distance=2.12524906 mean_total_displacement=1.489788e-03 witness_total=[ 0.00456 -0.08701  1.63645  0.44755]
backward step  1850/2000
  shared_d1: median_particle_distance=2.16622000 mean_total_displacement=1.542603e-03 witness_total=[-1.58314e-03 -8.97749e-02  1.67325e+00  4.53831e-01]
backward step  1875/2000
  shared_d1: median_particle_distance=2.20902562 mean_total_displacement=1.596407e-03 witness_total=[-0.00772 -0.09295  1.71137  0.46018]
backward step  1900/2000
  shared_d1: median_particle_distance=2.25369014 mean_total_displacement=1.650903e-03 witness_total=[-0.01383 -0.09649  1.75085  0.46663]
backward step  1925/2000
  shared_d1: median_particle_distance=2.30024085 mean_total_displacement=1.705753e-03 witness_total=[-0.0199  -0.10036  1.79168  0.47322]
backward step  1950/2000
  shared_d1: median_particle_distance=2.34870926 mean_total_displacement=1.760584e-03 witness_total=[-0.02588 -0.10451  1.83388  0.47999]
backward step  1975/2000
  shared_d1: median_particle_distance=2.39913286 mean_total_displacement=1.814966e-03 witness_total=[-0.03174 -0.1089   1.87745  0.48696]
backward step  2000/2000
  shared_d1: median_particle_distance=2.45156418 mean_total_displacement=1.868071e-03 witness_total=[-0.0374  -0.11347  1.92236  0.49417]
RESULT_DIRECTORY=E:\Desktop\AnewOmni\4.5hypothesis\experiments\10_lambda_frame_particle_sweep\results\002_20260720T200720_834951Z_seed45-46-47\conditions\seed45_p02\runs\001_20260720T200721_824521Z_seed45
generated 2 figure(s)
