EFS parameters: saved config E:\Desktop\AnewOmni\4.5hypothesis\experiments\10_lambda_frame_particle_sweep\best_config.json
pass 1, target present: 5130 particles in one pooled plane
forward step     0/2000: mean_particle_distance=2.43640394 rms_radius=1.87853478 max_force=0.000000e+00 max_update=0.000000e+00
forward step    25/2000: mean_particle_distance=2.38797875 rms_radius=1.83869702 max_force=6.453115e+00 max_update=6.453115e-03
forward step    50/2000: mean_particle_distance=2.33866795 rms_radius=1.79890012 max_force=6.293610e+00 max_update=6.293610e-03
forward step    75/2000: mean_particle_distance=2.28984842 rms_radius=1.75977616 max_force=6.138038e+00 max_update=6.138038e-03
forward step   100/2000: mean_particle_distance=2.24192685 rms_radius=1.72151531 max_force=5.986302e+00 max_update=5.986302e-03
forward step   125/2000: mean_particle_distance=2.19508525 rms_radius=1.68420080 max_force=5.838306e+00 max_update=5.838306e-03
forward step   150/2000: mean_particle_distance=2.14941875 rms_radius=1.64787384 max_force=5.693957e+00 max_update=5.693957e-03
forward step   175/2000: mean_particle_distance=2.10498052 rms_radius=1.61255527 max_force=5.553164e+00 max_update=5.553164e-03
forward step   200/2000: mean_particle_distance=2.06180065 rms_radius=1.57825473 max_force=5.415837e+00 max_update=5.415837e-03
forward step   225/2000: mean_particle_distance=2.01989535 rms_radius=1.54497522 max_force=5.281890e+00 max_update=5.281890e-03
forward step   250/2000: mean_particle_distance=1.97927197 rms_radius=1.51271552 max_force=5.151238e+00 max_update=5.151238e-03
forward step   275/2000: mean_particle_distance=1.93993181 rms_radius=1.48147160 max_force=5.023798e+00 max_update=5.023798e-03
forward step   300/2000: mean_particle_distance=1.90187200 rms_radius=1.45123753 max_force=4.899488e+00 max_update=4.899488e-03
forward step   325/2000: mean_particle_distance=1.86508656 rms_radius=1.42200598 max_force=4.778230e+00 max_update=4.778230e-03
forward step   350/2000: mean_particle_distance=1.82956718 rms_radius=1.39376863 max_force=4.659947e+00 max_update=4.659947e-03
forward step   375/2000: mean_particle_distance=1.79530375 rms_radius=1.36651634 max_force=4.544561e+00 max_update=4.544561e-03
forward step   400/2000: mean_particle_distance=1.76228464 rms_radius=1.34023933 max_force=4.431999e+00 max_update=4.431999e-03
forward step   425/2000: mean_particle_distance=1.73049701 rms_radius=1.31492725 max_force=4.322189e+00 max_update=4.322189e-03
forward step   450/2000: mean_particle_distance=1.69992689 rms_radius=1.29056920 max_force=4.215059e+00 max_update=4.215059e-03
forward step   475/2000: mean_particle_distance=1.67055934 rms_radius=1.26715380 max_force=4.110539e+00 max_update=4.110539e-03
forward step   500/2000: mean_particle_distance=1.64237844 rms_radius=1.24466910 max_force=4.008561e+00 max_update=4.008561e-03
forward step   525/2000: mean_particle_distance=1.61536739 rms_radius=1.22310264 max_force=3.909057e+00 max_update=3.909057e-03
forward step   550/2000: mean_particle_distance=1.58950845 rms_radius=1.20244135 max_force=3.811963e+00 max_update=3.811963e-03
forward step   575/2000: mean_particle_distance=1.56478297 rms_radius=1.18267152 max_force=3.717212e+00 max_update=3.717212e-03
forward step   600/2000: mean_particle_distance=1.54117134 rms_radius=1.16377878 max_force=3.624742e+00 max_update=3.624742e-03
forward step   625/2000: mean_particle_distance=1.51865298 rms_radius=1.14574800 max_force=3.534488e+00 max_update=3.534488e-03
forward step   650/2000: mean_particle_distance=1.49720629 rms_radius=1.12856328 max_force=3.446389e+00 max_update=3.446389e-03
forward step   675/2000: mean_particle_distance=1.47680862 rms_radius=1.11220785 max_force=3.360384e+00 max_update=3.360384e-03
forward step   700/2000: mean_particle_distance=1.45743624 rms_radius=1.09666408 max_force=3.276411e+00 max_update=3.276411e-03
forward step   725/2000: mean_particle_distance=1.43906430 rms_radius=1.08191343 max_force=3.194410e+00 max_update=3.194410e-03
forward step   750/2000: mean_particle_distance=1.42166684 rms_radius=1.06793640 max_force=3.114322e+00 max_update=3.114322e-03
forward step   775/2000: mean_particle_distance=1.40521678 rms_radius=1.05471257 max_force=3.036087e+00 max_update=3.036087e-03
forward step   800/2000: mean_particle_distance=1.38968595 rms_radius=1.04222056 max_force=2.959644e+00 max_update=2.959644e-03
forward step   825/2000: mean_particle_distance=1.37504518 rms_radius=1.03043813 max_force=2.884935e+00 max_update=2.884935e-03
forward step   850/2000: mean_particle_distance=1.36126431 rms_radius=1.01934219 max_force=2.811899e+00 max_update=2.811899e-03
forward step   875/2000: mean_particle_distance=1.34831237 rms_radius=1.00890888 max_force=2.740477e+00 max_update=2.740477e-03
forward step   900/2000: mean_particle_distance=1.33615764 rms_radius=0.99911370 max_force=2.670606e+00 max_update=2.670606e-03
forward step   925/2000: mean_particle_distance=1.32476785 rms_radius=0.98993157 max_force=2.602226e+00 max_update=2.602226e-03
forward step   950/2000: mean_particle_distance=1.31411035 rms_radius=0.98133701 max_force=2.535274e+00 max_update=2.535274e-03
forward step   975/2000: mean_particle_distance=1.30415220 rms_radius=0.97330424 max_force=2.469685e+00 max_update=2.469685e-03
forward step  1000/2000: mean_particle_distance=1.29486045 rms_radius=0.96580733 max_force=2.405395e+00 max_update=2.405395e-03
forward step  1025/2000: mean_particle_distance=1.28620222 rms_radius=0.95882035 max_force=2.342335e+00 max_update=2.342335e-03
forward step  1050/2000: mean_particle_distance=1.27814495 rms_radius=0.95231746 max_force=2.280437e+00 max_update=2.280437e-03
forward step  1075/2000: mean_particle_distance=1.27065646 rms_radius=0.94627312 max_force=2.219628e+00 max_update=2.219628e-03
forward step  1100/2000: mean_particle_distance=1.26370519 rms_radius=0.94066213 max_force=2.159834e+00 max_update=2.159834e-03
forward step  1125/2000: mean_particle_distance=1.25726024 rms_radius=0.93545980 max_force=2.100977e+00 max_update=2.100977e-03
forward step  1150/2000: mean_particle_distance=1.25129157 rms_radius=0.93064202 max_force=2.042978e+00 max_update=2.042978e-03
forward step  1175/2000: mean_particle_distance=1.24577001 rms_radius=0.92618538 max_force=1.985751e+00 max_update=1.985751e-03
forward step  1200/2000: mean_particle_distance=1.24066743 rms_radius=0.92206721 max_force=1.929208e+00 max_update=1.929208e-03
forward step  1225/2000: mean_particle_distance=1.23595672 rms_radius=0.91826566 max_force=1.873259e+00 max_update=1.873259e-03
forward step  1250/2000: mean_particle_distance=1.23161192 rms_radius=0.91475976 max_force=1.817806e+00 max_update=1.817806e-03
forward step  1275/2000: mean_particle_distance=1.22760820 rms_radius=0.91152943 max_force=1.762750e+00 max_update=1.762750e-03
forward step  1300/2000: mean_particle_distance=1.22392191 rms_radius=0.90855554 max_force=1.707988e+00 max_update=1.707988e-03
forward step  1325/2000: mean_particle_distance=1.22053059 rms_radius=0.90581991 max_force=1.653413e+00 max_update=1.653413e-03
forward step  1350/2000: mean_particle_distance=1.21741297 rms_radius=0.90330530 max_force=1.598917e+00 max_update=1.598917e-03
forward step  1375/2000: mean_particle_distance=1.21454895 rms_radius=0.90099543 max_force=1.544390e+00 max_update=1.544390e-03
forward step  1400/2000: mean_particle_distance=1.21191961 rms_radius=0.89887497 max_force=1.489723e+00 max_update=1.489723e-03
forward step  1425/2000: mean_particle_distance=1.20950716 rms_radius=0.89692951 max_force=1.434811e+00 max_update=1.434811e-03
forward step  1450/2000: mean_particle_distance=1.20729492 rms_radius=0.89514553 max_force=1.379555e+00 max_update=1.379555e-03
forward step  1475/2000: mean_particle_distance=1.20526728 rms_radius=0.89351041 max_force=1.323870e+00 max_update=1.323870e-03
forward step  1500/2000: mean_particle_distance=1.20340968 rms_radius=0.89201235 max_force=1.267687e+00 max_update=1.267687e-03
forward step  1525/2000: mean_particle_distance=1.20170856 rms_radius=0.89064038 max_force=1.210960e+00 max_update=1.210960e-03
forward step  1550/2000: mean_particle_distance=1.20015128 rms_radius=0.88938429 max_force=1.153679e+00 max_update=1.153679e-03
forward step  1575/2000: mean_particle_distance=1.19872615 rms_radius=0.88823464 max_force=1.095877e+00 max_update=1.095877e-03
forward step  1600/2000: mean_particle_distance=1.19742230 rms_radius=0.88718264 max_force=1.037643e+00 max_update=1.037643e-03
forward step  1625/2000: mean_particle_distance=1.19622971 rms_radius=0.88622020 max_force=9.791293e-01 max_update=9.791293e-04
forward step  1650/2000: mean_particle_distance=1.19513910 rms_radius=0.88533985 max_force=9.205666e-01 max_update=9.205666e-04
forward step  1675/2000: mean_particle_distance=1.19414191 rms_radius=0.88453467 max_force=8.622641e-01 max_update=8.622641e-04
forward step  1700/2000: mean_particle_distance=1.19323026 rms_radius=0.88379833 max_force=8.046088e-01 max_update=8.046088e-04
forward step  1725/2000: mean_particle_distance=1.19239688 rms_radius=0.88312497 max_force=7.480520e-01 max_update=7.480520e-04
forward step  1750/2000: mean_particle_distance=1.19163512 rms_radius=0.88250922 max_force=6.930850e-01 max_update=6.930850e-04
forward step  1775/2000: mean_particle_distance=1.19093883 rms_radius=0.88194616 max_force=6.402039e-01 max_update=6.402039e-04
forward step  1800/2000: mean_particle_distance=1.19030238 rms_radius=0.88143125 max_force=5.898683e-01 max_update=5.898683e-04
forward step  1825/2000: mean_particle_distance=1.18972063 rms_radius=0.88096034 max_force=5.424630e-01 max_update=5.424630e-04
forward step  1850/2000: mean_particle_distance=1.18918883 rms_radius=0.88052965 max_force=4.982674e-01 max_update=4.982674e-04
forward step  1875/2000: mean_particle_distance=1.18870266 rms_radius=0.88013568 max_force=4.574406e-01 max_update=4.574406e-04
forward step  1900/2000: mean_particle_distance=1.18825814 rms_radius=0.87977524 max_force=4.200222e-01 max_update=4.200222e-04
forward step  1925/2000: mean_particle_distance=1.18785166 rms_radius=0.87944544 max_force=3.859472e-01 max_update=3.859472e-04
forward step  1950/2000: mean_particle_distance=1.18747989 rms_radius=0.87914361 max_force=3.550686e-01 max_update=3.550686e-04
forward step  1975/2000: mean_particle_distance=1.18713980 rms_radius=0.87886731 max_force=3.271840e-01 max_update=3.271840e-04
forward step  2000/2000: mean_particle_distance=1.18682863 rms_radius=0.87861434 max_force=3.020591e-01 max_update=3.020591e-04
pass 2, target removed: 5120 particles in one pooled plane
forward step     0/2000: mean_particle_distance=2.43680075 rms_radius=1.87891183 max_force=0.000000e+00 max_update=0.000000e+00
forward step    25/2000: mean_particle_distance=2.38836142 rms_radius=1.83906255 max_force=6.452142e+00 max_update=6.452142e-03
forward step    50/2000: mean_particle_distance=2.33904025 rms_radius=1.79925564 max_force=6.292660e+00 max_update=6.292660e-03
forward step    75/2000: mean_particle_distance=2.29021124 rms_radius=1.76012208 max_force=6.137112e+00 max_update=6.137112e-03
forward step   100/2000: mean_particle_distance=2.24228061 rms_radius=1.72185192 max_force=5.985399e+00 max_update=5.985399e-03
forward step   125/2000: mean_particle_distance=2.19543027 rms_radius=1.68452831 max_force=5.837425e+00 max_update=5.837425e-03
forward step   150/2000: mean_particle_distance=2.14975526 rms_radius=1.64819245 max_force=5.693098e+00 max_update=5.693098e-03
forward step   175/2000: mean_particle_distance=2.10530872 rms_radius=1.61286514 max_force=5.552325e+00 max_update=5.552325e-03
forward step   200/2000: mean_particle_distance=2.06212071 rms_radius=1.57855605 max_force=5.415019e+00 max_update=5.415019e-03
forward step   225/2000: mean_particle_distance=2.02020744 rms_radius=1.54526813 max_force=5.281092e+00 max_update=5.281092e-03
forward step   250/2000: mean_particle_distance=1.97957623 rms_radius=1.51300017 max_force=5.150460e+00 max_update=5.150460e-03
forward step   275/2000: mean_particle_distance=1.94022837 rms_radius=1.48174812 max_force=5.023039e+00 max_update=5.023039e-03
forward step   300/2000: mean_particle_distance=1.90216097 rms_radius=1.45150604 max_force=4.898748e+00 max_update=4.898748e-03
forward step   325/2000: mean_particle_distance=1.86536803 rms_radius=1.42226661 max_force=4.777508e+00 max_update=4.777508e-03
forward step   350/2000: mean_particle_distance=1.82984125 rms_radius=1.39402149 max_force=4.659242e+00 max_update=4.659242e-03
forward step   375/2000: mean_particle_distance=1.79557048 rms_radius=1.36676152 max_force=4.543873e+00 max_update=4.543873e-03
forward step   400/2000: mean_particle_distance=1.76254409 rms_radius=1.34047693 max_force=4.431328e+00 max_update=4.431328e-03
forward step   425/2000: mean_particle_distance=1.73074922 rms_radius=1.31515734 max_force=4.321534e+00 max_update=4.321534e-03
forward step   450/2000: mean_particle_distance=1.70017189 rms_radius=1.29079185 max_force=4.214420e+00 max_update=4.214420e-03
forward step   475/2000: mean_particle_distance=1.67079714 rms_radius=1.26736907 max_force=4.109915e+00 max_update=4.109915e-03
forward step   500/2000: mean_particle_distance=1.64260905 rms_radius=1.24487705 max_force=4.007952e+00 max_update=4.007952e-03
forward step   525/2000: mean_particle_distance=1.61559080 rms_radius=1.22330331 max_force=3.908464e+00 max_update=3.908464e-03
forward step   550/2000: mean_particle_distance=1.58972463 rms_radius=1.20263478 max_force=3.811384e+00 max_update=3.811384e-03
forward step   575/2000: mean_particle_distance=1.56499189 rms_radius=1.18285775 max_force=3.716647e+00 max_update=3.716647e-03
forward step   600/2000: mean_particle_distance=1.54137297 rms_radius=1.16395784 max_force=3.624190e+00 max_update=3.624190e-03
forward step   625/2000: mean_particle_distance=1.51884729 rms_radius=1.14591992 max_force=3.533949e+00 max_update=3.533949e-03
forward step   650/2000: mean_particle_distance=1.49739323 rms_radius=1.12872808 max_force=3.445863e+00 max_update=3.445863e-03
forward step   675/2000: mean_particle_distance=1.47698816 rms_radius=1.11236558 max_force=3.359870e+00 max_update=3.359870e-03
forward step   700/2000: mean_particle_distance=1.45760834 rms_radius=1.09681478 max_force=3.275909e+00 max_update=3.275909e-03
forward step   725/2000: mean_particle_distance=1.43922895 rms_radius=1.08205715 max_force=3.193920e+00 max_update=3.193920e-03
forward step   750/2000: mean_particle_distance=1.42182403 rms_radius=1.06807319 max_force=3.113843e+00 max_update=3.113843e-03
forward step   775/2000: mean_particle_distance=1.40536653 rms_radius=1.05484251 max_force=3.035619e+00 max_update=3.035619e-03
forward step   800/2000: mean_particle_distance=1.38982830 rms_radius=1.04234374 max_force=2.959187e+00 max_update=2.959187e-03
forward step   825/2000: mean_particle_distance=1.37518017 rms_radius=1.03055464 max_force=2.884488e+00 max_update=2.884488e-03
forward step   850/2000: mean_particle_distance=1.36139203 rms_radius=1.01945216 max_force=2.811462e+00 max_update=2.811462e-03
forward step   875/2000: mean_particle_distance=1.34843291 rms_radius=1.00901244 max_force=2.740048e+00 max_update=2.740048e-03
forward step   900/2000: mean_particle_distance=1.33627113 rms_radius=0.99921099 max_force=2.670187e+00 max_update=2.670187e-03
forward step   925/2000: mean_particle_distance=1.32487445 rms_radius=0.99002276 max_force=2.601816e+00 max_update=2.601816e-03
forward step   950/2000: mean_particle_distance=1.31421021 rms_radius=0.98142229 max_force=2.534872e+00 max_update=2.534872e-03
forward step   975/2000: mean_particle_distance=1.30424553 rms_radius=0.97338380 max_force=2.469291e+00 max_update=2.469291e-03
forward step  1000/2000: mean_particle_distance=1.29494745 rms_radius=0.96588138 max_force=2.405008e+00 max_update=2.405008e-03
forward step  1025/2000: mean_particle_distance=1.28628312 rms_radius=0.95888908 max_force=2.341955e+00 max_update=2.341955e-03
forward step  1050/2000: mean_particle_distance=1.27821997 rms_radius=0.95238111 max_force=2.280063e+00 max_update=2.280063e-03
forward step  1075/2000: mean_particle_distance=1.27072585 rms_radius=0.94633191 max_force=2.219260e+00 max_update=2.219260e-03
forward step  1100/2000: mean_particle_distance=1.26376920 rms_radius=0.94071629 max_force=2.159472e+00 max_update=2.159472e-03
forward step  1125/2000: mean_particle_distance=1.25731912 rms_radius=0.93550956 max_force=2.100620e+00 max_update=2.100620e-03
forward step  1150/2000: mean_particle_distance=1.25134558 rms_radius=0.93068761 max_force=2.042625e+00 max_update=2.042625e-03
forward step  1175/2000: mean_particle_distance=1.24581940 rms_radius=0.92622702 max_force=1.985402e+00 max_update=1.985402e-03
forward step  1200/2000: mean_particle_distance=1.24071245 rms_radius=0.92210513 max_force=1.928863e+00 max_update=1.928863e-03
forward step  1225/2000: mean_particle_distance=1.23599762 rms_radius=0.91830007 max_force=1.872916e+00 max_update=1.872916e-03
forward step  1250/2000: mean_particle_distance=1.23164894 rms_radius=0.91479087 max_force=1.817465e+00 max_update=1.817465e-03
forward step  1275/2000: mean_particle_distance=1.22764157 rms_radius=0.91155745 max_force=1.762411e+00 max_update=1.762411e-03
forward step  1300/2000: mean_particle_distance=1.22395185 rms_radius=0.90858066 max_force=1.707650e+00 max_update=1.707650e-03
forward step  1325/2000: mean_particle_distance=1.22055732 rms_radius=0.90584231 max_force=1.653075e+00 max_update=1.653075e-03
forward step  1350/2000: mean_particle_distance=1.21743670 rms_radius=0.90332517 max_force=1.598578e+00 max_update=1.598578e-03
forward step  1375/2000: mean_particle_distance=1.21456987 rms_radius=0.90101294 max_force=1.544049e+00 max_update=1.544049e-03
forward step  1400/2000: mean_particle_distance=1.21193791 rms_radius=0.89889028 max_force=1.489380e+00 max_update=1.489380e-03
forward step  1425/2000: mean_particle_distance=1.20952302 rms_radius=0.89694277 max_force=1.434465e+00 max_update=1.434465e-03
forward step  1450/2000: mean_particle_distance=1.20730850 rms_radius=0.89515689 max_force=1.379206e+00 max_update=1.379206e-03
forward step  1475/2000: mean_particle_distance=1.20527876 rms_radius=0.89352000 max_force=1.323517e+00 max_update=1.323517e-03
forward step  1500/2000: mean_particle_distance=1.20341920 rms_radius=0.89202031 max_force=1.267329e+00 max_update=1.267329e-03
forward step  1525/2000: mean_particle_distance=1.20171625 rms_radius=0.89064682 max_force=1.210597e+00 max_update=1.210597e-03
forward step  1550/2000: mean_particle_distance=1.20015730 rms_radius=0.88938934 max_force=1.153312e+00 max_update=1.153312e-03
forward step  1575/2000: mean_particle_distance=1.19873061 rms_radius=0.88823840 max_force=1.095506e+00 max_update=1.095506e-03
forward step  1600/2000: mean_particle_distance=1.19742533 rms_radius=0.88718521 max_force=1.037267e+00 max_update=1.037267e-03
forward step  1625/2000: mean_particle_distance=1.19623142 rms_radius=0.88622168 max_force=9.787512e-01 max_update=9.787512e-04
forward step  1650/2000: mean_particle_distance=1.19513958 rms_radius=0.88534032 max_force=9.201876e-01 max_update=9.201876e-04
forward step  1675/2000: mean_particle_distance=1.19414127 rms_radius=0.88453422 max_force=8.618866e-01 max_update=8.618866e-04
forward step  1700/2000: mean_particle_distance=1.19322858 rms_radius=0.88379703 max_force=8.042357e-01 max_update=8.042357e-04
forward step  1725/2000: mean_particle_distance=1.19239426 rms_radius=0.88312289 max_force=7.476870e-01 max_update=7.476870e-04
forward step  1750/2000: mean_particle_distance=1.19163162 rms_radius=0.88250644 max_force=6.927321e-01 max_update=6.927321e-04
forward step  1775/2000: mean_particle_distance=1.19093453 rms_radius=0.88194272 max_force=6.398670e-01 max_update=6.398670e-04
forward step  1800/2000: mean_particle_distance=1.19029736 rms_radius=0.88142722 max_force=5.895515e-01 max_update=5.895515e-04
forward step  1825/2000: mean_particle_distance=1.18971494 rms_radius=0.88095577 max_force=5.421697e-01 max_update=5.421697e-04
forward step  1850/2000: mean_particle_distance=1.18918253 rms_radius=0.88052458 max_force=4.980004e-01 max_update=4.980004e-04
forward step  1875/2000: mean_particle_distance=1.18869579 rms_radius=0.88013016 max_force=4.572016e-01 max_update=4.572016e-04
forward step  1900/2000: mean_particle_distance=1.18825077 rms_radius=0.87976932 max_force=4.198120e-01 max_update=4.198120e-04
forward step  1925/2000: mean_particle_distance=1.18784382 rms_radius=0.87943914 max_force=3.857657e-01 max_update=3.857657e-04
forward step  1950/2000: mean_particle_distance=1.18747162 rms_radius=0.87913697 max_force=3.549150e-01 max_update=3.549150e-04
forward step  1975/2000: mean_particle_distance=1.18713115 rms_radius=0.87886036 max_force=3.270567e-01 max_update=3.270567e-04
forward step  2000/2000: mean_particle_distance=1.18681963 rms_radius=0.87860710 max_force=3.019562e-01 max_update=3.019562e-04
backward step     0/2000
  vertex: median_particle_distance=1.15400692 mean_total_displacement=0.000000e+00 witness_total=[-1.07497 -0.43787  1.03051 -1.47611]
backward step    25/2000
  vertex: median_particle_distance=1.15438628 mean_total_displacement=1.095685e-04 witness_total=[-1.0765  -0.43594  1.03115 -1.47698]
backward step    50/2000
  vertex: median_particle_distance=1.15478965 mean_total_displacement=1.136964e-04 witness_total=[-1.07813 -0.43395  1.03178 -1.47787]
backward step    75/2000
  vertex: median_particle_distance=1.15521855 mean_total_displacement=1.177575e-04 witness_total=[-1.07985 -0.4319   1.0324  -1.47878]
backward step   100/2000
  vertex: median_particle_distance=1.15567498 mean_total_displacement=1.218312e-04 witness_total=[-1.08168 -0.4298   1.033   -1.47971]
backward step   125/2000
  vertex: median_particle_distance=1.15616135 mean_total_displacement=1.259706e-04 witness_total=[-1.08361 -0.42764  1.03357 -1.48066]
backward step   150/2000
  vertex: median_particle_distance=1.15668046 mean_total_displacement=1.302135e-04 witness_total=[-1.08564 -0.42543  1.03413 -1.48162]
backward step   175/2000
  vertex: median_particle_distance=1.15723547 mean_total_displacement=1.345898e-04 witness_total=[-1.08779 -0.42317  1.03467 -1.48259]
backward step   200/2000
  vertex: median_particle_distance=1.15782987 mean_total_displacement=1.391266e-04 witness_total=[-1.09005 -0.42085  1.03519 -1.48357]
backward step   225/2000
  vertex: median_particle_distance=1.15846753 mean_total_displacement=1.438517e-04 witness_total=[-1.09244 -0.41848  1.03569 -1.48455]
backward step   250/2000
  vertex: median_particle_distance=1.15915272 mean_total_displacement=1.487948e-04 witness_total=[-1.09495 -0.41605  1.03616 -1.48553]
backward step   275/2000
  vertex: median_particle_distance=1.15989009 mean_total_displacement=1.539896e-04 witness_total=[-1.09761 -0.41358  1.03662 -1.48652]
backward step   300/2000
  vertex: median_particle_distance=1.16068474 mean_total_displacement=1.594737e-04 witness_total=[-1.1004  -0.41104  1.03705 -1.48749]
backward step   325/2000
  vertex: median_particle_distance=1.16154221 mean_total_displacement=1.652889e-04 witness_total=[-1.10335 -0.40845  1.03746 -1.48845]
backward step   350/2000
  vertex: median_particle_distance=1.16246857 mean_total_displacement=1.714811e-04 witness_total=[-1.10647 -0.40581  1.03784 -1.4894 ]
backward step   375/2000
  vertex: median_particle_distance=1.16347038 mean_total_displacement=1.781000e-04 witness_total=[-1.10976 -0.40311  1.0382  -1.49032]
backward step   400/2000
  vertex: median_particle_distance=1.16455473 mean_total_displacement=1.851994e-04 witness_total=[-1.11324 -0.40034  1.03854 -1.49121]
backward step   425/2000
  vertex: median_particle_distance=1.16572931 mean_total_displacement=1.928374e-04 witness_total=[-1.11692 -0.39752  1.03885 -1.49206]
backward step   450/2000
  vertex: median_particle_distance=1.16700235 mean_total_displacement=2.010768e-04 witness_total=[-1.12082 -0.39463  1.03913 -1.49286]
backward step   475/2000
  vertex: median_particle_distance=1.16838268 mean_total_displacement=2.099860e-04 witness_total=[-1.12495 -0.39168  1.03939 -1.4936 ]
backward step   500/2000
  vertex: median_particle_distance=1.16987974 mean_total_displacement=2.196404e-04 witness_total=[-1.12934 -0.38866  1.03963 -1.49427]
backward step   525/2000
  vertex: median_particle_distance=1.17150358 mean_total_displacement=2.301238e-04 witness_total=[-1.134   -0.38557  1.03986 -1.49485]
backward step   550/2000
  vertex: median_particle_distance=1.17326486 mean_total_displacement=2.415302e-04 witness_total=[-1.13896 -0.38242  1.04007 -1.49534]
backward step   575/2000
  vertex: median_particle_distance=1.17517488 mean_total_displacement=2.539662e-04 witness_total=[-1.14423 -0.37919  1.04028 -1.49572]
backward step   600/2000
  vertex: median_particle_distance=1.17724555 mean_total_displacement=2.675516e-04 witness_total=[-1.14985 -0.3759   1.04049 -1.49597]
backward step   625/2000
  vertex: median_particle_distance=1.17948940 mean_total_displacement=2.824193e-04 witness_total=[-1.15585 -0.37253  1.04071 -1.49607]
backward step   650/2000
  vertex: median_particle_distance=1.18191953 mean_total_displacement=2.987119e-04 witness_total=[-1.16225 -0.3691   1.04097 -1.49602]
backward step   675/2000
  vertex: median_particle_distance=1.18454964 mean_total_displacement=3.165747e-04 witness_total=[-1.16909 -0.3656   1.04127 -1.49579]
backward step   700/2000
  vertex: median_particle_distance=1.18739398 mean_total_displacement=3.361446e-04 witness_total=[-1.17642 -0.36203  1.04164 -1.49536]
backward step   725/2000
  vertex: median_particle_distance=1.19046734 mean_total_displacement=3.575370e-04 witness_total=[-1.18425 -0.35839  1.04209 -1.49472]
backward step   750/2000
  vertex: median_particle_distance=1.19378513 mean_total_displacement=3.808319e-04 witness_total=[-1.19265 -0.35468  1.04264 -1.49385]
backward step   775/2000
  vertex: median_particle_distance=1.19736336 mean_total_displacement=4.060630e-04 witness_total=[-1.20164 -0.3509   1.04333 -1.49274]
backward step   800/2000
  vertex: median_particle_distance=1.20121873 mean_total_displacement=4.332125e-04 witness_total=[-1.21128 -0.34704  1.04418 -1.49137]
backward step   825/2000
  vertex: median_particle_distance=1.20536875 mean_total_displacement=4.622132e-04 witness_total=[-1.22159 -0.34311  1.04522 -1.48974]
backward step   850/2000
  vertex: median_particle_distance=1.20983173 mean_total_displacement=4.929583e-04 witness_total=[-1.23261 -0.33911  1.04648 -1.48782]
backward step   875/2000
  vertex: median_particle_distance=1.21462691 mean_total_displacement=5.253154e-04 witness_total=[-1.24439 -0.33504  1.04799 -1.48561]
backward step   900/2000
  vertex: median_particle_distance=1.21977441 mean_total_displacement=5.591428e-04 witness_total=[-1.25694 -0.33092  1.04978 -1.4831 ]
backward step   925/2000
  vertex: median_particle_distance=1.22529526 mean_total_displacement=5.943039e-04 witness_total=[-1.2703  -0.32675  1.05191 -1.48028]
backward step   950/2000
  vertex: median_particle_distance=1.23121132 mean_total_displacement=6.306769e-04 witness_total=[-1.28449 -0.32256  1.0544  -1.47715]
backward step   975/2000
  vertex: median_particle_distance=1.23754526 mean_total_displacement=6.681595e-04 witness_total=[-1.29953 -0.31837  1.0573  -1.47368]
backward step  1000/2000
  vertex: median_particle_distance=1.24432050 mean_total_displacement=7.066688e-04 witness_total=[-1.31543 -0.31421  1.06066 -1.46988]
backward step  1025/2000
  vertex: median_particle_distance=1.25156118 mean_total_displacement=7.461380e-04 witness_total=[-1.33221 -0.3101   1.06451 -1.46573]
backward step  1050/2000
  vertex: median_particle_distance=1.25929217 mean_total_displacement=7.865127e-04 witness_total=[-1.34987 -0.30609  1.06892 -1.46122]
backward step  1075/2000
  vertex: median_particle_distance=1.26753907 mean_total_displacement=8.277483e-04 witness_total=[-1.36841 -0.30221  1.07392 -1.45634]
backward step  1100/2000
  vertex: median_particle_distance=1.27632827 mean_total_displacement=8.698098e-04 witness_total=[-1.38784 -0.29849  1.07958 -1.45108]
backward step  1125/2000
  vertex: median_particle_distance=1.28568690 mean_total_displacement=9.126747e-04 witness_total=[-1.40815 -0.29497  1.08595 -1.44543]
backward step  1150/2000
  vertex: median_particle_distance=1.29564283 mean_total_displacement=9.563366e-04 witness_total=[-1.42933 -0.29169  1.09308 -1.43936]
backward step  1175/2000
  vertex: median_particle_distance=1.30622457 mean_total_displacement=1.000809e-03 witness_total=[-1.45135 -0.28869  1.10103 -1.43286]
backward step  1200/2000
  vertex: median_particle_distance=1.31746118 mean_total_displacement=1.046127e-03 witness_total=[-1.4742  -0.286    1.10986 -1.42591]
backward step  1225/2000
  vertex: median_particle_distance=1.32938210 mean_total_displacement=1.092342e-03 witness_total=[-1.49784 -0.28365  1.11965 -1.41848]
backward step  1250/2000
  vertex: median_particle_distance=1.34201693 mean_total_displacement=1.139513e-03 witness_total=[-1.52226 -0.28169  1.13044 -1.41052]
backward step  1275/2000
  vertex: median_particle_distance=1.35539527 mean_total_displacement=1.187692e-03 witness_total=[-1.54739 -0.28014  1.1423  -1.40201]
backward step  1300/2000
  vertex: median_particle_distance=1.36954645 mean_total_displacement=1.236898e-03 witness_total=[-1.57321 -0.27904  1.15531 -1.3929 ]
backward step  1325/2000
  vertex: median_particle_distance=1.38449941 mean_total_displacement=1.287092e-03 witness_total=[-1.59966 -0.27842  1.16951 -1.38315]
backward step  1350/2000
  vertex: median_particle_distance=1.40028256 mean_total_displacement=1.338148e-03 witness_total=[-1.62669 -0.2783   1.18496 -1.37271]
backward step  1375/2000
  vertex: median_particle_distance=1.41692370 mean_total_displacement=1.389828e-03 witness_total=[-1.65424 -0.27873  1.2017  -1.36154]
backward step  1400/2000
  vertex: median_particle_distance=1.43445007 mean_total_displacement=1.441766e-03 witness_total=[-1.68225 -0.27973  1.21977 -1.3496 ]
backward step  1425/2000
  vertex: median_particle_distance=1.45288851 mean_total_displacement=1.493479e-03 witness_total=[-1.71065 -0.28135  1.23918 -1.33687]
backward step  1450/2000
  vertex: median_particle_distance=1.47226562 mean_total_displacement=1.544386e-03 witness_total=[-1.73936 -0.28364  1.25994 -1.32332]
backward step  1475/2000
  vertex: median_particle_distance=1.49260810 mean_total_displacement=1.593871e-03 witness_total=[-1.76831 -0.28667  1.28202 -1.30896]
backward step  1500/2000
  vertex: median_particle_distance=1.51394312 mean_total_displacement=1.641363e-03 witness_total=[-1.7974  -0.29051  1.30538 -1.29377]
backward step  1525/2000
  vertex: median_particle_distance=1.53629869 mean_total_displacement=1.686433e-03 witness_total=[-1.82655 -0.29524  1.32997 -1.27777]
backward step  1550/2000
  vertex: median_particle_distance=1.55970413 mean_total_displacement=1.728887e-03 witness_total=[-1.85566 -0.30097  1.3557  -1.26097]
backward step  1575/2000
  vertex: median_particle_distance=1.58419049 mean_total_displacement=1.768831e-03 witness_total=[-1.88465 -0.3078   1.38249 -1.2434 ]
backward step  1600/2000
  vertex: median_particle_distance=1.60979095 mean_total_displacement=1.806678e-03 witness_total=[-1.91345 -0.31586  1.41023 -1.22507]
backward step  1625/2000
  vertex: median_particle_distance=1.63654113 mean_total_displacement=1.843108e-03 witness_total=[-1.94198 -0.32525  1.43881 -1.206  ]
backward step  1650/2000
  vertex: median_particle_distance=1.66447922 mean_total_displacement=1.878956e-03 witness_total=[-1.97021 -0.33609  1.46812 -1.18618]
backward step  1675/2000
  vertex: median_particle_distance=1.69364593 mean_total_displacement=1.915102e-03 witness_total=[-1.99811 -0.34846  1.49804 -1.16559]
backward step  1700/2000
  vertex: median_particle_distance=1.72408429 mean_total_displacement=1.952356e-03 witness_total=[-2.02567 -0.36246  1.52846 -1.14421]
backward step  1725/2000
  vertex: median_particle_distance=1.75583927 mean_total_displacement=1.991401e-03 witness_total=[-2.05286 -0.37816  1.55928 -1.12194]
backward step  1750/2000
  vertex: median_particle_distance=1.78895751 mean_total_displacement=2.032814e-03 witness_total=[-2.07966 -0.3956   1.59038 -1.09867]
backward step  1775/2000
  vertex: median_particle_distance=1.82348701 mean_total_displacement=2.077206e-03 witness_total=[-2.10598 -0.41485  1.62165 -1.07418]
backward step  1800/2000
  vertex: median_particle_distance=1.85947720 mean_total_displacement=2.125544e-03 witness_total=[-2.13167 -0.43593  1.65296 -1.04817]
backward step  1825/2000
  vertex: median_particle_distance=1.89697938 mean_total_displacement=2.179752e-03 witness_total=[-2.15646 -0.45885  1.68419 -1.02021]
backward step  1850/2000
  vertex: median_particle_distance=1.93604800 mean_total_displacement=2.243839e-03 witness_total=[-2.17995 -0.48363  1.71513 -0.98964]
backward step  1875/2000
  vertex: median_particle_distance=1.97674379 mean_total_displacement=2.326102e-03 witness_total=[-2.20148 -0.51026  1.74551 -0.95553]
backward step  1900/2000
  vertex: median_particle_distance=2.01914144 mean_total_displacement=2.444000e-03 witness_total=[-2.22007 -0.53871  1.7749  -0.91644]
backward step  1925/2000
  vertex: median_particle_distance=2.06334875 mean_total_displacement=2.636664e-03 witness_total=[-2.23409 -0.56875  1.8025  -0.87009]
backward step  1950/2000
  vertex: median_particle_distance=2.10955536 mean_total_displacement=3.004383e-03 witness_total=[-2.24058 -0.59959  1.82683 -0.81251]
backward step  1975/2000
  vertex: median_particle_distance=2.15816319 mean_total_displacement=3.877184e-03 witness_total=[-2.23284 -0.62844  1.84503 -0.73576]
backward step  2000/2000
  vertex: median_particle_distance=2.21012872 mean_total_displacement=7.150139e-03 witness_total=[-2.18661 -0.64507  1.855   -0.6184 ]
backward step     0/2000
  shared_d1: median_particle_distance=0.91759707 mean_total_displacement=0.000000e+00 witness_total=[-0.40233  0.57636  0.57788  1.32893]
backward step    25/2000
  shared_d1: median_particle_distance=0.91859697 mean_total_displacement=1.046883e-03 witness_total=[-0.4015   0.5907   0.58848  1.31144]
backward step    50/2000
  shared_d1: median_particle_distance=0.91929370 mean_total_displacement=1.126151e-03 witness_total=[-0.40057  0.60548  0.59885  1.29105]
backward step    75/2000
  shared_d1: median_particle_distance=0.91955135 mean_total_displacement=1.176617e-03 witness_total=[-0.39989  0.62012  0.60867  1.2682 ]
backward step   100/2000
  shared_d1: median_particle_distance=0.91930934 mean_total_displacement=1.192436e-03 witness_total=[-0.40008  0.63425  0.61809  1.24385]
backward step   125/2000
  shared_d1: median_particle_distance=0.91859614 mean_total_displacement=1.182713e-03 witness_total=[-0.40164  0.64745  0.62755  1.21902]
backward step   150/2000
  shared_d1: median_particle_distance=0.91751613 mean_total_displacement=1.171382e-03 witness_total=[-0.40461  0.65936  0.63761  1.19428]
backward step   175/2000
  shared_d1: median_particle_distance=0.91621853 mean_total_displacement=1.176964e-03 witness_total=[-0.40854  0.66998  0.6487   1.16962]
backward step   200/2000
  shared_d1: median_particle_distance=0.91488961 mean_total_displacement=1.185774e-03 witness_total=[-0.41248  0.67981  0.66078  1.14479]
backward step   225/2000
  shared_d1: median_particle_distance=0.91372837 mean_total_displacement=1.157666e-03 witness_total=[-0.41539  0.68935  0.67333  1.12015]
backward step   250/2000
  shared_d1: median_particle_distance=0.91286925 mean_total_displacement=1.063198e-03 witness_total=[-0.4167   0.69867  0.68577  1.09708]
backward step   275/2000
  shared_d1: median_particle_distance=0.91233317 mean_total_displacement=9.136091e-04 witness_total=[-0.4164   0.7073   0.69799  1.07743]
backward step   300/2000
  shared_d1: median_particle_distance=0.91207121 mean_total_displacement=7.514491e-04 witness_total=[-0.41461  0.71476  0.71013  1.06254]
backward step   325/2000
  shared_d1: median_particle_distance=0.91206409 mean_total_displacement=6.119023e-04 witness_total=[-0.4115   0.7211   0.72189  1.05272]
backward step   350/2000
  shared_d1: median_particle_distance=0.91235177 mean_total_displacement=5.079014e-04 witness_total=[-0.40753  0.7267   0.73262  1.04734]
backward step   375/2000
  shared_d1: median_particle_distance=0.91296710 mean_total_displacement=4.428029e-04 witness_total=[-0.40323  0.73197  0.742    1.04539]
backward step   400/2000
  shared_d1: median_particle_distance=0.91389768 mean_total_displacement=4.123998e-04 witness_total=[-0.39894  0.73718  0.75015  1.04589]
backward step   425/2000
  shared_d1: median_particle_distance=0.91510645 mean_total_displacement=4.060757e-04 witness_total=[-0.39477  0.74253  0.75741  1.04809]
backward step   450/2000
  shared_d1: median_particle_distance=0.91655715 mean_total_displacement=4.135888e-04 witness_total=[-0.39075  0.74816  0.76411  1.05151]
backward step   475/2000
  shared_d1: median_particle_distance=0.91822396 mean_total_displacement=4.282902e-04 witness_total=[-0.38688  0.75416  0.77053  1.05582]
backward step   500/2000
  shared_d1: median_particle_distance=0.92009196 mean_total_displacement=4.464552e-04 witness_total=[-0.38317  0.76058  0.77684  1.06081]
backward step   525/2000
  shared_d1: median_particle_distance=0.92215490 mean_total_displacement=4.659312e-04 witness_total=[-0.37965  0.76745  0.78318  1.06632]
backward step   550/2000
  shared_d1: median_particle_distance=0.92441303 mean_total_displacement=4.852849e-04 witness_total=[-0.37636  0.77479  0.78964  1.07224]
backward step   575/2000
  shared_d1: median_particle_distance=0.92687161 mean_total_displacement=5.034487e-04 witness_total=[-0.37333  0.7826   0.7963   1.07846]
backward step   600/2000
  shared_d1: median_particle_distance=0.92954035 mean_total_displacement=5.196888e-04 witness_total=[-0.37062  0.79086  0.80318  1.08485]
backward step   625/2000
  shared_d1: median_particle_distance=0.93243376 mean_total_displacement=5.337727e-04 witness_total=[-0.36831  0.79957  0.81033  1.09128]
backward step   650/2000
  shared_d1: median_particle_distance=0.93557223 mean_total_displacement=5.462352e-04 witness_total=[-0.36647  0.80872  0.81779  1.09758]
backward step   675/2000
  shared_d1: median_particle_distance=0.93898316 mean_total_displacement=5.586083e-04 witness_total=[-0.36521  0.81835  0.82558  1.10356]
backward step   700/2000
  shared_d1: median_particle_distance=0.94270056 mean_total_displacement=5.732997e-04 witness_total=[-0.36463  0.82851  0.83375  1.10902]
backward step   725/2000
  shared_d1: median_particle_distance=0.94675941 mean_total_displacement=5.924056e-04 witness_total=[-0.36482  0.83927  0.84233  1.11379]
backward step   750/2000
  shared_d1: median_particle_distance=0.95117905 mean_total_displacement=6.146222e-04 witness_total=[-0.3658   0.85061  0.8514   1.1178 ]
backward step   775/2000
  shared_d1: median_particle_distance=0.95593276 mean_total_displacement=6.322196e-04 witness_total=[-0.36744  0.86232  0.861    1.12125]
backward step   800/2000
  shared_d1: median_particle_distance=0.96092331 mean_total_displacement=6.366017e-04 witness_total=[-0.36933  0.87391  0.87115  1.12465]
backward step   825/2000
  shared_d1: median_particle_distance=0.96601322 mean_total_displacement=6.329899e-04 witness_total=[-0.3709   0.88475  0.88186  1.12875]
backward step   850/2000
  shared_d1: median_particle_distance=0.97110955 mean_total_displacement=6.379782e-04 witness_total=[-0.37173  0.89448  0.89313  1.13413]
backward step   875/2000
  shared_d1: median_particle_distance=0.97621006 mean_total_displacement=6.595426e-04 witness_total=[-0.3717   0.90313  0.90497  1.14097]
backward step   900/2000
  shared_d1: median_particle_distance=0.98137441 mean_total_displacement=6.942574e-04 witness_total=[-0.3709   0.91099  0.91746  1.14919]
backward step   925/2000
  shared_d1: median_particle_distance=0.98667937 mean_total_displacement=7.368060e-04 witness_total=[-0.36951  0.91842  0.93067  1.1586 ]
backward step   950/2000
  shared_d1: median_particle_distance=0.99219518 mean_total_displacement=7.842244e-04 witness_total=[-0.36766  0.92569  0.9447   1.16904]
backward step   975/2000
  shared_d1: median_particle_distance=0.99797952 mean_total_displacement=8.355617e-04 witness_total=[-0.36548  0.93305  0.95964  1.18037]
backward step  1000/2000
  shared_d1: median_particle_distance=1.00407851 mean_total_displacement=8.908618e-04 witness_total=[-0.36306  0.94067  0.97561  1.19252]
backward step  1025/2000
  shared_d1: median_particle_distance=1.01052916 mean_total_displacement=9.505330e-04 witness_total=[-0.36048  0.94869  0.99272  1.20544]
backward step  1050/2000
  shared_d1: median_particle_distance=1.01736186 mean_total_displacement=1.015037e-03 witness_total=[-0.35782  0.95725  1.0111   1.21911]
backward step  1075/2000
  shared_d1: median_particle_distance=1.02460226 mean_total_displacement=1.084727e-03 witness_total=[-0.35515  0.96647  1.03085  1.23353]
backward step  1100/2000
  shared_d1: median_particle_distance=1.03227287 mean_total_displacement=1.159757e-03 witness_total=[-0.35253  0.97643  1.05212  1.2487 ]
backward step  1125/2000
  shared_d1: median_particle_distance=1.04039450 mean_total_displacement=1.240013e-03 witness_total=[-0.35007  0.98725  1.075    1.26467]
backward step  1150/2000
  shared_d1: median_particle_distance=1.04898756 mean_total_displacement=1.325110e-03 witness_total=[-0.34783  0.99902  1.0996   1.28144]
backward step  1175/2000
  shared_d1: median_particle_distance=1.05807321 mean_total_displacement=1.414440e-03 witness_total=[-0.3459   1.01181  1.126    1.29908]
backward step  1200/2000
  shared_d1: median_particle_distance=1.06767404 mean_total_displacement=1.507271e-03 witness_total=[-0.34435  1.02568  1.15426  1.3176 ]
backward step  1225/2000
  shared_d1: median_particle_distance=1.07781441 mean_total_displacement=1.602877e-03 witness_total=[-0.34325  1.04069  1.18443  1.33705]
backward step  1250/2000
  shared_d1: median_particle_distance=1.08852034 mean_total_displacement=1.700626e-03 witness_total=[-0.34262  1.05686  1.21652  1.35748]
backward step  1275/2000
  shared_d1: median_particle_distance=1.09981915 mean_total_displacement=1.800022e-03 witness_total=[-0.34252  1.0742   1.25054  1.37893]
backward step  1300/2000
  shared_d1: median_particle_distance=1.11173902 mean_total_displacement=1.900692e-03 witness_total=[-0.34294  1.09273  1.28651  1.40146]
backward step  1325/2000
  shared_d1: median_particle_distance=1.12430861 mean_total_displacement=2.002363e-03 witness_total=[-0.34389  1.11241  1.32442  1.42511]
backward step  1350/2000
  shared_d1: median_particle_distance=1.13755685 mean_total_displacement=2.104831e-03 witness_total=[-0.34536  1.13323  1.36427  1.44995]
backward step  1375/2000
  shared_d1: median_particle_distance=1.15151271 mean_total_displacement=2.207954e-03 witness_total=[-0.34734  1.15516  1.40606  1.47604]
backward step  1400/2000
  shared_d1: median_particle_distance=1.16620507 mean_total_displacement=2.311643e-03 witness_total=[-0.34982  1.17815  1.44979  1.50344]
backward step  1425/2000
  shared_d1: median_particle_distance=1.18166262 mean_total_displacement=2.415862e-03 witness_total=[-0.35276  1.20216  1.49545  1.53221]
backward step  1450/2000
  shared_d1: median_particle_distance=1.19791373 mean_total_displacement=2.520620e-03 witness_total=[-0.35615  1.22716  1.54304  1.56243]
backward step  1475/2000
  shared_d1: median_particle_distance=1.21498636 mean_total_displacement=2.625966e-03 witness_total=[-0.35997  1.2531   1.59254  1.59415]
backward step  1500/2000
  shared_d1: median_particle_distance=1.23290793 mean_total_displacement=2.731974e-03 witness_total=[-0.36422  1.27996  1.64397  1.62744]
backward step  1525/2000
  shared_d1: median_particle_distance=1.25170516 mean_total_displacement=2.838739e-03 witness_total=[-0.36889  1.30769  1.69732  1.66236]
backward step  1550/2000
  shared_d1: median_particle_distance=1.27140398 mean_total_displacement=2.946370e-03 witness_total=[-0.37398  1.33627  1.75258  1.69897]
backward step  1575/2000
  shared_d1: median_particle_distance=1.29202932 mean_total_displacement=3.054991e-03 witness_total=[-0.37949  1.36566  1.80976  1.73734]
backward step  1600/2000
  shared_d1: median_particle_distance=1.31360491 mean_total_displacement=3.164752e-03 witness_total=[-0.38545  1.39585  1.86885  1.77751]
backward step  1625/2000
  shared_d1: median_particle_distance=1.33615311 mean_total_displacement=3.275846e-03 witness_total=[-0.39187  1.4268   1.92986  1.81956]
backward step  1650/2000
  shared_d1: median_particle_distance=1.35969468 mean_total_displacement=3.388531e-03 witness_total=[-0.39878  1.45849  1.9928   1.86356]
backward step  1675/2000
  shared_d1: median_particle_distance=1.38424852 mean_total_displacement=3.503159e-03 witness_total=[-0.40622  1.49089  2.05767  1.90956]
backward step  1700/2000
  shared_d1: median_particle_distance=1.40983150 mean_total_displacement=3.620204e-03 witness_total=[-0.41423  1.52398  2.12449  1.95766]
backward step  1725/2000
  shared_d1: median_particle_distance=1.43645823 mean_total_displacement=3.740303e-03 witness_total=[-0.42286  1.55773  2.1933   2.00793]
backward step  1750/2000
  shared_d1: median_particle_distance=1.46414089 mean_total_displacement=3.864314e-03 witness_total=[-0.43216  1.59209  2.26415  2.06045]
backward step  1775/2000
  shared_d1: median_particle_distance=1.49288909 mean_total_displacement=3.993432e-03 witness_total=[-0.4422   1.62703  2.33711  2.11535]
backward step  1800/2000
  shared_d1: median_particle_distance=1.52270965 mean_total_displacement=4.129384e-03 witness_total=[-0.45302  1.6625   2.41228  2.17274]
backward step  1825/2000
  shared_d1: median_particle_distance=1.55360630 mean_total_displacement=4.274777e-03 witness_total=[-0.46471  1.69843  2.48984  2.23277]
backward step  1850/2000
  shared_d1: median_particle_distance=1.58557929 mean_total_displacement=4.433764e-03 witness_total=[-0.47734  1.73476  2.57002  2.29562]
backward step  1875/2000
  shared_d1: median_particle_distance=1.61862469 mean_total_displacement=4.613450e-03 witness_total=[-0.491    1.77141  2.65322  2.36154]
backward step  1900/2000
  shared_d1: median_particle_distance=1.65273246 mean_total_displacement=4.827523e-03 witness_total=[-0.50586  1.80833  2.74009  2.43082]
backward step  1925/2000
  shared_d1: median_particle_distance=1.68787916 mean_total_displacement=5.107807e-03 witness_total=[-0.52225  1.84561  2.83184  2.50385]
backward step  1950/2000
  shared_d1: median_particle_distance=1.72399799 mean_total_displacement=5.548940e-03 witness_total=[-0.54131  1.88387  2.93118  2.58109]
backward step  1975/2000
  shared_d1: median_particle_distance=1.76093548 mean_total_displacement=6.449043e-03 witness_total=[-0.56793  1.92571  3.04463  2.66387]
backward step  2000/2000
  shared_d1: median_particle_distance=1.80030300 mean_total_displacement=7.348777e-03 witness_total=[-0.61856  1.98551  3.16684  2.76183]
RESULT_DIRECTORY=E:\Desktop\AnewOmni\4.5hypothesis\experiments\10_lambda_frame_particle_sweep\results\002_20260720T200720_834951Z_seed45-46-47\conditions\seed45_p10\runs\001_20260720T205329_776209Z_seed45
generated 2 figure(s)
