EFS parameters: saved config E:\Desktop\AnewOmni\4.5hypothesis\experiments\10_lambda_frame_particle_sweep\best_config.json; warning: selected with a different particles-per-source value
pass 1, target present: 2052 particles in one pooled plane
forward step     0/2000: mean_particle_distance=2.38541035 rms_radius=1.85766643 max_force=0.000000e+00 max_update=0.000000e+00
forward step   100/2000: mean_particle_distance=2.19420906 rms_radius=1.70174193 max_force=5.929963e+00 max_update=5.929963e-03
forward step   200/2000: mean_particle_distance=2.01904770 rms_radius=1.56036926 max_force=5.364624e+00 max_update=5.364624e-03
forward step   300/2000: mean_particle_distance=1.86463901 rms_radius=1.43556123 max_force=4.852888e+00 max_update=4.852888e-03
forward step   400/2000: mean_particle_distance=1.73088526 rms_radius=1.32699558 max_force=4.389525e+00 max_update=4.389525e-03
forward step   500/2000: mean_particle_distance=1.61687868 rms_radius=1.23396824 max_force=3.969742e+00 max_update=3.969742e-03
forward step   600/2000: mean_particle_distance=1.52131893 rms_radius=1.15556808 max_force=3.589104e+00 max_update=3.589104e-03
forward step   700/2000: mean_particle_distance=1.44262437 rms_radius=1.09069207 max_force=3.243453e+00 max_update=3.243453e-03
forward step   800/2000: mean_particle_distance=1.37900187 rms_radius=1.03804958 max_force=2.928795e+00 max_update=2.928795e-03
forward step   900/2000: mean_particle_distance=1.32852563 rms_radius=0.99619335 max_force=2.641155e+00 max_update=2.641155e-03
forward step  1000/2000: mean_particle_distance=1.28922621 rms_radius=0.96358130 max_force=2.376365e+00 max_update=2.376365e-03
forward step  1100/2000: mean_particle_distance=1.25918002 rms_radius=0.93865858 max_force=2.129738e+00 max_update=2.129738e-03
forward step  1200/2000: mean_particle_distance=1.23659058 rms_radius=0.91994318 max_force=1.895599e+00 max_update=1.895599e-03
forward step  1300/2000: mean_particle_distance=1.21985464 rms_radius=0.90609847 max_force=1.666767e+00 max_update=1.666767e-03
forward step  1400/2000: mean_particle_distance=1.20760419 rms_radius=0.89597965 max_force=1.434762e+00 max_update=1.434762e-03
forward step  1500/2000: mean_particle_distance=1.19872011 rms_radius=0.88865058 max_force=1.193451e+00 max_update=1.193451e-03
forward step  1600/2000: mean_particle_distance=1.19232038 rms_radius=0.88337526 max_force=9.495767e-01 max_update=9.495767e-04
forward step  1700/2000: mean_particle_distance=1.18773040 rms_radius=0.87959256 max_force=7.293335e-01 max_update=7.293335e-04
forward step  1800/2000: mean_particle_distance=1.18444564 rms_radius=0.87688435 max_force=5.564350e-01 max_update=5.564350e-04
forward step  1900/2000: mean_particle_distance=1.18209532 rms_radius=0.87494453 max_force=4.303653e-01 max_update=4.303653e-04
forward step  2000/2000: mean_particle_distance=1.18041087 rms_radius=0.87355210 max_force=3.385120e-01 max_update=3.385120e-04
pass 2, target removed: 2048 particles in one pooled plane
forward step     0/2000: mean_particle_distance=2.38462030 rms_radius=1.85694717 max_force=0.000000e+00 max_update=0.000000e+00
forward step   100/2000: mean_particle_distance=2.19348388 rms_radius=1.70108890 max_force=5.929780e+00 max_update=5.929780e-03
forward step   200/2000: mean_particle_distance=2.01839855 rms_radius=1.55978398 max_force=5.364457e+00 max_update=5.364457e-03
forward step   300/2000: mean_particle_distance=1.86406041 rms_radius=1.43503851 max_force=4.852736e+00 max_update=4.852736e-03
forward step   400/2000: mean_particle_distance=1.73037120 rms_radius=1.32653054 max_force=4.389387e+00 max_update=4.389387e-03
forward step   500/2000: mean_particle_distance=1.61642410 rms_radius=1.23355691 max_force=3.969616e+00 max_update=3.969616e-03
forward step   600/2000: mean_particle_distance=1.52091974 rms_radius=1.15520716 max_force=3.588989e+00 max_update=3.588989e-03
forward step   700/2000: mean_particle_distance=1.44227689 rms_radius=1.09037848 max_force=3.243348e+00 max_update=3.243348e-03
forward step   800/2000: mean_particle_distance=1.37870233 rms_radius=1.03778012 max_force=2.928698e+00 max_update=2.928698e-03
forward step   900/2000: mean_particle_distance=1.32827008 rms_radius=0.99596454 max_force=2.641065e+00 max_update=2.641065e-03
forward step  1000/2000: mean_particle_distance=1.28901057 rms_radius=0.96338941 max_force=2.376280e+00 max_update=2.376280e-03
forward step  1100/2000: mean_particle_distance=1.25900000 rms_radius=0.93849953 max_force=2.129656e+00 max_update=2.129656e-03
forward step  1200/2000: mean_particle_distance=1.23644152 rms_radius=0.91981248 max_force=1.895518e+00 max_update=1.895518e-03
forward step  1300/2000: mean_particle_distance=1.21973169 rms_radius=0.90599149 max_force=1.666683e+00 max_update=1.666683e-03
forward step  1400/2000: mean_particle_distance=1.20750269 rms_radius=0.89589199 max_force=1.434673e+00 max_update=1.434673e-03
forward step  1500/2000: mean_particle_distance=1.19863584 rms_radius=0.88857830 max_force=1.193364e+00 max_update=1.193364e-03
forward step  1600/2000: mean_particle_distance=1.19224969 rms_radius=0.88331502 max_force=9.495145e-01 max_update=9.495145e-04
forward step  1700/2000: mean_particle_distance=1.18767029 rms_radius=0.87954163 max_force=7.293234e-01 max_update=7.293234e-04
forward step  1800/2000: mean_particle_distance=1.18439372 rms_radius=0.87684059 max_force=5.564612e-01 max_update=5.564612e-04
forward step  1900/2000: mean_particle_distance=1.18204976 rms_radius=0.87490630 max_force=4.303776e-01 max_update=4.303776e-04
forward step  2000/2000: mean_particle_distance=1.18037027 rms_radius=0.87351818 max_force=3.384762e-01 max_update=3.384762e-04
backward step     0/2000
  vertex: median_particle_distance=1.04843248 mean_total_displacement=0.000000e+00 witness_total=[ 0.79871 -0.06668 -2.23713 -0.15187]
backward step   100/2000
  vertex: median_particle_distance=1.05161938 mean_total_displacement=2.707315e-04 witness_total=[ 0.81178 -0.08409 -2.24026 -0.14039]
backward step   200/2000
  vertex: median_particle_distance=1.05603373 mean_total_displacement=3.213106e-04 witness_total=[ 0.8273  -0.10431 -2.24547 -0.12645]
backward step   300/2000
  vertex: median_particle_distance=1.06219802 mean_total_displacement=3.872432e-04 witness_total=[ 0.84576 -0.1281  -2.25324 -0.10973]
backward step   400/2000
  vertex: median_particle_distance=1.07090142 mean_total_displacement=4.742831e-04 witness_total=[ 0.86802 -0.15678 -2.26422 -0.08964]
backward step   500/2000
  vertex: median_particle_distance=1.08320926 mean_total_displacement=5.861462e-04 witness_total=[ 0.89522 -0.19203 -2.27923 -0.06541]
backward step   600/2000
  vertex: median_particle_distance=1.10040252 mean_total_displacement=7.183065e-04 witness_total=[ 0.92886 -0.23524 -2.29915 -0.03623]
backward step   700/2000
  vertex: median_particle_distance=1.12384468 mean_total_displacement=8.597632e-04 witness_total=[ 9.70775e-01 -2.86612e-01 -2.32453e+00 -1.74158e-03]
backward step   800/2000
  vertex: median_particle_distance=1.15491885 mean_total_displacement=1.007671e-03 witness_total=[ 1.02328 -0.34512 -2.3558   0.03772]
backward step   900/2000
  vertex: median_particle_distance=1.19494921 mean_total_displacement=1.167589e-03 witness_total=[ 1.08856 -0.40954 -2.39393  0.08193]
backward step  1000/2000
  vertex: median_particle_distance=1.24505769 mean_total_displacement=1.341688e-03 witness_total=[ 1.16777 -0.47923 -2.44042  0.13128]
backward step  1100/2000
  vertex: median_particle_distance=1.30627381 mean_total_displacement=1.533280e-03 witness_total=[ 1.26139 -0.55423 -2.49727  0.18621]
backward step  1200/2000
  vertex: median_particle_distance=1.37971185 mean_total_displacement=1.748770e-03 witness_total=[ 1.37003 -0.63511 -2.56709  0.24677]
backward step  1300/2000
  vertex: median_particle_distance=1.46656593 mean_total_displacement=1.992807e-03 witness_total=[ 1.49472 -0.72246 -2.65301  0.313  ]
backward step  1400/2000
  vertex: median_particle_distance=1.56823660 mean_total_displacement=2.265779e-03 witness_total=[ 1.63663 -0.81656 -2.75825  0.38527]
backward step  1500/2000
  vertex: median_particle_distance=1.68660625 mean_total_displacement=2.562913e-03 witness_total=[ 1.79667 -0.91758 -2.88569  0.4641 ]
backward step  1600/2000
  vertex: median_particle_distance=1.82399567 mean_total_displacement=2.875309e-03 witness_total=[ 1.97516 -1.02615 -3.03727  0.5498 ]
backward step  1700/2000
  vertex: median_particle_distance=1.98265173 mean_total_displacement=3.195782e-03 witness_total=[ 2.17175 -1.1435  -3.21376  0.64269]
backward step  1800/2000
  vertex: median_particle_distance=2.16429754 mean_total_displacement=3.530178e-03 witness_total=[ 2.38646 -1.27019 -3.41496  0.74493]
backward step  1900/2000
  vertex: median_particle_distance=2.37020377 mean_total_displacement=3.896893e-03 witness_total=[ 2.62188 -1.40288 -3.63971  0.86418]
backward step  2000/2000
  vertex: median_particle_distance=2.60418550 mean_total_displacement=4.281744e-03 witness_total=[ 2.88441 -1.52699 -3.87691  1.02706]
backward step     0/2000
  shared_d1: median_particle_distance=0.95132027 mean_total_displacement=0.000000e+00 witness_total=[ 1.05843 -0.54548 -0.5224  -0.26725]
backward step   100/2000
  shared_d1: median_particle_distance=0.94681035 mean_total_displacement=1.440898e-03 witness_total=[ 1.14188 -0.58947 -0.57092 -0.27814]
backward step   200/2000
  shared_d1: median_particle_distance=0.94730764 mean_total_displacement=8.333821e-04 witness_total=[ 1.21765 -0.6683  -0.62647 -0.22104]
backward step   300/2000
  shared_d1: median_particle_distance=0.95919238 mean_total_displacement=1.618538e-03 witness_total=[ 1.26429 -0.74967 -0.63628 -0.17411]
backward step   400/2000
  shared_d1: median_particle_distance=1.00013948 mean_total_displacement=8.738573e-04 witness_total=[ 1.31814 -0.87454 -0.63107 -0.08451]
backward step   500/2000
  shared_d1: median_particle_distance=1.02667207 mean_total_displacement=5.801815e-04 witness_total=[ 1.344   -0.90862 -0.6677  -0.06394]
backward step   600/2000
  shared_d1: median_particle_distance=1.05311913 mean_total_displacement=6.775951e-04 witness_total=[ 1.37381 -0.939   -0.71073 -0.04754]
backward step   700/2000
  shared_d1: median_particle_distance=1.08396537 mean_total_displacement=7.960557e-04 witness_total=[ 1.41053 -0.9745  -0.75974 -0.02747]
backward step   800/2000
  shared_d1: median_particle_distance=1.11998932 mean_total_displacement=9.348560e-04 witness_total=[ 1.45583 -1.01611 -0.81542 -0.00325]
backward step   900/2000
  shared_d1: median_particle_distance=1.16202201 mean_total_displacement=1.095865e-03 witness_total=[ 1.51151 -1.06492 -0.8785   0.02545]
backward step  1000/2000
  shared_d1: median_particle_distance=1.21096578 mean_total_displacement=1.279791e-03 witness_total=[ 1.57942 -1.12208 -0.94983  0.0589 ]
backward step  1100/2000
  shared_d1: median_particle_distance=1.26776272 mean_total_displacement=1.486018e-03 witness_total=[ 1.66133 -1.18852 -1.03051  0.09724]
backward step  1200/2000
  shared_d1: median_particle_distance=1.33335242 mean_total_displacement=1.714493e-03 witness_total=[ 1.75892 -1.26464 -1.12214  0.14044]
backward step  1300/2000
  shared_d1: median_particle_distance=1.40864264 mean_total_displacement=1.968051e-03 witness_total=[ 1.87386 -1.35026 -1.22719  0.18824]
backward step  1400/2000
  shared_d1: median_particle_distance=1.49452854 mean_total_displacement=2.251536e-03 witness_total=[ 2.00774 -1.44483 -1.34913  0.2404 ]
backward step  1500/2000
  shared_d1: median_particle_distance=1.59175478 mean_total_displacement=2.566095e-03 witness_total=[ 2.16182 -1.54781 -1.49202  0.29712]
backward step  1600/2000
  shared_d1: median_particle_distance=1.70040874 mean_total_displacement=2.904784e-03 witness_total=[ 2.33634 -1.65902 -1.65939  0.36032]
backward step  1700/2000
  shared_d1: median_particle_distance=1.81936096 mean_total_displacement=3.251971e-03 witness_total=[ 2.52926 -1.77831 -1.85391  0.43499]
backward step  1800/2000
  shared_d1: median_particle_distance=1.94552937 mean_total_displacement=3.605700e-03 witness_total=[ 2.73464 -1.90402 -2.07899  0.52906]
backward step  1900/2000
  shared_d1: median_particle_distance=2.07041847 mean_total_displacement=4.112698e-03 witness_total=[ 2.941   -2.03281 -2.34284  0.66182]
backward step  2000/2000
  shared_d1: median_particle_distance=2.14881938 mean_total_displacement=1.485958e-02 witness_total=[ 3.13093 -2.17855 -2.73587  1.00074]
RESULT_DIRECTORY=E:\Desktop\AnewOmni\4.5hypothesis\experiments\10_lambda_frame_particle_sweep\results\001_20260720T111809_739219Z_seed42-43-44\conditions\seed43_p04\runs\001_20260720T161335_569827Z_seed43
generated 2 figure(s)
