EFS parameters: saved config E:\Desktop\AnewOmni\4.5hypothesis\experiments\10_lambda_frame_particle_sweep\best_config.json; warning: selected with a different particles-per-source value
pass 1, target present: 3591 particles in one pooled plane
forward step     0/2000: mean_particle_distance=2.55548621 rms_radius=1.96911753 max_force=0.000000e+00 max_update=0.000000e+00
forward step    25/2000: mean_particle_distance=2.50316539 rms_radius=1.92643171 max_force=8.001094e+00 max_update=8.001094e-03
forward step    50/2000: mean_particle_distance=2.45013357 rms_radius=1.88389492 max_force=7.803366e+00 max_update=7.803366e-03
forward step    75/2000: mean_particle_distance=2.39768358 rms_radius=1.84209996 max_force=7.610521e+00 max_update=7.610521e-03
forward step   100/2000: mean_particle_distance=2.34620299 rms_radius=1.80122413 max_force=7.422438e+00 max_update=7.422438e-03
forward step   125/2000: mean_particle_distance=2.29586384 rms_radius=1.76134314 max_force=7.238999e+00 max_update=7.238999e-03
forward step   150/2000: mean_particle_distance=2.24675485 rms_radius=1.72249310 max_force=7.060088e+00 max_update=7.060088e-03
forward step   175/2000: mean_particle_distance=2.19892480 rms_radius=1.68469108 max_force=6.885594e+00 max_update=6.885594e-03
forward step   200/2000: mean_particle_distance=2.15240082 rms_radius=1.64794386 max_force=6.715406e+00 max_update=6.715406e-03
forward step   225/2000: mean_particle_distance=2.10719721 rms_radius=1.61225230 max_force=6.549418e+00 max_update=6.549418e-03
forward step   250/2000: mean_particle_distance=2.06332030 rms_radius=1.57761358 max_force=6.387526e+00 max_update=6.387526e-03
forward step   275/2000: mean_particle_distance=2.02077121 rms_radius=1.54402262 max_force=6.229627e+00 max_update=6.229627e-03
forward step   300/2000: mean_particle_distance=1.97954750 rms_radius=1.51147285 max_force=6.075622e+00 max_update=6.075622e-03
forward step   325/2000: mean_particle_distance=1.93964429 rms_radius=1.47995674 max_force=5.925415e+00 max_update=5.925415e-03
forward step   350/2000: mean_particle_distance=1.90105486 rms_radius=1.44946610 max_force=5.778910e+00 max_update=5.778910e-03
forward step   375/2000: mean_particle_distance=1.86377113 rms_radius=1.41999230 max_force=5.636016e+00 max_update=5.636016e-03
forward step   400/2000: mean_particle_distance=1.82778389 rms_radius=1.39152634 max_force=5.496641e+00 max_update=5.496641e-03
forward step   425/2000: mean_particle_distance=1.79308296 rms_radius=1.36405892 max_force=5.360698e+00 max_update=5.360698e-03
forward step   450/2000: mean_particle_distance=1.75965724 rms_radius=1.33758044 max_force=5.228101e+00 max_update=5.228101e-03
forward step   475/2000: mean_particle_distance=1.72749470 rms_radius=1.31208093 max_force=5.098765e+00 max_update=5.098765e-03
forward step   500/2000: mean_particle_distance=1.69658237 rms_radius=1.28755005 max_force=4.972608e+00 max_update=4.972608e-03
forward step   525/2000: mean_particle_distance=1.66690624 rms_radius=1.26397698 max_force=4.849551e+00 max_update=4.849551e-03
forward step   550/2000: mean_particle_distance=1.63845120 rms_radius=1.24135033 max_force=4.729514e+00 max_update=4.729514e-03
forward step   575/2000: mean_particle_distance=1.61120092 rms_radius=1.21965805 max_force=4.612421e+00 max_update=4.612421e-03
forward step   600/2000: mean_particle_distance=1.58513778 rms_radius=1.19888736 max_force=4.498196e+00 max_update=4.498196e-03
forward step   625/2000: mean_particle_distance=1.56024280 rms_radius=1.17902465 max_force=4.386766e+00 max_update=4.386766e-03
forward step   650/2000: mean_particle_distance=1.53649557 rms_radius=1.16005539 max_force=4.278060e+00 max_update=4.278060e-03
forward step   675/2000: mean_particle_distance=1.51387420 rms_radius=1.14196406 max_force=4.172006e+00 max_update=4.172006e-03
forward step   700/2000: mean_particle_distance=1.49235534 rms_radius=1.12473415 max_force=4.068535e+00 max_update=4.068535e-03
forward step   725/2000: mean_particle_distance=1.47191414 rms_radius=1.10834803 max_force=3.967580e+00 max_update=3.967580e-03
forward step   750/2000: mean_particle_distance=1.45252431 rms_radius=1.09278705 max_force=3.869073e+00 max_update=3.869073e-03
forward step   775/2000: mean_particle_distance=1.43415818 rms_radius=1.07803142 max_force=3.772949e+00 max_update=3.772949e-03
forward step   800/2000: mean_particle_distance=1.41678679 rms_radius=1.06406035 max_force=3.679145e+00 max_update=3.679145e-03
forward step   825/2000: mean_particle_distance=1.40037999 rms_radius=1.05085200 max_force=3.587596e+00 max_update=3.587596e-03
forward step   850/2000: mean_particle_distance=1.38490657 rms_radius=1.03838361 max_force=3.498239e+00 max_update=3.498239e-03
forward step   875/2000: mean_particle_distance=1.37033437 rms_radius=1.02663155 max_force=3.411014e+00 max_update=3.411014e-03
forward step   900/2000: mean_particle_distance=1.35663051 rms_radius=1.01557141 max_force=3.325858e+00 max_update=3.325858e-03
forward step   925/2000: mean_particle_distance=1.34376147 rms_radius=1.00517811 max_force=3.242712e+00 max_update=3.242712e-03
forward step   950/2000: mean_particle_distance=1.33169331 rms_radius=0.99542605 max_force=3.161515e+00 max_update=3.161515e-03
forward step   975/2000: mean_particle_distance=1.32039184 rms_radius=0.98628920 max_force=3.082207e+00 max_update=3.082207e-03
forward step  1000/2000: mean_particle_distance=1.30982273 rms_radius=0.97774125 max_force=3.004729e+00 max_update=3.004729e-03
forward step  1025/2000: mean_particle_distance=1.29995176 rms_radius=0.96975572 max_force=2.929021e+00 max_update=2.929021e-03
forward step  1050/2000: mean_particle_distance=1.29074490 rms_radius=0.96230613 max_force=2.855023e+00 max_update=2.855023e-03
forward step  1075/2000: mean_particle_distance=1.28216851 rms_radius=0.95536610 max_force=2.782675e+00 max_update=2.782675e-03
forward step  1100/2000: mean_particle_distance=1.27418942 rms_radius=0.94890948 max_force=2.711916e+00 max_update=2.711916e-03
forward step  1125/2000: mean_particle_distance=1.26677511 rms_radius=0.94291046 max_force=2.642686e+00 max_update=2.642686e-03
forward step  1150/2000: mean_particle_distance=1.25989379 rms_radius=0.93734368 max_force=2.574921e+00 max_update=2.574921e-03
forward step  1175/2000: mean_particle_distance=1.25351450 rms_radius=0.93218436 max_force=2.508558e+00 max_update=2.508558e-03
forward step  1200/2000: mean_particle_distance=1.24760721 rms_radius=0.92740833 max_force=2.443532e+00 max_update=2.443532e-03
forward step  1225/2000: mean_particle_distance=1.24214287 rms_radius=0.92299216 max_force=2.379775e+00 max_update=2.379775e-03
forward step  1250/2000: mean_particle_distance=1.23709349 rms_radius=0.91891319 max_force=2.317220e+00 max_update=2.317220e-03
forward step  1275/2000: mean_particle_distance=1.23243220 rms_radius=0.91514961 max_force=2.255795e+00 max_update=2.255795e-03
forward step  1300/2000: mean_particle_distance=1.22813325 rms_radius=0.91168049 max_force=2.195425e+00 max_update=2.195425e-03
forward step  1325/2000: mean_particle_distance=1.22417208 rms_radius=0.90848581 max_force=2.136034e+00 max_update=2.136034e-03
forward step  1350/2000: mean_particle_distance=1.22052530 rms_radius=0.90554651 max_force=2.077541e+00 max_update=2.077541e-03
forward step  1375/2000: mean_particle_distance=1.21717071 rms_radius=0.90284446 max_force=2.019863e+00 max_update=2.019863e-03
forward step  1400/2000: mean_particle_distance=1.21408730 rms_radius=0.90036251 max_force=1.962911e+00 max_update=1.962911e-03
forward step  1425/2000: mean_particle_distance=1.21125524 rms_radius=0.89808443 max_force=1.906594e+00 max_update=1.906594e-03
forward step  1450/2000: mean_particle_distance=1.20865584 rms_radius=0.89599496 max_force=1.850815e+00 max_update=1.850815e-03
forward step  1475/2000: mean_particle_distance=1.20627153 rms_radius=0.89407976 max_force=1.795474e+00 max_update=1.795474e-03
forward step  1500/2000: mean_particle_distance=1.20408588 rms_radius=0.89232537 max_force=1.740467e+00 max_update=1.740467e-03
forward step  1525/2000: mean_particle_distance=1.20208347 rms_radius=0.89071921 max_force=1.685686e+00 max_update=1.685686e-03
forward step  1550/2000: mean_particle_distance=1.20024994 rms_radius=0.88924955 max_force=1.631022e+00 max_update=1.631022e-03
forward step  1575/2000: mean_particle_distance=1.19857189 rms_radius=0.88790545 max_force=1.576363e+00 max_update=1.576363e-03
forward step  1600/2000: mean_particle_distance=1.19703686 rms_radius=0.88667676 max_force=1.521598e+00 max_update=1.521598e-03
forward step  1625/2000: mean_particle_distance=1.19563326 rms_radius=0.88555404 max_force=1.466619e+00 max_update=1.466619e-03
forward step  1650/2000: mean_particle_distance=1.19435039 rms_radius=0.88452854 max_force=1.411325e+00 max_update=1.411325e-03
forward step  1675/2000: mean_particle_distance=1.19317828 rms_radius=0.88359219 max_force=1.355624e+00 max_update=1.355624e-03
forward step  1700/2000: mean_particle_distance=1.19210777 rms_radius=0.88273751 max_force=1.299440e+00 max_update=1.299440e-03
forward step  1725/2000: mean_particle_distance=1.19113035 rms_radius=0.88195761 max_force=1.242716e+00 max_update=1.242716e-03
forward step  1750/2000: mean_particle_distance=1.19023820 rms_radius=0.88124613 max_force=1.185426e+00 max_update=1.185426e-03
forward step  1775/2000: mean_particle_distance=1.18942410 rms_radius=0.88059722 max_force=1.127575e+00 max_update=1.127575e-03
forward step  1800/2000: mean_particle_distance=1.18868140 rms_radius=0.88000551 max_force=1.069216e+00 max_update=1.069216e-03
forward step  1825/2000: mean_particle_distance=1.18800398 rms_radius=0.87946603 max_force=1.010455e+00 max_update=1.010455e-03
forward step  1850/2000: mean_particle_distance=1.18738623 rms_radius=0.87897425 max_force=9.514623e-01 max_update=9.514623e-04
forward step  1875/2000: mean_particle_distance=1.18682297 rms_radius=0.87852600 max_force=8.924806e-01 max_update=8.924806e-04
forward step  1900/2000: mean_particle_distance=1.18630947 rms_radius=0.87811745 max_force=8.338345e-01 max_update=8.338345e-04
forward step  1925/2000: mean_particle_distance=1.18584136 rms_radius=0.87774511 max_force=7.759299e-01 max_update=7.759299e-04
forward step  1950/2000: mean_particle_distance=1.18541468 rms_radius=0.87740576 max_force=7.192455e-01 max_update=7.192455e-04
forward step  1975/2000: mean_particle_distance=1.18502575 rms_radius=0.87709648 max_force=6.643106e-01 max_update=6.643106e-04
forward step  2000/2000: mean_particle_distance=1.18467124 rms_radius=0.87681458 max_force=6.116672e-01 max_update=6.116672e-04
pass 2, target removed: 3584 particles in one pooled plane
forward step     0/2000: mean_particle_distance=2.55571217 rms_radius=1.96928567 max_force=0.000000e+00 max_update=0.000000e+00
forward step    25/2000: mean_particle_distance=2.50338817 rms_radius=1.92659704 max_force=8.001292e+00 max_update=8.001292e-03
forward step    50/2000: mean_particle_distance=2.45035253 rms_radius=1.88405705 max_force=7.803559e+00 max_update=7.803559e-03
forward step    75/2000: mean_particle_distance=2.39789859 rms_radius=1.84225885 max_force=7.610709e+00 max_update=7.610709e-03
forward step   100/2000: mean_particle_distance=2.34641400 rms_radius=1.80137979 max_force=7.422621e+00 max_update=7.422621e-03
forward step   125/2000: mean_particle_distance=2.29607082 rms_radius=1.76149561 max_force=7.239177e+00 max_update=7.239177e-03
forward step   150/2000: mean_particle_distance=2.24695776 rms_radius=1.72264239 max_force=7.060262e+00 max_update=7.060262e-03
forward step   175/2000: mean_particle_distance=2.19912362 rms_radius=1.68483720 max_force=6.885763e+00 max_update=6.885763e-03
forward step   200/2000: mean_particle_distance=2.15259548 rms_radius=1.64808682 max_force=6.715571e+00 max_update=6.715571e-03
forward step   225/2000: mean_particle_distance=2.10738766 rms_radius=1.61239210 max_force=6.549579e+00 max_update=6.549579e-03
forward step   250/2000: mean_particle_distance=2.06350647 rms_radius=1.57775021 max_force=6.387683e+00 max_update=6.387683e-03
forward step   275/2000: mean_particle_distance=2.02095302 rms_radius=1.54415605 max_force=6.229780e+00 max_update=6.229780e-03
forward step   300/2000: mean_particle_distance=1.97972487 rms_radius=1.51160305 max_force=6.075772e+00 max_update=6.075772e-03
forward step   325/2000: mean_particle_distance=1.93981712 rms_radius=1.48008367 max_force=5.925561e+00 max_update=5.925561e-03
forward step   350/2000: mean_particle_distance=1.90122305 rms_radius=1.44958973 max_force=5.779052e+00 max_update=5.779052e-03
forward step   375/2000: mean_particle_distance=1.86393457 rms_radius=1.42011257 max_force=5.636154e+00 max_update=5.636154e-03
forward step   400/2000: mean_particle_distance=1.82794248 rms_radius=1.39164319 max_force=5.496776e+00 max_update=5.496776e-03
forward step   425/2000: mean_particle_distance=1.79323660 rms_radius=1.36417230 max_force=5.360829e+00 max_update=5.360829e-03
forward step   450/2000: mean_particle_distance=1.75980582 rms_radius=1.33769028 max_force=5.228229e+00 max_update=5.228229e-03
forward step   475/2000: mean_particle_distance=1.72763814 rms_radius=1.31218718 max_force=5.098889e+00 max_update=5.098889e-03
forward step   500/2000: mean_particle_distance=1.69672058 rms_radius=1.28765264 max_force=4.972730e+00 max_update=4.972730e-03
forward step   525/2000: mean_particle_distance=1.66703914 rms_radius=1.26407586 max_force=4.849669e+00 max_update=4.849669e-03
forward step   550/2000: mean_particle_distance=1.63857873 rms_radius=1.24144543 max_force=4.729629e+00 max_update=4.729629e-03
forward step   575/2000: mean_particle_distance=1.61132302 rms_radius=1.21974934 max_force=4.612533e+00 max_update=4.612533e-03
forward step   600/2000: mean_particle_distance=1.58525442 rms_radius=1.19897479 max_force=4.498306e+00 max_update=4.498306e-03
forward step   625/2000: mean_particle_distance=1.56035396 rms_radius=1.17910818 max_force=4.386873e+00 max_update=4.386873e-03
forward step   650/2000: mean_particle_distance=1.53660124 rms_radius=1.16013499 max_force=4.278164e+00 max_update=4.278164e-03
forward step   675/2000: mean_particle_distance=1.51397440 rms_radius=1.14203973 max_force=4.172107e+00 max_update=4.172107e-03
forward step   700/2000: mean_particle_distance=1.49245008 rms_radius=1.12480585 max_force=4.068634e+00 max_update=4.068634e-03
forward step   725/2000: mean_particle_distance=1.47200346 rms_radius=1.10841579 max_force=3.967676e+00 max_update=3.967676e-03
forward step   750/2000: mean_particle_distance=1.45260826 rms_radius=1.09285085 max_force=3.869167e+00 max_update=3.869167e-03
forward step   775/2000: mean_particle_distance=1.43423683 rms_radius=1.07809130 max_force=3.773041e+00 max_update=3.773041e-03
forward step   800/2000: mean_particle_distance=1.41686022 rms_radius=1.06411634 max_force=3.679234e+00 max_update=3.679234e-03
forward step   825/2000: mean_particle_distance=1.40044829 rms_radius=1.05090414 max_force=3.587682e+00 max_update=3.587682e-03
forward step   850/2000: mean_particle_distance=1.38496985 rms_radius=1.03843197 max_force=3.498324e+00 max_update=3.498324e-03
forward step   875/2000: mean_particle_distance=1.37039275 rms_radius=1.02667619 max_force=3.411096e+00 max_update=3.411096e-03
forward step   900/2000: mean_particle_distance=1.35668413 rms_radius=1.01561241 max_force=3.325938e+00 max_update=3.325938e-03
forward step   925/2000: mean_particle_distance=1.34381047 rms_radius=1.00521558 max_force=3.242790e+00 max_update=3.242790e-03
forward step   950/2000: mean_particle_distance=1.33173786 rms_radius=0.99546009 max_force=3.161590e+00 max_update=3.161590e-03
forward step   975/2000: mean_particle_distance=1.32043210 rms_radius=0.98631994 max_force=3.082281e+00 max_update=3.082281e-03
forward step  1000/2000: mean_particle_distance=1.30985890 rms_radius=0.97776881 max_force=3.004800e+00 max_update=3.004800e-03
forward step  1025/2000: mean_particle_distance=1.29998403 rms_radius=0.96978025 max_force=2.929090e+00 max_update=2.929090e-03
forward step  1050/2000: mean_particle_distance=1.29077348 rms_radius=0.96232779 max_force=2.855090e+00 max_update=2.855090e-03
forward step  1075/2000: mean_particle_distance=1.28219359 rms_radius=0.95538503 max_force=2.782741e+00 max_update=2.782741e-03
forward step  1100/2000: mean_particle_distance=1.27421122 rms_radius=0.94892585 max_force=2.711980e+00 max_update=2.711980e-03
forward step  1125/2000: mean_particle_distance=1.26679384 rms_radius=0.94292443 max_force=2.642748e+00 max_update=2.642748e-03
forward step  1150/2000: mean_particle_distance=1.25990967 rms_radius=0.93735542 max_force=2.574981e+00 max_update=2.574981e-03
forward step  1175/2000: mean_particle_distance=1.25352773 rms_radius=0.93219403 max_force=2.508616e+00 max_update=2.508616e-03
forward step  1200/2000: mean_particle_distance=1.24761799 rms_radius=0.92741608 max_force=2.443588e+00 max_update=2.443588e-03
forward step  1225/2000: mean_particle_distance=1.24215140 rms_radius=0.92299815 max_force=2.379830e+00 max_update=2.379830e-03
forward step  1250/2000: mean_particle_distance=1.23709996 rms_radius=0.91891757 max_force=2.317273e+00 max_update=2.317273e-03
forward step  1275/2000: mean_particle_distance=1.23243678 rms_radius=0.91515251 max_force=2.255845e+00 max_update=2.255845e-03
forward step  1300/2000: mean_particle_distance=1.22813612 rms_radius=0.91168204 max_force=2.195474e+00 max_update=2.195474e-03
forward step  1325/2000: mean_particle_distance=1.22417338 rms_radius=0.90848614 max_force=2.136081e+00 max_update=2.136081e-03
forward step  1350/2000: mean_particle_distance=1.22052517 rms_radius=0.90554572 max_force=2.077586e+00 max_update=2.077586e-03
forward step  1375/2000: mean_particle_distance=1.21716929 rms_radius=0.90284267 max_force=2.019906e+00 max_update=2.019906e-03
forward step  1400/2000: mean_particle_distance=1.21408471 rms_radius=0.90035980 max_force=1.962952e+00 max_update=1.962952e-03
forward step  1425/2000: mean_particle_distance=1.21125158 rms_radius=0.89808090 max_force=1.906633e+00 max_update=1.906633e-03
forward step  1450/2000: mean_particle_distance=1.20865121 rms_radius=0.89599069 max_force=1.850852e+00 max_update=1.850852e-03
forward step  1475/2000: mean_particle_distance=1.20626604 rms_radius=0.89407482 max_force=1.795509e+00 max_update=1.795509e-03
forward step  1500/2000: mean_particle_distance=1.20407959 rms_radius=0.89231983 max_force=1.740499e+00 max_update=1.740499e-03
forward step  1525/2000: mean_particle_distance=1.20207647 rms_radius=0.89071313 max_force=1.685717e+00 max_update=1.685717e-03
forward step  1550/2000: mean_particle_distance=1.20024228 rms_radius=0.88924299 max_force=1.631050e+00 max_update=1.631050e-03
forward step  1575/2000: mean_particle_distance=1.19856364 rms_radius=0.88789846 max_force=1.576389e+00 max_update=1.576389e-03
forward step  1600/2000: mean_particle_distance=1.19702807 rms_radius=0.88666937 max_force=1.521622e+00 max_update=1.521622e-03
forward step  1625/2000: mean_particle_distance=1.19562399 rms_radius=0.88554630 max_force=1.466641e+00 max_update=1.466641e-03
forward step  1650/2000: mean_particle_distance=1.19434068 rms_radius=0.88452049 max_force=1.411345e+00 max_update=1.411345e-03
forward step  1675/2000: mean_particle_distance=1.19316817 rms_radius=0.88358385 max_force=1.355642e+00 max_update=1.355642e-03
forward step  1700/2000: mean_particle_distance=1.19209729 rms_radius=0.88272892 max_force=1.299456e+00 max_update=1.299456e-03
forward step  1725/2000: mean_particle_distance=1.19111954 rms_radius=0.88194879 max_force=1.242731e+00 max_update=1.242731e-03
forward step  1750/2000: mean_particle_distance=1.19022709 rms_radius=0.88123710 max_force=1.185439e+00 max_update=1.185439e-03
forward step  1775/2000: mean_particle_distance=1.18941271 rms_radius=0.88058801 max_force=1.127588e+00 max_update=1.127588e-03
forward step  1800/2000: mean_particle_distance=1.18866976 rms_radius=0.87999612 max_force=1.069229e+00 max_update=1.069229e-03
forward step  1825/2000: mean_particle_distance=1.18799211 rms_radius=0.87945649 max_force=1.010469e+00 max_update=1.010469e-03
forward step  1850/2000: mean_particle_distance=1.18737415 rms_radius=0.87896457 max_force=9.514771e-01 max_update=9.514771e-04
forward step  1875/2000: mean_particle_distance=1.18681070 rms_radius=0.87851619 max_force=8.924979e-01 max_update=8.924979e-04
forward step  1900/2000: mean_particle_distance=1.18629701 rms_radius=0.87810753 max_force=8.338554e-01 max_update=8.338554e-04
forward step  1925/2000: mean_particle_distance=1.18582875 rms_radius=0.87773507 max_force=7.759556e-01 max_update=7.759556e-04
forward step  1950/2000: mean_particle_distance=1.18540191 rms_radius=0.87739563 max_force=7.192770e-01 max_update=7.192770e-04
forward step  1975/2000: mean_particle_distance=1.18501284 rms_radius=0.87708625 max_force=6.643489e-01 max_update=6.643489e-04
forward step  2000/2000: mean_particle_distance=1.18465821 rms_radius=0.87680426 max_force=6.117132e-01 max_update=6.117132e-04
backward step     0/2000
  vertex: median_particle_distance=1.25380807 mean_total_displacement=0.000000e+00 witness_total=[-0.14452 -1.23007  1.55048  0.99343]
backward step    25/2000
  vertex: median_particle_distance=1.25403129 mean_total_displacement=1.446369e-04 witness_total=[-0.14403 -1.23053  1.55123  0.99002]
backward step    50/2000
  vertex: median_particle_distance=1.25428290 mean_total_displacement=1.487647e-04 witness_total=[-0.14354 -1.23097  1.55195  0.98648]
backward step    75/2000
  vertex: median_particle_distance=1.25456468 mean_total_displacement=1.524777e-04 witness_total=[-0.14304 -1.23141  1.55263  0.98283]
backward step   100/2000
  vertex: median_particle_distance=1.25487903 mean_total_displacement=1.560295e-04 witness_total=[-0.14256 -1.23182  1.55327  0.97908]
backward step   125/2000
  vertex: median_particle_distance=1.25522884 mean_total_displacement=1.595529e-04 witness_total=[-0.14207 -1.23222  1.55388  0.97524]
backward step   150/2000
  vertex: median_particle_distance=1.25561738 mean_total_displacement=1.631164e-04 witness_total=[-0.1416  -1.2326   1.55446  0.97129]
backward step   175/2000
  vertex: median_particle_distance=1.25604828 mean_total_displacement=1.667527e-04 witness_total=[-0.14113 -1.23295  1.555    0.96724]
backward step   200/2000
  vertex: median_particle_distance=1.25652551 mean_total_displacement=1.704744e-04 witness_total=[-0.14067 -1.23329  1.55551  0.96309]
backward step   225/2000
  vertex: median_particle_distance=1.25705339 mean_total_displacement=1.742812e-04 witness_total=[-0.14022 -1.2336   1.55599  0.95884]
backward step   250/2000
  vertex: median_particle_distance=1.25763664 mean_total_displacement=1.781644e-04 witness_total=[-0.13978 -1.2339   1.55644  0.95449]
backward step   275/2000
  vertex: median_particle_distance=1.25828038 mean_total_displacement=1.821090e-04 witness_total=[-0.13936 -1.23418  1.55687  0.95004]
backward step   300/2000
  vertex: median_particle_distance=1.25899019 mean_total_displacement=1.860949e-04 witness_total=[-0.13895 -1.23445  1.55729  0.94548]
backward step   325/2000
  vertex: median_particle_distance=1.25977213 mean_total_displacement=1.900980e-04 witness_total=[-0.13856 -1.23472  1.5577   0.94081]
backward step   350/2000
  vertex: median_particle_distance=1.26063281 mean_total_displacement=1.940913e-04 witness_total=[-0.13818 -1.23498  1.5581   0.93605]
backward step   375/2000
  vertex: median_particle_distance=1.26157945 mean_total_displacement=1.980464e-04 witness_total=[-0.13781 -1.23525  1.55851  0.93118]
backward step   400/2000
  vertex: median_particle_distance=1.26261988 mean_total_displacement=2.019348e-04 witness_total=[-0.13746 -1.23553  1.55894  0.92622]
backward step   425/2000
  vertex: median_particle_distance=1.26376266 mean_total_displacement=2.057301e-04 witness_total=[-0.13712 -1.23584  1.5594   0.92116]
backward step   450/2000
  vertex: median_particle_distance=1.26501707 mean_total_displacement=2.094105e-04 witness_total=[-0.1368  -1.23617  1.5599   0.91602]
backward step   475/2000
  vertex: median_particle_distance=1.26639317 mean_total_displacement=2.129612e-04 witness_total=[-0.13648 -1.23654  1.56045  0.91079]
backward step   500/2000
  vertex: median_particle_distance=1.26790186 mean_total_displacement=2.163783e-04 witness_total=[-0.13618 -1.23695  1.56108  0.90548]
backward step   525/2000
  vertex: median_particle_distance=1.26955486 mean_total_displacement=2.196724e-04 witness_total=[-0.13588 -1.23742  1.5618   0.9001 ]
backward step   550/2000
  vertex: median_particle_distance=1.27136474 mean_total_displacement=2.228730e-04 witness_total=[-0.13558 -1.23795  1.56263  0.89467]
backward step   575/2000
  vertex: median_particle_distance=1.27334491 mean_total_displacement=2.260331e-04 witness_total=[-0.13528 -1.23855  1.56359  0.88918]
backward step   600/2000
  vertex: median_particle_distance=1.27550955 mean_total_displacement=2.292345e-04 witness_total=[-0.13498 -1.23924  1.56471  0.88365]
backward step   625/2000
  vertex: median_particle_distance=1.27787361 mean_total_displacement=2.325917e-04 witness_total=[-0.13467 -1.24     1.56601  0.87808]
backward step   650/2000
  vertex: median_particle_distance=1.28045265 mean_total_displacement=2.362556e-04 witness_total=[-0.13435 -1.24086  1.56751  0.87249]
backward step   675/2000
  vertex: median_particle_distance=1.28326280 mean_total_displacement=2.404127e-04 witness_total=[-0.13402 -1.24183  1.56926  0.86689]
backward step   700/2000
  vertex: median_particle_distance=1.28632065 mean_total_displacement=2.452812e-04 witness_total=[-0.13368 -1.2429   1.57127  0.86127]
backward step   725/2000
  vertex: median_particle_distance=1.28964312 mean_total_displacement=2.510987e-04 witness_total=[-0.13332 -1.24409  1.57358  0.85565]
backward step   750/2000
  vertex: median_particle_distance=1.29324747 mean_total_displacement=2.581030e-04 witness_total=[-0.13294 -1.24542  1.57622  0.85003]
backward step   775/2000
  vertex: median_particle_distance=1.29715127 mean_total_displacement=2.665051e-04 witness_total=[-0.13255 -1.2469   1.57923  0.8444 ]
backward step   800/2000
  vertex: median_particle_distance=1.30137258 mean_total_displacement=2.764579e-04 witness_total=[-0.13213 -1.24854  1.58263  0.83877]
backward step   825/2000
  vertex: median_particle_distance=1.30593015 mean_total_displacement=2.880266e-04 witness_total=[-0.13171 -1.25036  1.58645  0.83314]
backward step   850/2000
  vertex: median_particle_distance=1.31084378 mean_total_displacement=3.011694e-04 witness_total=[-0.13126 -1.25238  1.59073  0.82751]
backward step   875/2000
  vertex: median_particle_distance=1.31613475 mean_total_displacement=3.157344e-04 witness_total=[-0.13081 -1.25461  1.59548  0.82188]
backward step   900/2000
  vertex: median_particle_distance=1.32182625 mean_total_displacement=3.314793e-04 witness_total=[-0.13035 -1.25708  1.60073  0.81625]
backward step   925/2000
  vertex: median_particle_distance=1.32794369 mean_total_displacement=3.481094e-04 witness_total=[-0.12989 -1.2598   1.60649  0.81065]
backward step   950/2000
  vertex: median_particle_distance=1.33451494 mean_total_displacement=3.653305e-04 witness_total=[-0.12943 -1.26279  1.61278  0.80508]
backward step   975/2000
  vertex: median_particle_distance=1.34157023 mean_total_displacement=3.829023e-04 witness_total=[-0.12898 -1.26606  1.61961  0.79959]
backward step  1000/2000
  vertex: median_particle_distance=1.34914197 mean_total_displacement=4.006841e-04 witness_total=[-0.12855 -1.26961  1.62697  0.7942 ]
backward step  1025/2000
  vertex: median_particle_distance=1.35726428 mean_total_displacement=4.186634e-04 witness_total=[-0.12816 -1.27347  1.63488  0.78896]
backward step  1050/2000
  vertex: median_particle_distance=1.36597250 mean_total_displacement=4.369667e-04 witness_total=[-0.12781 -1.27765  1.64334  0.78393]
backward step  1075/2000
  vertex: median_particle_distance=1.37530266 mean_total_displacement=4.558524e-04 witness_total=[-0.1275  -1.28216  1.65237  0.77915]
backward step  1100/2000
  vertex: median_particle_distance=1.38529087 mean_total_displacement=4.756921e-04 witness_total=[-0.12725 -1.28704  1.66196  0.77469]
backward step  1125/2000
  vertex: median_particle_distance=1.39597284 mean_total_displacement=4.969448e-04 witness_total=[-0.12706 -1.29231  1.67213  0.7706 ]
backward step  1150/2000
  vertex: median_particle_distance=1.40738341 mean_total_displacement=5.201293e-04 witness_total=[-0.12692 -1.298    1.6829   0.76695]
backward step  1175/2000
  vertex: median_particle_distance=1.41955599 mean_total_displacement=5.457973e-04 witness_total=[-0.12682 -1.30414  1.6943   0.7638 ]
backward step  1200/2000
  vertex: median_particle_distance=1.43252220 mean_total_displacement=5.745092e-04 witness_total=[-0.12676 -1.31079  1.70636  0.76122]
backward step  1225/2000
  vertex: median_particle_distance=1.44631132 mean_total_displacement=6.068107e-04 witness_total=[-0.12672 -1.31798  1.71912  0.75927]
backward step  1250/2000
  vertex: median_particle_distance=1.46094997 mean_total_displacement=6.432064e-04 witness_total=[-0.12669 -1.32576  1.73262  0.75802]
backward step  1275/2000
  vertex: median_particle_distance=1.47646183 mean_total_displacement=6.841290e-04 witness_total=[-0.12664 -1.3342   1.7469   0.75755]
backward step  1300/2000
  vertex: median_particle_distance=1.49286741 mean_total_displacement=7.299064e-04 witness_total=[-0.12658 -1.34335  1.76204  0.75793]
backward step  1325/2000
  vertex: median_particle_distance=1.51018410 mean_total_displacement=7.807338e-04 witness_total=[-0.12651 -1.35326  1.77807  0.75923]
backward step  1350/2000
  vertex: median_particle_distance=1.52842622 mean_total_displacement=8.366627e-04 witness_total=[-0.12643 -1.36398  1.79508  0.7615 ]
backward step  1375/2000
  vertex: median_particle_distance=1.54760517 mean_total_displacement=8.976111e-04 witness_total=[-0.12636 -1.37555  1.81313  0.76481]
backward step  1400/2000
  vertex: median_particle_distance=1.56772946 mean_total_displacement=9.633920e-04 witness_total=[-0.12635 -1.38802  1.83231  0.7692 ]
backward step  1425/2000
  vertex: median_particle_distance=1.58880487 mean_total_displacement=1.033747e-03 witness_total=[-0.12643 -1.4014   1.85268  0.7747 ]
backward step  1450/2000
  vertex: median_particle_distance=1.61083448 mean_total_displacement=1.108369e-03 witness_total=[-0.12664 -1.41572  1.87434  0.78134]
backward step  1475/2000
  vertex: median_particle_distance=1.63381897 mean_total_displacement=1.186900e-03 witness_total=[-0.12704 -1.43099  1.89738  0.78915]
backward step  1500/2000
  vertex: median_particle_distance=1.65775721 mean_total_displacement=1.268923e-03 witness_total=[-0.12766 -1.44723  1.92186  0.79813]
backward step  1525/2000
  vertex: median_particle_distance=1.68264707 mean_total_displacement=1.353937e-03 witness_total=[-0.12855 -1.46446  1.94787  0.80831]
backward step  1550/2000
  vertex: median_particle_distance=1.70848655 mean_total_displacement=1.441356e-03 witness_total=[-0.12974 -1.48268  1.97545  0.81968]
backward step  1575/2000
  vertex: median_particle_distance=1.73527481 mean_total_displacement=1.530535e-03 witness_total=[-0.13123 -1.50193  2.00464  0.83226]
backward step  1600/2000
  vertex: median_particle_distance=1.76301284 mean_total_displacement=1.620813e-03 witness_total=[-0.13303 -1.52223  2.03546  0.84605]
backward step  1625/2000
  vertex: median_particle_distance=1.79170363 mean_total_displacement=1.711583e-03 witness_total=[-0.13512 -1.54361  2.06789  0.86107]
backward step  1650/2000
  vertex: median_particle_distance=1.82135167 mean_total_displacement=1.802340e-03 witness_total=[-0.13746 -1.56611  2.1019   0.87734]
backward step  1675/2000
  vertex: median_particle_distance=1.85196216 mean_total_displacement=1.892715e-03 witness_total=[-0.13999 -1.58978  2.13746  0.89486]
backward step  1700/2000
  vertex: median_particle_distance=1.88353985 mean_total_displacement=1.982480e-03 witness_total=[-0.14264 -1.61467  2.17448  0.91366]
backward step  1725/2000
  vertex: median_particle_distance=1.91608794 mean_total_displacement=2.071563e-03 witness_total=[-0.14533 -1.64083  2.21289  0.9338 ]
backward step  1750/2000
  vertex: median_particle_distance=1.94960679 mean_total_displacement=2.160076e-03 witness_total=[-0.14794 -1.6683   2.25261  0.95534]
backward step  1775/2000
  vertex: median_particle_distance=1.98409241 mean_total_displacement=2.248396e-03 witness_total=[-0.15033 -1.69716  2.2935   0.97837]
backward step  1800/2000
  vertex: median_particle_distance=2.01953433 mean_total_displacement=2.337323e-03 witness_total=[-0.15233 -1.72748  2.33544  1.00304]
backward step  1825/2000
  vertex: median_particle_distance=2.05591243 mean_total_displacement=2.428386e-03 witness_total=[-0.1537  -1.75933  2.37827  1.02954]
backward step  1850/2000
  vertex: median_particle_distance=2.09319203 mean_total_displacement=2.524435e-03 witness_total=[-0.15414 -1.79284  2.42178  1.05818]
backward step  1875/2000
  vertex: median_particle_distance=2.13131609 mean_total_displacement=2.630861e-03 witness_total=[-0.1532  -1.82819  2.4657   1.08941]
backward step  1900/2000
  vertex: median_particle_distance=2.17019293 mean_total_displacement=2.758371e-03 witness_total=[-0.15024 -1.86566  2.50967  1.12392]
backward step  1925/2000
  vertex: median_particle_distance=2.20967625 mean_total_displacement=2.930197e-03 witness_total=[-0.14425 -1.90577  2.55308  1.16289]
backward step  1950/2000
  vertex: median_particle_distance=2.24952970 mean_total_displacement=3.204766e-03 witness_total=[-0.13346 -1.9495   2.59476  1.20848]
backward step  1975/2000
  vertex: median_particle_distance=2.28933916 mean_total_displacement=3.765004e-03 witness_total=[-0.11405 -1.9991   2.63204  1.26522]
backward step  2000/2000
  vertex: median_particle_distance=2.32812901 mean_total_displacement=5.422080e-03 witness_total=[-0.07482 -2.05942  2.6573   1.34559]
backward step     0/2000
  shared_d1: median_particle_distance=0.96043226 mean_total_displacement=0.000000e+00 witness_total=[-0.94479 -0.06258 -0.15416  1.24424]
backward step    25/2000
  shared_d1: median_particle_distance=0.96101679 mean_total_displacement=8.401437e-04 witness_total=[-0.94558 -0.04864 -0.14113  1.2389 ]
backward step    50/2000
  shared_d1: median_particle_distance=0.96165906 mean_total_displacement=8.945444e-04 witness_total=[-0.9459  -0.03246 -0.12778  1.23281]
backward step    75/2000
  shared_d1: median_particle_distance=0.96247149 mean_total_displacement=9.057851e-04 witness_total=[-0.94314 -0.01463 -0.11685  1.22528]
backward step   100/2000
  shared_d1: median_particle_distance=0.96352001 mean_total_displacement=9.900170e-04 witness_total=[-0.93501  0.00423 -0.11071  1.2158 ]
backward step   125/2000
  shared_d1: median_particle_distance=0.96474078 mean_total_displacement=1.094665e-03 witness_total=[-0.92205  0.02418 -0.10903  1.20489]
backward step   150/2000
  shared_d1: median_particle_distance=0.96583636 mean_total_displacement=1.058371e-03 witness_total=[-0.90724  0.04469 -0.10922  1.19472]
backward step   175/2000
  shared_d1: median_particle_distance=0.96652520 mean_total_displacement=8.762853e-04 witness_total=[-0.89426  0.06408 -0.10904  1.1881 ]
backward step   200/2000
  shared_d1: median_particle_distance=0.96699413 mean_total_displacement=6.665086e-04 witness_total=[-0.88498  0.08059 -0.10868  1.18554]
backward step   225/2000
  shared_d1: median_particle_distance=0.96756725 mean_total_displacement=5.101076e-04 witness_total=[-0.87855  0.09346 -0.10893  1.18418]
backward step   250/2000
  shared_d1: median_particle_distance=0.96831527 mean_total_displacement=4.462583e-04 witness_total=[-0.8731   0.10341 -0.11053  1.18183]
backward step   275/2000
  shared_d1: median_particle_distance=0.96913605 mean_total_displacement=4.750889e-04 witness_total=[-0.8673   0.11168 -0.11437  1.17844]
backward step   300/2000
  shared_d1: median_particle_distance=0.96990678 mean_total_displacement=5.690202e-04 witness_total=[-0.86032  0.11921 -0.12126  1.17447]
backward step   325/2000
  shared_d1: median_particle_distance=0.97060337 mean_total_displacement=6.697245e-04 witness_total=[-0.85196  0.12635 -0.13153  1.17042]
backward step   350/2000
  shared_d1: median_particle_distance=0.97142217 mean_total_displacement=7.076542e-04 witness_total=[-0.84317  0.13283 -0.14471  1.16742]
backward step   375/2000
  shared_d1: median_particle_distance=0.97268637 mean_total_displacement=6.999076e-04 witness_total=[-0.83574  0.13808 -0.15971  1.16707]
backward step   400/2000
  shared_d1: median_particle_distance=0.97454856 mean_total_displacement=7.314589e-04 witness_total=[-0.83082  0.14187 -0.17597  1.17038]
backward step   425/2000
  shared_d1: median_particle_distance=0.97702259 mean_total_displacement=7.950046e-04 witness_total=[-0.82846  0.14484 -0.19323  1.1776 ]
backward step   450/2000
  shared_d1: median_particle_distance=0.98020739 mean_total_displacement=8.078667e-04 witness_total=[-0.82824  0.14854 -0.20966  1.18869]
backward step   475/2000
  shared_d1: median_particle_distance=0.98403907 mean_total_displacement=7.220422e-04 witness_total=[-0.82955  0.15402 -0.22228  1.20211]
backward step   500/2000
  shared_d1: median_particle_distance=0.98799204 mean_total_displacement=5.481806e-04 witness_total=[-0.83164  0.16012 -0.22993  1.2144 ]
backward step   525/2000
  shared_d1: median_particle_distance=0.99168014 mean_total_displacement=3.917257e-04 witness_total=[-0.83395  0.16552 -0.23353  1.22363]
backward step   550/2000
  shared_d1: median_particle_distance=0.99513285 mean_total_displacement=3.049098e-04 witness_total=[-0.8363   0.17014 -0.23451  1.23031]
backward step   575/2000
  shared_d1: median_particle_distance=0.99849757 mean_total_displacement=2.704811e-04 witness_total=[-0.83871  0.17432 -0.23394  1.23546]
backward step   600/2000
  shared_d1: median_particle_distance=1.00188737 mean_total_displacement=2.627925e-04 witness_total=[-0.84122  0.17834 -0.23246  1.23985]
backward step   625/2000
  shared_d1: median_particle_distance=1.00537187 mean_total_displacement=2.671487e-04 witness_total=[-0.84387  0.18237 -0.23043  1.24389]
backward step   650/2000
  shared_d1: median_particle_distance=1.00899399 mean_total_displacement=2.772192e-04 witness_total=[-0.8467   0.1865  -0.22804  1.24782]
backward step   675/2000
  shared_d1: median_particle_distance=1.01278270 mean_total_displacement=2.905113e-04 witness_total=[-0.84976  0.19079 -0.22541  1.25178]
backward step   700/2000
  shared_d1: median_particle_distance=1.01676045 mean_total_displacement=3.060693e-04 witness_total=[-0.85306  0.1953  -0.22258  1.25583]
backward step   725/2000
  shared_d1: median_particle_distance=1.02094709 mean_total_displacement=3.235631e-04 witness_total=[-0.85663  0.20004 -0.21958  1.26004]
backward step   750/2000
  shared_d1: median_particle_distance=1.02536196 mean_total_displacement=3.429381e-04 witness_total=[-0.8605   0.20506 -0.21641  1.26444]
backward step   775/2000
  shared_d1: median_particle_distance=1.03002501 mean_total_displacement=3.642760e-04 witness_total=[-0.8647   0.21037 -0.21307  1.26905]
backward step   800/2000
  shared_d1: median_particle_distance=1.03495735 mean_total_displacement=3.877339e-04 witness_total=[-0.86926  0.21602 -0.20955  1.2739 ]
backward step   825/2000
  shared_d1: median_particle_distance=1.04018162 mean_total_displacement=4.135158e-04 witness_total=[-0.8742   0.22203 -0.20585  1.27901]
backward step   850/2000
  shared_d1: median_particle_distance=1.04572212 mean_total_displacement=4.418559e-04 witness_total=[-0.87957  0.22844 -0.20194  1.28442]
backward step   875/2000
  shared_d1: median_particle_distance=1.05160498 mean_total_displacement=4.730050e-04 witness_total=[-0.8854   0.23531 -0.1978   1.29015]
backward step   900/2000
  shared_d1: median_particle_distance=1.05785819 mean_total_displacement=5.072177e-04 witness_total=[-0.89174  0.24266 -0.19342  1.29622]
backward step   925/2000
  shared_d1: median_particle_distance=1.06451166 mean_total_displacement=5.447375e-04 witness_total=[-0.89863  0.25057 -0.18878  1.30268]
backward step   950/2000
  shared_d1: median_particle_distance=1.07159721 mean_total_displacement=5.857806e-04 witness_total=[-0.90613  0.25909 -0.18386  1.30953]
backward step   975/2000
  shared_d1: median_particle_distance=1.07914860 mean_total_displacement=6.305205e-04 witness_total=[-0.91429  0.26827 -0.17862  1.31683]
backward step  1000/2000
  shared_d1: median_particle_distance=1.08720143 mean_total_displacement=6.790749e-04 witness_total=[-0.92316  0.2782  -0.17305  1.32459]
backward step  1025/2000
  shared_d1: median_particle_distance=1.09579303 mean_total_displacement=7.314976e-04 witness_total=[-0.93281  0.28893 -0.16712  1.33284]
backward step  1050/2000
  shared_d1: median_particle_distance=1.10496230 mean_total_displacement=7.877783e-04 witness_total=[-0.94329  0.30054 -0.1608   1.34162]
backward step  1075/2000
  shared_d1: median_particle_distance=1.11474943 mean_total_displacement=8.478497e-04 witness_total=[-0.95464  0.31311 -0.15408  1.35093]
backward step  1100/2000
  shared_d1: median_particle_distance=1.12519558 mean_total_displacement=9.116018e-04 witness_total=[-0.96693  0.3267  -0.14692  1.36081]
backward step  1125/2000
  shared_d1: median_particle_distance=1.13634247 mean_total_displacement=9.789003e-04 witness_total=[-0.98021  0.3414  -0.1393   1.37128]
backward step  1150/2000
  shared_d1: median_particle_distance=1.14823195 mean_total_displacement=1.049606e-03 witness_total=[-0.99452  0.35726 -0.1312   1.38234]
backward step  1175/2000
  shared_d1: median_particle_distance=1.16090558 mean_total_displacement=1.123588e-03 witness_total=[-1.0099   0.37437 -0.12258  1.394  ]
backward step  1200/2000
  shared_d1: median_particle_distance=1.17440409 mean_total_displacement=1.200734e-03 witness_total=[-1.0264   0.39277 -0.11342  1.40629]
backward step  1225/2000
  shared_d1: median_particle_distance=1.18876697 mean_total_displacement=1.280949e-03 witness_total=[-1.04407  0.41254 -0.1037   1.41921]
backward step  1250/2000
  shared_d1: median_particle_distance=1.20403205 mean_total_displacement=1.364152e-03 witness_total=[-1.06295  0.43372 -0.09338  1.43277]
backward step  1275/2000
  shared_d1: median_particle_distance=1.22023504 mean_total_displacement=1.450263e-03 witness_total=[-1.08308  0.45638 -0.08244  1.44698]
backward step  1300/2000
  shared_d1: median_particle_distance=1.23740922 mean_total_displacement=1.539198e-03 witness_total=[-1.10452  0.48056 -0.07086  1.46186]
backward step  1325/2000
  shared_d1: median_particle_distance=1.25558515 mean_total_displacement=1.630861e-03 witness_total=[-1.1273   0.5063  -0.05861  1.47741]
backward step  1350/2000
  shared_d1: median_particle_distance=1.27479050 mean_total_displacement=1.725150e-03 witness_total=[-1.15148  0.53364 -0.04568  1.49365]
backward step  1375/2000
  shared_d1: median_particle_distance=1.29504992 mean_total_displacement=1.821958e-03 witness_total=[-1.1771   0.56262 -0.03202  1.51059]
backward step  1400/2000
  shared_d1: median_particle_distance=1.31638510 mean_total_displacement=1.921186e-03 witness_total=[-1.20422  0.59327 -0.01764  1.52824]
backward step  1425/2000
  shared_d1: median_particle_distance=1.33881489 mean_total_displacement=2.022755e-03 witness_total=[-1.23287  0.62562 -0.00248  1.54661]
backward step  1450/2000
  shared_d1: median_particle_distance=1.36235548 mean_total_displacement=2.126612e-03 witness_total=[-1.26312  0.6597   0.01346  1.56572]
backward step  1475/2000
  shared_d1: median_particle_distance=1.38702067 mean_total_displacement=2.232740e-03 witness_total=[-1.29499  0.69552  0.03021  1.58558]
backward step  1500/2000
  shared_d1: median_particle_distance=1.41282214 mean_total_displacement=2.341164e-03 witness_total=[-1.32854  0.73313  0.04782  1.6062 ]
backward step  1525/2000
  shared_d1: median_particle_distance=1.43976974 mean_total_displacement=2.451958e-03 witness_total=[-1.3638   0.77254  0.06631  1.62758]
backward step  1550/2000
  shared_d1: median_particle_distance=1.46787171 mean_total_displacement=2.565247e-03 witness_total=[-1.40081  0.8138   0.08573  1.64973]
backward step  1575/2000
  shared_d1: median_particle_distance=1.49713486 mean_total_displacement=2.681223e-03 witness_total=[-1.43961  0.85694  0.10611  1.67266]
backward step  1600/2000
  shared_d1: median_particle_distance=1.52756478 mean_total_displacement=2.800155e-03 witness_total=[-1.48024  0.902    0.1275   1.69638]
backward step  1625/2000
  shared_d1: median_particle_distance=1.55916586 mean_total_displacement=2.922412e-03 witness_total=[-1.52273  0.94905  0.14997  1.72089]
backward step  1650/2000
  shared_d1: median_particle_distance=1.59194132 mean_total_displacement=3.048494e-03 witness_total=[-1.56713  0.99815  0.17357  1.74618]
backward step  1675/2000
  shared_d1: median_particle_distance=1.62589309 mean_total_displacement=3.179069e-03 witness_total=[-1.61348  1.04938  0.19839  1.77224]
backward step  1700/2000
  shared_d1: median_particle_distance=1.66102158 mean_total_displacement=3.315037e-03 witness_total=[-1.66183  1.10285  0.22452  1.79907]
backward step  1725/2000
  shared_d1: median_particle_distance=1.69732521 mean_total_displacement=3.457603e-03 witness_total=[-1.71224  1.15867  0.25208  1.82662]
backward step  1750/2000
  shared_d1: median_particle_distance=1.73479965 mean_total_displacement=3.608400e-03 witness_total=[-1.7648   1.21701  0.28121  1.85486]
backward step  1775/2000
  shared_d1: median_particle_distance=1.77343672 mean_total_displacement=3.769666e-03 witness_total=[-1.81961  1.27804  0.31209  1.88371]
backward step  1800/2000
  shared_d1: median_particle_distance=1.81322257 mean_total_displacement=3.944525e-03 witness_total=[-1.87681  1.34202  0.34497  1.91308]
backward step  1825/2000
  shared_d1: median_particle_distance=1.85413500 mean_total_displacement=4.137432e-03 witness_total=[-1.93659  1.40926  0.38017  1.9428 ]
backward step  1850/2000
  shared_d1: median_particle_distance=1.89613923 mean_total_displacement=4.354897e-03 witness_total=[-1.99919  1.48018  0.41813  1.97262]
backward step  1875/2000
  shared_d1: median_particle_distance=1.93918145 mean_total_displacement=4.606647e-03 witness_total=[-2.06495  1.55538  0.45946  2.00209]
backward step  1900/2000
  shared_d1: median_particle_distance=1.98317905 mean_total_displacement=4.907321e-03 witness_total=[-2.1343   1.63572  0.50509  2.03045]
backward step  1925/2000
  shared_d1: median_particle_distance=2.02800828 mean_total_displacement=5.277921e-03 witness_total=[-2.20761  1.72254  0.55643  2.05617]
backward step  1950/2000
  shared_d1: median_particle_distance=2.07350080 mean_total_displacement=5.740500e-03 witness_total=[-2.28463  1.81796  0.61588  2.07597]
backward step  1975/2000
  shared_d1: median_particle_distance=2.11953494 mean_total_displacement=6.248299e-03 witness_total=[-2.36116  1.9245   0.6885   2.08206]
backward step  2000/2000
  shared_d1: median_particle_distance=2.16632806 mean_total_displacement=7.280073e-03 witness_total=[-2.39933  2.02368  0.79756  2.06083]
RESULT_DIRECTORY=E:\Desktop\AnewOmni\4.5hypothesis\experiments\10_lambda_frame_particle_sweep\results\002_20260720T200720_834951Z_seed45-46-47\conditions\seed46_p07\runs\001_20260720T222733_967862Z_seed46
generated 2 figure(s)
