EFS parameters: saved config E:\Desktop\AnewOmni\4.5hypothesis\experiments\10_lambda_frame_particle_sweep\best_config.json; warning: selected with a different particles-per-source value
pass 1, target present: 1026 particles in one pooled plane
forward step     0/2000: mean_particle_distance=2.43599008 rms_radius=1.91431362 max_force=0.000000e+00 max_update=0.000000e+00
forward step   100/2000: mean_particle_distance=2.24051741 rms_radius=1.75262715 max_force=6.089538e+00 max_update=6.089538e-03
forward step   200/2000: mean_particle_distance=2.06061845 rms_radius=1.60559088 max_force=5.508845e+00 max_update=5.508845e-03
forward step   300/2000: mean_particle_distance=1.90154685 rms_radius=1.47537714 max_force=4.983298e+00 max_update=4.983298e-03
forward step   400/2000: mean_particle_distance=1.76317135 rms_radius=1.36160428 max_force=4.507548e+00 max_update=4.507548e-03
forward step   500/2000: mean_particle_distance=1.64459207 rms_radius=1.26354726 max_force=4.076705e+00 max_update=4.076705e-03
forward step   600/2000: mean_particle_distance=1.54456171 rms_radius=1.18031278 max_force=3.686273e+00 max_update=3.686273e-03
forward step   700/2000: mean_particle_distance=1.46157401 rms_radius=1.11084374 max_force=3.332073e+00 max_update=3.332073e-03
forward step   800/2000: mean_particle_distance=1.39391053 rms_radius=1.05390963 max_force=3.010154e+00 max_update=3.010154e-03
forward step   900/2000: mean_particle_distance=1.33970374 rms_radius=1.00812245 max_force=2.716687e+00 max_update=2.716687e-03
forward step  1000/2000: mean_particle_distance=1.29701928 rms_radius=0.97198640 max_force=2.447825e+00 max_update=2.447825e-03
forward step  1100/2000: mean_particle_distance=1.26395004 rms_radius=0.94397513 max_force=2.199517e+00 max_update=2.199517e-03
forward step  1200/2000: mean_particle_distance=1.23870875 rms_radius=0.92261839 max_force=1.967288e+00 max_update=1.967288e-03
forward step  1300/2000: mean_particle_distance=1.21969847 rms_radius=0.90657479 max_force=1.746010e+00 max_update=1.746010e-03
forward step  1400/2000: mean_particle_distance=1.20554961 rms_radius=0.89467680 max_force=1.529823e+00 max_update=1.529823e-03
forward step  1500/2000: mean_particle_distance=1.19512656 rms_radius=0.88594771 max_force=1.312619e+00 max_update=1.312619e-03
forward step  1600/2000: mean_particle_distance=1.18751450 rms_radius=0.87959823 max_force=1.089960e+00 max_update=1.089960e-03
forward step  1700/2000: mean_particle_distance=1.18199426 rms_radius=0.87500893 max_force=8.638279e-01 max_update=8.638279e-04
forward step  1800/2000: mean_particle_distance=1.17801143 rms_radius=0.87170505 max_force=6.496468e-01 max_update=6.496468e-04
forward step  1900/2000: mean_particle_distance=1.17514540 rms_radius=0.86932947 max_force=4.729765e-01 max_update=4.729765e-04
forward step  2000/2000: mean_particle_distance=1.17308206 rms_radius=0.86761824 max_force=3.457510e-01 max_update=3.457510e-04
pass 2, target removed: 1024 particles in one pooled plane
forward step     0/2000: mean_particle_distance=2.43748997 rms_radius=1.91542719 max_force=0.000000e+00 max_update=0.000000e+00
forward step   100/2000: mean_particle_distance=2.24177419 rms_radius=1.75357968 max_force=6.088806e+00 max_update=6.088806e-03
forward step   200/2000: mean_particle_distance=2.06169463 rms_radius=1.60641557 max_force=5.508181e+00 max_update=5.508181e-03
forward step   300/2000: mean_particle_distance=1.90246623 rms_radius=1.47608835 max_force=4.982696e+00 max_update=4.982696e-03
forward step   400/2000: mean_particle_distance=1.76394939 rms_radius=1.36221175 max_force=4.507002e+00 max_update=4.507002e-03
forward step   500/2000: mean_particle_distance=1.64524129 rms_radius=1.26405897 max_force=4.076210e+00 max_update=4.076210e-03
forward step   600/2000: mean_particle_distance=1.54509393 rms_radius=1.18073628 max_force=3.685823e+00 max_update=3.685823e-03
forward step   700/2000: mean_particle_distance=1.46200117 rms_radius=1.11118670 max_force=3.331663e+00 max_update=3.331663e-03
forward step   800/2000: mean_particle_distance=1.39424490 rms_radius=1.05418024 max_force=3.009780e+00 max_update=3.009780e-03
forward step   900/2000: mean_particle_distance=1.33995813 rms_radius=1.00832974 max_force=2.716344e+00 max_update=2.716344e-03
forward step  1000/2000: mean_particle_distance=1.29720696 rms_radius=0.97214022 max_force=2.447508e+00 max_update=2.447508e-03
forward step  1100/2000: mean_particle_distance=1.26408399 rms_radius=0.94408544 max_force=2.199221e+00 max_update=2.199221e-03
forward step  1200/2000: mean_particle_distance=1.23880065 rms_radius=0.92269439 max_force=1.967006e+00 max_update=1.967006e-03
forward step  1300/2000: mean_particle_distance=1.21975804 rms_radius=0.90662435 max_force=1.745736e+00 max_update=1.745736e-03
forward step  1400/2000: mean_particle_distance=1.20558469 rms_radius=0.89470636 max_force=1.529549e+00 max_update=1.529549e-03
forward step  1500/2000: mean_particle_distance=1.19514344 rms_radius=0.88596249 max_force=1.312337e+00 max_update=1.312337e-03
forward step  1600/2000: mean_particle_distance=1.18751811 rms_radius=0.87960234 max_force=1.089663e+00 max_update=1.089663e-03
forward step  1700/2000: mean_particle_distance=1.18198842 rms_radius=0.87500552 max_force=8.635198e-01 max_update=8.635198e-04
forward step  1800/2000: mean_particle_distance=1.17799895 rms_radius=0.87169642 max_force=6.493598e-01 max_update=6.493598e-04
forward step  1900/2000: mean_particle_distance=1.17512826 rms_radius=0.86931724 max_force=4.727567e-01 max_update=4.727567e-04
forward step  2000/2000: mean_particle_distance=1.17306163 rms_radius=0.86760352 max_force=3.456050e-01 max_update=3.456050e-04
backward step     0/2000
  vertex: median_particle_distance=1.17139669 mean_total_displacement=0.000000e+00 witness_total=[-0.88697 -0.25487  0.7315  -0.66077]
backward step   100/2000
  vertex: median_particle_distance=1.17642129 mean_total_displacement=1.623148e-04 witness_total=[-0.89491 -0.25576  0.74382 -0.66048]
backward step   200/2000
  vertex: median_particle_distance=1.18269490 mean_total_displacement=1.972738e-04 witness_total=[-0.90516 -0.25677  0.75848 -0.66069]
backward step   300/2000
  vertex: median_particle_distance=1.19065194 mean_total_displacement=2.427324e-04 witness_total=[-0.91833 -0.25785  0.77593 -0.6619 ]
backward step   400/2000
  vertex: median_particle_distance=1.20105967 mean_total_displacement=3.019768e-04 witness_total=[-0.93529 -0.25888  0.79688 -0.66484]
backward step   500/2000
  vertex: median_particle_distance=1.21513449 mean_total_displacement=3.791391e-04 witness_total=[-0.95707 -0.25962  0.8222  -0.67065]
backward step   600/2000
  vertex: median_particle_distance=1.23477484 mean_total_displacement=4.796267e-04 witness_total=[-0.98502 -0.25969  0.85284 -0.68106]
backward step   700/2000
  vertex: median_particle_distance=1.26280729 mean_total_displacement=6.107940e-04 witness_total=[-1.02082 -0.25858  0.88969 -0.69852]
backward step   800/2000
  vertex: median_particle_distance=1.30298598 mean_total_displacement=7.800670e-04 witness_total=[-1.06654 -0.25577  0.93362 -0.72627]
backward step   900/2000
  vertex: median_particle_distance=1.35926080 mean_total_displacement=9.868579e-04 witness_total=[-1.12431 -0.25103  0.98558 -0.76764]
backward step  1000/2000
  vertex: median_particle_distance=1.43444044 mean_total_displacement=1.218207e-03 witness_total=[-1.1958  -0.24468  1.0466  -0.82486]
backward step  1100/2000
  vertex: median_particle_distance=1.52956923 mean_total_displacement=1.459476e-03 witness_total=[-1.282   -0.23735  1.11761 -0.89848]
backward step  1200/2000
  vertex: median_particle_distance=1.64455577 mean_total_displacement=1.704395e-03 witness_total=[-1.38341 -0.22957  1.19939 -0.98805]
backward step  1300/2000
  vertex: median_particle_distance=1.77904999 mean_total_displacement=1.953909e-03 witness_total=[-1.50038 -0.22161  1.29264 -1.09313]
backward step  1400/2000
  vertex: median_particle_distance=1.93288478 mean_total_displacement=2.211697e-03 witness_total=[-1.63318 -0.21342  1.39814 -1.21382]
backward step  1500/2000
  vertex: median_particle_distance=2.10616763 mean_total_displacement=2.481627e-03 witness_total=[-1.7821  -0.20458  1.51658 -1.3509 ]
backward step  1600/2000
  vertex: median_particle_distance=2.29925750 mean_total_displacement=2.767295e-03 witness_total=[-1.94753 -0.19422  1.64846 -1.50586]
backward step  1700/2000
  vertex: median_particle_distance=2.51265303 mean_total_displacement=3.072092e-03 witness_total=[-2.13    -0.18108  1.79376 -1.68094]
backward step  1800/2000
  vertex: median_particle_distance=2.74651854 mean_total_displacement=3.398699e-03 witness_total=[-2.32986 -0.16311  1.95161 -1.8796 ]
backward step  1900/2000
  vertex: median_particle_distance=2.99874218 mean_total_displacement=3.757526e-03 witness_total=[-2.54593 -0.13509  2.1183  -2.10883]
backward step  2000/2000
  vertex: median_particle_distance=3.23564248 mean_total_displacement=6.146819e-03 witness_total=[-2.77278 -0.05059  2.26313 -2.40957]
backward step     0/2000
  shared_d1: median_particle_distance=1.30499952 mean_total_displacement=0.000000e+00 witness_total=[-0.22231 -0.31111 -0.12972 -0.18044]
backward step   100/2000
  shared_d1: median_particle_distance=1.26126224 mean_total_displacement=1.446096e-03 witness_total=[-0.10767 -0.33432 -0.20478 -0.0972 ]
backward step   200/2000
  shared_d1: median_particle_distance=1.17271652 mean_total_displacement=5.855592e-05 witness_total=[-0.06211 -0.42338 -0.23516 -0.10161]
backward step   300/2000
  shared_d1: median_particle_distance=1.17601736 mean_total_displacement=6.107432e-05 witness_total=[-0.06072 -0.41903 -0.23852 -0.09935]
backward step   400/2000
  shared_d1: median_particle_distance=1.18047502 mean_total_displacement=5.890147e-05 witness_total=[-0.05928 -0.41439 -0.24129 -0.09715]
backward step   500/2000
  shared_d1: median_particle_distance=1.18647247 mean_total_displacement=5.509215e-05 witness_total=[-0.05781 -0.40975 -0.24339 -0.09504]
backward step   600/2000
  shared_d1: median_particle_distance=1.19448309 mean_total_displacement=5.021680e-05 witness_total=[-0.05657 -0.40526 -0.24482 -0.09303]
backward step   700/2000
  shared_d1: median_particle_distance=1.20493130 mean_total_displacement=4.701265e-05 witness_total=[-0.05612 -0.401   -0.24581 -0.09108]
backward step   800/2000
  shared_d1: median_particle_distance=1.21821100 mean_total_displacement=5.472830e-05 witness_total=[-0.0573  -0.39696 -0.24697 -0.08886]
backward step   900/2000
  shared_d1: median_particle_distance=1.23491815 mean_total_displacement=8.426541e-05 witness_total=[-0.06105 -0.39322 -0.24916 -0.08535]
backward step  1000/2000
  shared_d1: median_particle_distance=1.25631271 mean_total_displacement=1.382161e-04 witness_total=[-0.06809 -0.3904  -0.25289 -0.07847]
backward step  1100/2000
  shared_d1: median_particle_distance=1.28452542 mean_total_displacement=2.176569e-04 witness_total=[-0.07879 -0.38989 -0.25763 -0.06535]
backward step  1200/2000
  shared_d1: median_particle_distance=1.32203779 mean_total_displacement=3.151679e-04 witness_total=[-0.09349 -0.39325 -0.26199 -0.04391]
backward step  1300/2000
  shared_d1: median_particle_distance=1.37102048 mean_total_displacement=4.156633e-04 witness_total=[-0.11299 -0.40141 -0.26462 -0.01416]
backward step  1400/2000
  shared_d1: median_particle_distance=1.43338060 mean_total_displacement=5.147127e-04 witness_total=[-0.13863 -0.41472 -0.26482  0.02233]
backward step  1500/2000
  shared_d1: median_particle_distance=1.51129921 mean_total_displacement=6.225127e-04 witness_total=[-0.17213 -0.43333 -0.26279  0.06415]
backward step  1600/2000
  shared_d1: median_particle_distance=1.60694190 mean_total_displacement=7.577869e-04 witness_total=[-0.21605 -0.45688 -0.25914  0.11136]
backward step  1700/2000
  shared_d1: median_particle_distance=1.72098029 mean_total_displacement=9.478117e-04 witness_total=[-0.275   -0.48402 -0.25412  0.16562]
backward step  1800/2000
  shared_d1: median_particle_distance=1.85121010 mean_total_displacement=1.241119e-03 witness_total=[-0.35714 -0.51219 -0.24775  0.23011]
backward step  1900/2000
  shared_d1: median_particle_distance=1.99177717 mean_total_displacement=1.801706e-03 witness_total=[-0.47836 -0.535   -0.24234  0.31218]
backward step  2000/2000
  shared_d1: median_particle_distance=2.08852631 mean_total_displacement=9.477307e-03 witness_total=[-0.73882 -0.48383 -0.27001  0.47929]
RESULT_DIRECTORY=E:\Desktop\AnewOmni\4.5hypothesis\experiments\10_lambda_frame_particle_sweep\results\001_20260720T111809_739219Z_seed42-43-44\conditions\seed43_p02\runs\001_20260720T160056_341339Z_seed43
generated 2 figure(s)
