EFS parameters: saved config E:\Desktop\AnewOmni\4.5hypothesis\experiments\10_lambda_frame_particle_sweep\best_config.json; warning: selected with a different particles-per-source value
pass 1, target present: 513 particles in one pooled plane
forward step     0/2000: mean_particle_distance=2.45601331 rms_radius=1.89293543 max_force=0.000000e+00 max_update=0.000000e+00
forward step    25/2000: mean_particle_distance=2.40569075 rms_radius=1.85188157 max_force=5.467959e+00 max_update=5.467959e-03
forward step    50/2000: mean_particle_distance=2.35452837 rms_radius=1.81090389 max_force=5.332459e+00 max_update=5.332459e-03
forward step    75/2000: mean_particle_distance=2.30400495 rms_radius=1.77067853 max_force=5.200295e+00 max_update=5.200295e-03
forward step   100/2000: mean_particle_distance=2.25449063 rms_radius=1.73137695 max_force=5.071383e+00 max_update=5.071383e-03
forward step   125/2000: mean_particle_distance=2.20614300 rms_radius=1.69306957 max_force=4.945639e+00 max_update=4.945639e-03
forward step   150/2000: mean_particle_distance=2.15904154 rms_radius=1.65578921 max_force=4.822983e+00 max_update=4.822983e-03
forward step   175/2000: mean_particle_distance=2.11322894 rms_radius=1.61955098 max_force=4.703336e+00 max_update=4.703336e-03
forward step   200/2000: mean_particle_distance=2.06872799 rms_radius=1.58436040 max_force=4.586621e+00 max_update=4.586621e-03
forward step   225/2000: mean_particle_distance=2.02554974 rms_radius=1.55021747 max_force=4.472761e+00 max_update=4.472761e-03
forward step   250/2000: mean_particle_distance=1.98369784 rms_radius=1.51711871 max_force=4.361683e+00 max_update=4.361683e-03
forward step   275/2000: mean_particle_distance=1.94317100 rms_radius=1.48505848 max_force=4.253313e+00 max_update=4.253313e-03
forward step   300/2000: mean_particle_distance=1.90396452 rms_radius=1.45402961 max_force=4.147581e+00 max_update=4.147581e-03
forward step   325/2000: mean_particle_distance=1.86607121 rms_radius=1.42402391 max_force=4.044416e+00 max_update=4.044416e-03
forward step   350/2000: mean_particle_distance=1.82948196 rms_radius=1.39503240 max_force=3.943749e+00 max_update=3.943749e-03
forward step   375/2000: mean_particle_distance=1.79418615 rms_radius=1.36704551 max_force=3.845512e+00 max_update=3.845512e-03
forward step   400/2000: mean_particle_distance=1.76017183 rms_radius=1.34005309 max_force=3.749638e+00 max_update=3.749638e-03
forward step   425/2000: mean_particle_distance=1.72742592 rms_radius=1.31404453 max_force=3.656061e+00 max_update=3.656061e-03
forward step   450/2000: mean_particle_distance=1.69593419 rms_radius=1.28900869 max_force=3.564717e+00 max_update=3.564717e-03
forward step   475/2000: mean_particle_distance=1.66568139 rms_radius=1.26493394 max_force=3.475539e+00 max_update=3.475539e-03
forward step   500/2000: mean_particle_distance=1.63665121 rms_radius=1.24180806 max_force=3.388465e+00 max_update=3.388465e-03
forward step   525/2000: mean_particle_distance=1.60882625 rms_radius=1.21961826 max_force=3.303431e+00 max_update=3.303431e-03
forward step   550/2000: mean_particle_distance=1.58218805 rms_radius=1.19835109 max_force=3.220372e+00 max_update=3.220372e-03
forward step   575/2000: mean_particle_distance=1.55671706 rms_radius=1.17799240 max_force=3.139226e+00 max_update=3.139226e-03
forward step   600/2000: mean_particle_distance=1.53239258 rms_radius=1.15852732 max_force=3.059930e+00 max_update=3.059930e-03
forward step   625/2000: mean_particle_distance=1.50919277 rms_radius=1.13994018 max_force=2.982418e+00 max_update=2.982418e-03
forward step   650/2000: mean_particle_distance=1.48709465 rms_radius=1.12221449 max_force=2.906627e+00 max_update=2.906627e-03
forward step   675/2000: mean_particle_distance=1.46607406 rms_radius=1.10533288 max_force=2.832492e+00 max_update=2.832492e-03
forward step   700/2000: mean_particle_distance=1.44610565 rms_radius=1.08927712 max_force=2.759946e+00 max_update=2.759946e-03
forward step   725/2000: mean_particle_distance=1.42716294 rms_radius=1.07402803 max_force=2.688921e+00 max_update=2.688921e-03
forward step   750/2000: mean_particle_distance=1.40921829 rms_radius=1.05956555 max_force=2.619349e+00 max_update=2.619349e-03
forward step   775/2000: mean_particle_distance=1.39224300 rms_radius=1.04586870 max_force=2.551158e+00 max_update=2.551158e-03
forward step   800/2000: mean_particle_distance=1.37620728 rms_radius=1.03291559 max_force=2.484275e+00 max_update=2.484275e-03
forward step   825/2000: mean_particle_distance=1.36108043 rms_radius=1.02068350 max_force=2.418622e+00 max_update=2.418622e-03
forward step   850/2000: mean_particle_distance=1.34683088 rms_radius=1.00914893 max_force=2.354121e+00 max_update=2.354121e-03
forward step   875/2000: mean_particle_distance=1.33342629 rms_radius=0.99828765 max_force=2.290688e+00 max_update=2.290688e-03
forward step   900/2000: mean_particle_distance=1.32083376 rms_radius=0.98807483 max_force=2.228236e+00 max_update=2.228236e-03
forward step   925/2000: mean_particle_distance=1.30901992 rms_radius=0.97848513 max_force=2.166672e+00 max_update=2.166672e-03
forward step   950/2000: mean_particle_distance=1.29795113 rms_radius=0.96949283 max_force=2.105899e+00 max_update=2.105899e-03
forward step   975/2000: mean_particle_distance=1.28759363 rms_radius=0.96107198 max_force=2.045815e+00 max_update=2.045815e-03
forward step  1000/2000: mean_particle_distance=1.27791373 rms_radius=0.95319653 max_force=1.986312e+00 max_update=1.986312e-03
forward step  1025/2000: mean_particle_distance=1.26887798 rms_radius=0.94584042 max_force=1.927274e+00 max_update=1.927274e-03
forward step  1050/2000: mean_particle_distance=1.26045332 rms_radius=0.93897781 max_force=1.868581e+00 max_update=1.868581e-03
forward step  1075/2000: mean_particle_distance=1.25260721 rms_radius=0.93258309 max_force=1.810106e+00 max_update=1.810106e-03
forward step  1100/2000: mean_particle_distance=1.24530780 rms_radius=0.92663111 max_force=1.751720e+00 max_update=1.751720e-03
forward step  1125/2000: mean_particle_distance=1.23852401 rms_radius=0.92109718 max_force=1.693286e+00 max_update=1.693286e-03
forward step  1150/2000: mean_particle_distance=1.23222564 rms_radius=0.91595724 max_force=1.634670e+00 max_update=1.634670e-03
forward step  1175/2000: mean_particle_distance=1.22638344 rms_radius=0.91118789 max_force=1.575740e+00 max_update=1.575740e-03
forward step  1200/2000: mean_particle_distance=1.22096921 rms_radius=0.90676648 max_force=1.516374e+00 max_update=1.516374e-03
forward step  1225/2000: mean_particle_distance=1.21595581 rms_radius=0.90267118 max_force=1.456467e+00 max_update=1.456467e-03
forward step  1250/2000: mean_particle_distance=1.21131720 rms_radius=0.89888096 max_force=1.395944e+00 max_update=1.395944e-03
forward step  1275/2000: mean_particle_distance=1.20702851 rms_radius=0.89537571 max_force=1.334774e+00 max_update=1.334774e-03
forward step  1300/2000: mean_particle_distance=1.20306603 rms_radius=0.89213620 max_force=1.272988e+00 max_update=1.272988e-03
forward step  1325/2000: mean_particle_distance=1.19940720 rms_radius=0.88914413 max_force=1.210699e+00 max_update=1.210699e-03
forward step  1350/2000: mean_particle_distance=1.19603066 rms_radius=0.88638214 max_force=1.148121e+00 max_update=1.148121e-03
forward step  1375/2000: mean_particle_distance=1.19291619 rms_radius=0.88383378 max_force=1.085584e+00 max_update=1.085584e-03
forward step  1400/2000: mean_particle_distance=1.19004475 rms_radius=0.88148353 max_force=1.023530e+00 max_update=1.023530e-03
forward step  1425/2000: mean_particle_distance=1.18739838 rms_radius=0.87931677 max_force=9.625062e-01 max_update=9.625062e-04
forward step  1450/2000: mean_particle_distance=1.18496027 rms_radius=0.87731979 max_force=9.031214e-01 max_update=9.031214e-04
forward step  1475/2000: mean_particle_distance=1.18271462 rms_radius=0.87547972 max_force=8.459950e-01 max_update=8.459950e-04
forward step  1500/2000: mean_particle_distance=1.18064669 rms_radius=0.87378452 max_force=7.916919e-01 max_update=7.916919e-04
forward step  1525/2000: mean_particle_distance=1.17874272 rms_radius=0.87222298 max_force=7.406628e-01 max_update=7.406628e-04
forward step  1550/2000: mean_particle_distance=1.17698987 rms_radius=0.87078464 max_force=6.932015e-01 max_update=6.932015e-04
forward step  1575/2000: mean_particle_distance=1.17537623 rms_radius=0.86945979 max_force=6.494298e-01 max_update=6.494298e-04
forward step  1600/2000: mean_particle_distance=1.17389072 rms_radius=0.86823941 max_force=6.093075e-01 max_update=6.093075e-04
forward step  1625/2000: mean_particle_distance=1.17252310 rms_radius=0.86711515 max_force=5.726639e-01 max_update=5.726639e-04
forward step  1650/2000: mean_particle_distance=1.17126386 rms_radius=0.86607929 max_force=5.392383e-01 max_update=5.392383e-04
forward step  1675/2000: mean_particle_distance=1.17010425 rms_radius=0.86512471 max_force=5.087211e-01 max_update=5.087211e-04
forward step  1700/2000: mean_particle_distance=1.16903618 rms_radius=0.86424484 max_force=4.807889e-01 max_update=4.807889e-04
forward step  1725/2000: mean_particle_distance=1.16805219 rms_radius=0.86343362 max_force=4.551293e-01 max_update=4.551293e-04
forward step  1750/2000: mean_particle_distance=1.16714542 rms_radius=0.86268547 max_force=4.314575e-01 max_update=4.314575e-04
forward step  1775/2000: mean_particle_distance=1.16630957 rms_radius=0.86199529 max_force=4.095237e-01 max_update=4.095237e-04
forward step  1800/2000: mean_particle_distance=1.16553883 rms_radius=0.86135835 max_force=3.891156e-01 max_update=3.891156e-04
forward step  1825/2000: mean_particle_distance=1.16482788 rms_radius=0.86077034 max_force=3.700563e-01 max_update=3.700563e-04
forward step  1850/2000: mean_particle_distance=1.16417183 rms_radius=0.86022729 max_force=3.522010e-01 max_update=3.522010e-04
forward step  1875/2000: mean_particle_distance=1.16356620 rms_radius=0.85972555 max_force=3.354315e-01 max_update=3.354315e-04
forward step  1900/2000: mean_particle_distance=1.16300687 rms_radius=0.85926178 max_force=3.196516e-01 max_update=3.196516e-04
forward step  1925/2000: mean_particle_distance=1.16249008 rms_radius=0.85883292 max_force=3.047823e-01 max_update=3.047823e-04
forward step  1950/2000: mean_particle_distance=1.16201235 rms_radius=0.85843615 max_force=2.907577e-01 max_update=2.907577e-04
forward step  1975/2000: mean_particle_distance=1.16157053 rms_radius=0.85806888 max_force=2.775217e-01 max_update=2.775217e-04
forward step  2000/2000: mean_particle_distance=1.16116170 rms_radius=0.85772877 max_force=2.650254e-01 max_update=2.650254e-04
pass 2, target removed: 512 particles in one pooled plane
forward step     0/2000: mean_particle_distance=2.45599703 rms_radius=1.89312886 max_force=0.000000e+00 max_update=0.000000e+00
forward step    25/2000: mean_particle_distance=2.40569935 rms_radius=1.85208009 max_force=5.466220e+00 max_update=5.466220e-03
forward step    50/2000: mean_particle_distance=2.35455040 rms_radius=1.81110267 max_force=5.330763e+00 max_update=5.330763e-03
forward step    75/2000: mean_particle_distance=2.30403647 rms_radius=1.77087593 max_force=5.198640e+00 max_update=5.198640e-03
forward step   100/2000: mean_particle_distance=2.25452940 rms_radius=1.73157207 max_force=5.069768e+00 max_update=5.069768e-03
forward step   125/2000: mean_particle_distance=2.20618755 rms_radius=1.69326186 max_force=4.944063e+00 max_update=4.944063e-03
forward step   150/2000: mean_particle_distance=2.15909082 rms_radius=1.65597831 max_force=4.821446e+00 max_update=4.821446e-03
forward step   175/2000: mean_particle_distance=2.11328218 rms_radius=1.61973663 max_force=4.701836e+00 max_update=4.701836e-03
forward step   200/2000: mean_particle_distance=2.06878458 rms_radius=1.58454244 max_force=4.585157e+00 max_update=4.585157e-03
forward step   225/2000: mean_particle_distance=2.02560922 rms_radius=1.55039579 max_force=4.471333e+00 max_update=4.471333e-03
forward step   250/2000: mean_particle_distance=1.98375982 rms_radius=1.51729325 max_force=4.360289e+00 max_update=4.360289e-03
forward step   275/2000: mean_particle_distance=1.94323516 rms_radius=1.48522920 max_force=4.251953e+00 max_update=4.251953e-03
forward step   300/2000: mean_particle_distance=1.90403060 rms_radius=1.45419649 max_force=4.146253e+00 max_update=4.146253e-03
forward step   325/2000: mean_particle_distance=1.86613899 rms_radius=1.42418695 max_force=4.043120e+00 max_update=4.043120e-03
forward step   350/2000: mean_particle_distance=1.82955125 rms_radius=1.39519163 max_force=3.942484e+00 max_update=3.942484e-03
forward step   375/2000: mean_particle_distance=1.79425677 rms_radius=1.36720094 max_force=3.844277e+00 max_update=3.844277e-03
forward step   400/2000: mean_particle_distance=1.76024364 rms_radius=1.34020476 max_force=3.748432e+00 max_update=3.748432e-03
forward step   425/2000: mean_particle_distance=1.72749877 rms_radius=1.31419248 max_force=3.654884e+00 max_update=3.654884e-03
forward step   450/2000: mean_particle_distance=1.69600796 rms_radius=1.28915296 max_force=3.563567e+00 max_update=3.563567e-03
forward step   475/2000: mean_particle_distance=1.66575595 rms_radius=1.26507456 max_force=3.474416e+00 max_update=3.474416e-03
forward step   500/2000: mean_particle_distance=1.63672643 rms_radius=1.24194509 max_force=3.387368e+00 max_update=3.387368e-03
forward step   525/2000: mean_particle_distance=1.60890202 rms_radius=1.21975173 max_force=3.302359e+00 max_update=3.302359e-03
forward step   550/2000: mean_particle_distance=1.58226425 rms_radius=1.19848104 max_force=3.219325e+00 max_update=3.219325e-03
forward step   575/2000: mean_particle_distance=1.55679356 rms_radius=1.17811887 max_force=3.138203e+00 max_update=3.138203e-03
forward step   600/2000: mean_particle_distance=1.53246926 rms_radius=1.15865034 max_force=3.058929e+00 max_update=3.058929e-03
forward step   625/2000: mean_particle_distance=1.50926950 rms_radius=1.14005979 max_force=2.981439e+00 max_update=2.981439e-03
forward step   650/2000: mean_particle_distance=1.48717130 rms_radius=1.12233071 max_force=2.905670e+00 max_update=2.905670e-03
forward step   675/2000: mean_particle_distance=1.46615049 rms_radius=1.10544573 max_force=2.831555e+00 max_update=2.831555e-03
forward step   700/2000: mean_particle_distance=1.44618172 rms_radius=1.08938662 max_force=2.759028e+00 max_update=2.759028e-03
forward step   725/2000: mean_particle_distance=1.42723851 rms_radius=1.07413420 max_force=2.688022e+00 max_update=2.688022e-03
forward step   750/2000: mean_particle_distance=1.40929321 rms_radius=1.05966839 max_force=2.618468e+00 max_update=2.618468e-03
forward step   775/2000: mean_particle_distance=1.39231710 rms_radius=1.04596821 max_force=2.550294e+00 max_update=2.550294e-03
forward step   800/2000: mean_particle_distance=1.37628041 rms_radius=1.03301177 max_force=2.483427e+00 max_update=2.483427e-03
forward step   825/2000: mean_particle_distance=1.36115243 rms_radius=1.02077634 max_force=2.417789e+00 max_update=2.417789e-03
forward step   850/2000: mean_particle_distance=1.34690157 rms_radius=1.00923841 max_force=2.353302e+00 max_update=2.353302e-03
forward step   875/2000: mean_particle_distance=1.33349552 rms_radius=0.99837376 max_force=2.289882e+00 max_update=2.289882e-03
forward step   900/2000: mean_particle_distance=1.32090135 rms_radius=0.98815754 max_force=2.227441e+00 max_update=2.227441e-03
forward step   925/2000: mean_particle_distance=1.30908570 rms_radius=0.97856442 max_force=2.165887e+00 max_update=2.165887e-03
forward step   950/2000: mean_particle_distance=1.29801494 rms_radius=0.96956869 max_force=2.105124e+00 max_update=2.105124e-03
forward step   975/2000: mean_particle_distance=1.28765531 rms_radius=0.96114438 max_force=2.045048e+00 max_update=2.045048e-03
forward step  1000/2000: mean_particle_distance=1.27797313 rms_radius=0.95326545 max_force=1.985551e+00 max_update=1.985551e-03
forward step  1025/2000: mean_particle_distance=1.26893497 rms_radius=0.94590585 max_force=1.926517e+00 max_update=1.926517e-03
forward step  1050/2000: mean_particle_distance=1.26050776 rms_radius=0.93903974 max_force=1.867828e+00 max_update=1.867828e-03
forward step  1075/2000: mean_particle_distance=1.25265899 rms_radius=0.93264153 max_force=1.809355e+00 max_update=1.809355e-03
forward step  1100/2000: mean_particle_distance=1.24535682 rms_radius=0.92668606 max_force=1.750968e+00 max_update=1.750968e-03
forward step  1125/2000: mean_particle_distance=1.23857018 rms_radius=0.92114866 max_force=1.692533e+00 max_update=1.692533e-03
forward step  1150/2000: mean_particle_distance=1.23226889 rms_radius=0.91600528 max_force=1.633914e+00 max_update=1.633914e-03
forward step  1175/2000: mean_particle_distance=1.22642373 rms_radius=0.91123252 max_force=1.574979e+00 max_update=1.574979e-03
forward step  1200/2000: mean_particle_distance=1.22100650 rms_radius=0.90680775 max_force=1.515607e+00 max_update=1.515607e-03
forward step  1225/2000: mean_particle_distance=1.21599007 rms_radius=0.90270914 max_force=1.455692e+00 max_update=1.455692e-03
forward step  1250/2000: mean_particle_distance=1.21134843 rms_radius=0.89891568 max_force=1.395161e+00 max_update=1.395161e-03
forward step  1275/2000: mean_particle_distance=1.20705673 rms_radius=0.89540725 max_force=1.333984e+00 max_update=1.333984e-03
forward step  1300/2000: mean_particle_distance=1.20309125 rms_radius=0.89216466 max_force=1.272191e+00 max_update=1.272191e-03
forward step  1325/2000: mean_particle_distance=1.19942948 rms_radius=0.88916959 max_force=1.209898e+00 max_update=1.209898e-03
forward step  1350/2000: mean_particle_distance=1.19605004 rms_radius=0.88640469 max_force=1.147320e+00 max_update=1.147320e-03
forward step  1375/2000: mean_particle_distance=1.19293274 rms_radius=0.88385352 max_force=1.084787e+00 max_update=1.084787e-03
forward step  1400/2000: mean_particle_distance=1.19005853 rms_radius=0.88150056 max_force=1.022745e+00 max_update=1.022745e-03
forward step  1425/2000: mean_particle_distance=1.18740949 rms_radius=0.87933121 max_force=9.617409e-01 max_update=9.617409e-04
forward step  1450/2000: mean_particle_distance=1.18496879 rms_radius=0.87733174 max_force=9.023836e-01 max_update=9.023836e-04
forward step  1475/2000: mean_particle_distance=1.18272065 rms_radius=0.87548929 max_force=8.452920e-01 max_update=8.452920e-04
forward step  1500/2000: mean_particle_distance=1.18065032 rms_radius=0.87379182 max_force=7.910297e-01 max_update=7.910297e-04
forward step  1525/2000: mean_particle_distance=1.17874406 rms_radius=0.87222812 max_force=7.400452e-01 max_update=7.400452e-04
forward step  1550/2000: mean_particle_distance=1.17698902 rms_radius=0.87078773 max_force=6.926301e-01 max_update=6.926301e-04
forward step  1575/2000: mean_particle_distance=1.17537329 rms_radius=0.86946093 max_force=6.489037e-01 max_update=6.489037e-04
forward step  1600/2000: mean_particle_distance=1.17388579 rms_radius=0.86823871 max_force=6.088240e-01 max_update=6.088240e-04
forward step  1625/2000: mean_particle_distance=1.17251628 rms_radius=0.86711271 max_force=5.722189e-01 max_update=5.722189e-04
forward step  1650/2000: mean_particle_distance=1.17125526 rms_radius=0.86607521 max_force=5.388272e-01 max_update=5.388272e-04
forward step  1675/2000: mean_particle_distance=1.17009395 rms_radius=0.86511908 max_force=5.083392e-01 max_update=5.083392e-04
forward step  1700/2000: mean_particle_distance=1.16902428 rms_radius=0.86423774 max_force=4.804317e-01 max_update=4.804317e-04
forward step  1725/2000: mean_particle_distance=1.16803877 rms_radius=0.86342514 max_force=4.547931e-01 max_update=4.547931e-04
forward step  1750/2000: mean_particle_distance=1.16713058 rms_radius=0.86267569 max_force=4.311391e-01 max_update=4.311391e-04
forward step  1775/2000: mean_particle_distance=1.16629338 rms_radius=0.86198429 max_force=4.092206e-01 max_update=4.092206e-04
forward step  1800/2000: mean_particle_distance=1.16552136 rms_radius=0.86134620 max_force=3.888261e-01 max_update=3.888261e-04
forward step  1825/2000: mean_particle_distance=1.16480921 rms_radius=0.86075710 max_force=3.697792e-01 max_update=3.697792e-04
forward step  1850/2000: mean_particle_distance=1.16415203 rms_radius=0.86021303 max_force=3.519355e-01 max_update=3.519355e-04
forward step  1875/2000: mean_particle_distance=1.16354533 rms_radius=0.85971033 max_force=3.351771e-01 max_update=3.351771e-04
forward step  1900/2000: mean_particle_distance=1.16298499 rms_radius=0.85924565 max_force=3.194083e-01 max_update=3.194083e-04
forward step  1925/2000: mean_particle_distance=1.16246723 rms_radius=0.85881593 max_force=3.045500e-01 max_update=3.045500e-04
forward step  1950/2000: mean_particle_distance=1.16198860 rms_radius=0.85841835 max_force=2.905365e-01 max_update=2.905365e-04
forward step  1975/2000: mean_particle_distance=1.16154591 rms_radius=0.85805033 max_force=2.773118e-01 max_update=2.773118e-04
forward step  2000/2000: mean_particle_distance=1.16113626 rms_radius=0.85770950 max_force=2.648269e-01 max_update=2.648269e-04
backward step     0/2000
  vertex: median_particle_distance=0.00000000 mean_total_displacement=0.000000e+00 witness_total=[ 0.63235 -0.50133 -0.53468 -0.40934]
backward step    25/2000
  vertex: median_particle_distance=0.00000000 mean_total_displacement=8.899105e-05 witness_total=[ 0.63219 -0.50167 -0.53659 -0.41019]
backward step    50/2000
  vertex: median_particle_distance=0.00000000 mean_total_displacement=9.026230e-05 witness_total=[ 0.63203 -0.50203 -0.53862 -0.41106]
backward step    75/2000
  vertex: median_particle_distance=0.00000000 mean_total_displacement=9.135182e-05 witness_total=[ 0.63186 -0.50241 -0.54068 -0.41193]
backward step   100/2000
  vertex: median_particle_distance=0.00000000 mean_total_displacement=9.246733e-05 witness_total=[ 0.63168 -0.5028  -0.54276 -0.41279]
backward step   125/2000
  vertex: median_particle_distance=0.00000000 mean_total_displacement=9.361935e-05 witness_total=[ 0.63151 -0.50321 -0.54488 -0.41364]
backward step   150/2000
  vertex: median_particle_distance=0.00000000 mean_total_displacement=9.481729e-05 witness_total=[ 0.63132 -0.50364 -0.54704 -0.41447]
backward step   175/2000
  vertex: median_particle_distance=0.00000000 mean_total_displacement=9.607195e-05 witness_total=[ 0.63114 -0.50408 -0.54923 -0.4153 ]
backward step   200/2000
  vertex: median_particle_distance=0.00000000 mean_total_displacement=9.739559e-05 witness_total=[ 0.63095 -0.50455 -0.55145 -0.4161 ]
backward step   225/2000
  vertex: median_particle_distance=0.00000000 mean_total_displacement=9.880213e-05 witness_total=[ 0.63076 -0.50503 -0.55371 -0.41689]
backward step   250/2000
  vertex: median_particle_distance=0.00000000 mean_total_displacement=1.003072e-04 witness_total=[ 0.63057 -0.50555 -0.55601 -0.41766]
backward step   275/2000
  vertex: median_particle_distance=0.00000000 mean_total_displacement=1.019284e-04 witness_total=[ 0.63037 -0.50609 -0.55836 -0.41842]
backward step   300/2000
  vertex: median_particle_distance=0.00000000 mean_total_displacement=1.036852e-04 witness_total=[ 0.63018 -0.50666 -0.56075 -0.41915]
backward step   325/2000
  vertex: median_particle_distance=0.00000000 mean_total_displacement=1.055994e-04 witness_total=[ 0.62999 -0.50727 -0.56318 -0.41987]
backward step   350/2000
  vertex: median_particle_distance=0.00000000 mean_total_displacement=1.076949e-04 witness_total=[ 0.62979 -0.50791 -0.56567 -0.42056]
backward step   375/2000
  vertex: median_particle_distance=0.00000000 mean_total_displacement=1.099979e-04 witness_total=[ 0.6296  -0.50859 -0.56821 -0.42124]
backward step   400/2000
  vertex: median_particle_distance=0.00000000 mean_total_displacement=1.125375e-04 witness_total=[ 0.62942 -0.50932 -0.5708  -0.42191]
backward step   425/2000
  vertex: median_particle_distance=0.00000000 mean_total_displacement=1.153451e-04 witness_total=[ 0.62924 -0.5101  -0.57346 -0.42255]
backward step   450/2000
  vertex: median_particle_distance=0.00000000 mean_total_displacement=1.184545e-04 witness_total=[ 0.62906 -0.51094 -0.57618 -0.42319]
backward step   475/2000
  vertex: median_particle_distance=0.00000000 mean_total_displacement=1.219023e-04 witness_total=[ 0.62888 -0.51185 -0.57897 -0.42382]
backward step   500/2000
  vertex: median_particle_distance=0.00000000 mean_total_displacement=1.257275e-04 witness_total=[ 0.62872 -0.51282 -0.58184 -0.42445]
backward step   525/2000
  vertex: median_particle_distance=0.00000000 mean_total_displacement=1.299710e-04 witness_total=[ 0.62855 -0.51387 -0.58479 -0.42508]
backward step   550/2000
  vertex: median_particle_distance=0.00000000 mean_total_displacement=1.346754e-04 witness_total=[ 0.6284  -0.515   -0.58783 -0.42571]
backward step   575/2000
  vertex: median_particle_distance=0.00000000 mean_total_displacement=1.398843e-04 witness_total=[ 0.62824 -0.51624 -0.59096 -0.42636]
backward step   600/2000
  vertex: median_particle_distance=0.00000000 mean_total_displacement=1.456418e-04 witness_total=[ 0.6281  -0.51757 -0.5942  -0.42703]
backward step   625/2000
  vertex: median_particle_distance=0.00000000 mean_total_displacement=1.519909e-04 witness_total=[ 0.62795 -0.51903 -0.59755 -0.42773]
backward step   650/2000
  vertex: median_particle_distance=0.00000000 mean_total_displacement=1.589733e-04 witness_total=[ 0.62781 -0.5206  -0.60103 -0.42846]
backward step   675/2000
  vertex: median_particle_distance=0.00000000 mean_total_displacement=1.666283e-04 witness_total=[ 0.62767 -0.52232 -0.60463 -0.42924]
backward step   700/2000
  vertex: median_particle_distance=0.00000000 mean_total_displacement=1.749920e-04 witness_total=[ 0.62752 -0.52418 -0.60839 -0.43007]
backward step   725/2000
  vertex: median_particle_distance=0.00000000 mean_total_displacement=1.840973e-04 witness_total=[ 0.62738 -0.52621 -0.61229 -0.43096]
backward step   750/2000
  vertex: median_particle_distance=0.00000000 mean_total_displacement=1.939742e-04 witness_total=[ 0.62724 -0.52841 -0.61636 -0.43192]
backward step   775/2000
  vertex: median_particle_distance=0.00000000 mean_total_displacement=2.046508e-04 witness_total=[ 0.62711 -0.5308  -0.62061 -0.43296]
backward step   800/2000
  vertex: median_particle_distance=0.00000000 mean_total_displacement=2.161552e-04 witness_total=[ 0.62697 -0.53339 -0.62506 -0.43408]
backward step   825/2000
  vertex: median_particle_distance=0.00000000 mean_total_displacement=2.285171e-04 witness_total=[ 0.62685 -0.53619 -0.6297  -0.4353 ]
backward step   850/2000
  vertex: median_particle_distance=0.00000000 mean_total_displacement=2.417712e-04 witness_total=[ 0.62674 -0.53923 -0.63456 -0.43662]
backward step   875/2000
  vertex: median_particle_distance=0.00000000 mean_total_displacement=2.559590e-04 witness_total=[ 0.62664 -0.54251 -0.63966 -0.43806]
backward step   900/2000
  vertex: median_particle_distance=0.00000000 mean_total_displacement=2.711319e-04 witness_total=[ 0.62658 -0.54605 -0.64499 -0.43961]
backward step   925/2000
  vertex: median_particle_distance=0.00000000 mean_total_displacement=2.873527e-04 witness_total=[ 0.62657 -0.54988 -0.65059 -0.4413 ]
backward step   950/2000
  vertex: median_particle_distance=0.00000000 mean_total_displacement=3.046970e-04 witness_total=[ 0.6266  -0.55401 -0.65646 -0.44312]
backward step   975/2000
  vertex: median_particle_distance=0.00000000 mean_total_displacement=3.232542e-04 witness_total=[ 0.62672 -0.55846 -0.66262 -0.4451 ]
backward step  1000/2000
  vertex: median_particle_distance=0.00000000 mean_total_displacement=3.431267e-04 witness_total=[ 0.62693 -0.56326 -0.66909 -0.44725]
backward step  1025/2000
  vertex: median_particle_distance=0.00000000 mean_total_displacement=3.644289e-04 witness_total=[ 0.62726 -0.56843 -0.67588 -0.44957]
backward step  1050/2000
  vertex: median_particle_distance=0.00000000 mean_total_displacement=3.872858e-04 witness_total=[ 0.62773 -0.574   -0.68301 -0.45209]
backward step  1075/2000
  vertex: median_particle_distance=0.00000000 mean_total_displacement=4.118289e-04 witness_total=[ 0.62837 -0.57999 -0.69051 -0.45483]
backward step  1100/2000
  vertex: median_particle_distance=0.00000000 mean_total_displacement=4.381922e-04 witness_total=[ 0.62922 -0.58644 -0.69838 -0.4578 ]
backward step  1125/2000
  vertex: median_particle_distance=0.00000000 mean_total_displacement=4.665060e-04 witness_total=[ 0.6303  -0.59338 -0.70665 -0.46102]
backward step  1150/2000
  vertex: median_particle_distance=0.00000000 mean_total_displacement=4.968894e-04 witness_total=[ 0.63167 -0.60083 -0.71535 -0.46452]
backward step  1175/2000
  vertex: median_particle_distance=0.00000000 mean_total_displacement=5.294413e-04 witness_total=[ 0.63334 -0.60883 -0.72449 -0.46833]
backward step  1200/2000
  vertex: median_particle_distance=0.00000000 mean_total_displacement=5.642313e-04 witness_total=[ 0.63538 -0.61741 -0.7341  -0.47246]
backward step  1225/2000
  vertex: median_particle_distance=0.00000000 mean_total_displacement=6.012918e-04 witness_total=[ 0.63783 -0.62661 -0.7442  -0.47694]
backward step  1250/2000
  vertex: median_particle_distance=0.00000000 mean_total_displacement=6.406123e-04 witness_total=[ 0.64073 -0.63644 -0.75482 -0.4818 ]
backward step  1275/2000
  vertex: median_particle_distance=0.00000000 mean_total_displacement=6.821373e-04 witness_total=[ 0.64412 -0.64692 -0.76599 -0.48705]
backward step  1300/2000
  vertex: median_particle_distance=0.00000000 mean_total_displacement=7.257696e-04 witness_total=[ 0.64808 -0.65809 -0.77774 -0.49272]
backward step  1325/2000
  vertex: median_particle_distance=0.00000000 mean_total_displacement=7.713757e-04 witness_total=[ 0.65263 -0.66994 -0.79009 -0.49882]
backward step  1350/2000
  vertex: median_particle_distance=0.00000000 mean_total_displacement=8.187942e-04 witness_total=[ 0.65784 -0.68248 -0.80306 -0.50538]
backward step  1375/2000
  vertex: median_particle_distance=0.00000000 mean_total_displacement=8.678436e-04 witness_total=[ 0.66376 -0.69571 -0.8167  -0.5124 ]
backward step  1400/2000
  vertex: median_particle_distance=0.00000000 mean_total_displacement=9.183280e-04 witness_total=[ 0.67042 -0.70964 -0.83103 -0.51988]
backward step  1425/2000
  vertex: median_particle_distance=0.00000000 mean_total_displacement=9.700414e-04 witness_total=[ 0.67787 -0.72424 -0.84606 -0.52785]
backward step  1450/2000
  vertex: median_particle_distance=0.00000000 mean_total_displacement=1.022772e-03 witness_total=[ 0.68614 -0.73951 -0.86183 -0.5363 ]
backward step  1475/2000
  vertex: median_particle_distance=0.00000000 mean_total_displacement=1.076305e-03 witness_total=[ 0.69526 -0.75544 -0.87835 -0.54524]
backward step  1500/2000
  vertex: median_particle_distance=0.00000000 mean_total_displacement=1.130434e-03 witness_total=[ 0.70523 -0.77202 -0.89564 -0.55467]
backward step  1525/2000
  vertex: median_particle_distance=0.00000000 mean_total_displacement=1.184968e-03 witness_total=[ 0.71607 -0.78924 -0.91372 -0.5646 ]
backward step  1550/2000
  vertex: median_particle_distance=0.00000000 mean_total_displacement=1.239744e-03 witness_total=[ 0.72777 -0.8071  -0.93258 -0.57502]
backward step  1575/2000
  vertex: median_particle_distance=0.00000000 mean_total_displacement=1.294632e-03 witness_total=[ 0.74031 -0.82559 -0.95224 -0.58595]
backward step  1600/2000
  vertex: median_particle_distance=0.00000000 mean_total_displacement=1.349542e-03 witness_total=[ 0.75369 -0.84472 -0.97271 -0.59738]
backward step  1625/2000
  vertex: median_particle_distance=0.00000000 mean_total_displacement=1.404425e-03 witness_total=[ 0.76788 -0.86447 -0.99399 -0.60931]
backward step  1650/2000
  vertex: median_particle_distance=0.00000000 mean_total_displacement=1.459268e-03 witness_total=[ 0.78286 -0.88487 -1.01609 -0.62175]
backward step  1675/2000
  vertex: median_particle_distance=0.00000000 mean_total_displacement=1.514089e-03 witness_total=[ 0.79862 -0.9059  -1.039   -0.6347 ]
backward step  1700/2000
  vertex: median_particle_distance=0.00000000 mean_total_displacement=1.568931e-03 witness_total=[ 0.81514 -0.92759 -1.06273 -0.64816]
backward step  1725/2000
  vertex: median_particle_distance=0.00000000 mean_total_displacement=1.623854e-03 witness_total=[ 0.83239 -0.94993 -1.08728 -0.66213]
backward step  1750/2000
  vertex: median_particle_distance=0.00000000 mean_total_displacement=1.678933e-03 witness_total=[ 0.85038 -0.97293 -1.11267 -0.67662]
backward step  1775/2000
  vertex: median_particle_distance=0.00000000 mean_total_displacement=1.734247e-03 witness_total=[ 0.86907 -0.9966  -1.13888 -0.69162]
backward step  1800/2000
  vertex: median_particle_distance=0.00000000 mean_total_displacement=1.789883e-03 witness_total=[ 0.88848 -1.02096 -1.16594 -0.70714]
backward step  1825/2000
  vertex: median_particle_distance=0.00000000 mean_total_displacement=1.845928e-03 witness_total=[ 0.90858 -1.04602 -1.19385 -0.72318]
backward step  1850/2000
  vertex: median_particle_distance=0.00000000 mean_total_displacement=1.902471e-03 witness_total=[ 0.92938 -1.07178 -1.22261 -0.73975]
backward step  1875/2000
  vertex: median_particle_distance=0.00000000 mean_total_displacement=1.959597e-03 witness_total=[ 0.95088 -1.09825 -1.25224 -0.75685]
backward step  1900/2000
  vertex: median_particle_distance=0.00000000 mean_total_displacement=2.017394e-03 witness_total=[ 0.97307 -1.12546 -1.28274 -0.77448]
backward step  1925/2000
  vertex: median_particle_distance=0.00000000 mean_total_displacement=2.075945e-03 witness_total=[ 0.99596 -1.15341 -1.31413 -0.79266]
backward step  1950/2000
  vertex: median_particle_distance=0.00000000 mean_total_displacement=2.135338e-03 witness_total=[ 1.01955 -1.18212 -1.34642 -0.81138]
backward step  1975/2000
  vertex: median_particle_distance=0.00000000 mean_total_displacement=2.195666e-03 witness_total=[ 1.04385 -1.21161 -1.37963 -0.83065]
backward step  2000/2000
  vertex: median_particle_distance=0.00000000 mean_total_displacement=2.257085e-03 witness_total=[ 1.06886 -1.24189 -1.41376 -0.85049]
backward step     0/2000
  shared_d1: median_particle_distance=0.00000000 mean_total_displacement=0.000000e+00 witness_total=[ 0.32884 -0.60666  0.52745  0.32407]
backward step    25/2000
  shared_d1: median_particle_distance=0.00000000 mean_total_displacement=4.338916e-04 witness_total=[ 0.3246  -0.60152  0.53365  0.31911]
backward step    50/2000
  shared_d1: median_particle_distance=0.00000000 mean_total_displacement=4.862163e-04 witness_total=[ 0.31951 -0.59674  0.54042  0.31301]
backward step    75/2000
  shared_d1: median_particle_distance=0.00000000 mean_total_displacement=5.654318e-04 witness_total=[ 0.31328 -0.59269  0.54803  0.30536]
backward step   100/2000
  shared_d1: median_particle_distance=0.00000000 mean_total_displacement=7.023723e-04 witness_total=[ 0.3054  -0.59006  0.557    0.29548]
backward step   125/2000
  shared_d1: median_particle_distance=0.00000000 mean_total_displacement=9.887346e-04 witness_total=[ 0.29492 -0.59031  0.56869  0.28192]
backward step   150/2000
  shared_d1: median_particle_distance=0.00000000 mean_total_displacement=1.840524e-03 witness_total=[ 0.2791  -0.59769  0.58747  0.26045]
backward step   175/2000
  shared_d1: median_particle_distance=0.00000000 mean_total_displacement=5.393152e-03 witness_total=[ 0.24329 -0.633    0.63719  0.20816]
backward step   200/2000
  shared_d1: median_particle_distance=0.00000000 mean_total_displacement=1.116842e-04 witness_total=[ 0.22643 -0.6519   0.66104  0.18393]
backward step   225/2000
  shared_d1: median_particle_distance=0.00000000 mean_total_displacement=4.937246e-05 witness_total=[ 0.22539 -0.65184  0.66073  0.18406]
backward step   250/2000
  shared_d1: median_particle_distance=0.00000000 mean_total_displacement=5.337036e-05 witness_total=[ 0.22451 -0.65145  0.66009  0.18462]
backward step   275/2000
  shared_d1: median_particle_distance=0.00000000 mean_total_displacement=5.699417e-05 witness_total=[ 0.22355 -0.65103  0.65948  0.18529]
backward step   300/2000
  shared_d1: median_particle_distance=0.00000000 mean_total_displacement=6.085992e-05 witness_total=[ 0.22253 -0.65056  0.6589   0.18605]
backward step   325/2000
  shared_d1: median_particle_distance=0.00000000 mean_total_displacement=6.497321e-05 witness_total=[ 0.22144 -0.65007  0.65837  0.18692]
backward step   350/2000
  shared_d1: median_particle_distance=0.00000000 mean_total_displacement=6.933320e-05 witness_total=[ 0.22028 -0.64954  0.65788  0.18789]
backward step   375/2000
  shared_d1: median_particle_distance=0.00000000 mean_total_displacement=7.394026e-05 witness_total=[ 0.21904 -0.64897  0.65744  0.18898]
backward step   400/2000
  shared_d1: median_particle_distance=0.00000000 mean_total_displacement=7.879615e-05 witness_total=[ 0.21774 -0.64838  0.65706  0.19019]
backward step   425/2000
  shared_d1: median_particle_distance=0.00000000 mean_total_displacement=8.390407e-05 witness_total=[ 0.21636 -0.64776  0.65675  0.19152]
backward step   450/2000
  shared_d1: median_particle_distance=0.00000000 mean_total_displacement=8.926879e-05 witness_total=[ 0.21492 -0.64712  0.6565   0.19297]
backward step   475/2000
  shared_d1: median_particle_distance=0.00000000 mean_total_displacement=9.489666e-05 witness_total=[ 0.2134  -0.64645  0.65633  0.19457]
backward step   500/2000
  shared_d1: median_particle_distance=0.00000000 mean_total_displacement=1.007957e-04 witness_total=[ 0.21182 -0.64577  0.65623  0.1963 ]
backward step   525/2000
  shared_d1: median_particle_distance=0.00000000 mean_total_displacement=1.069759e-04 witness_total=[ 0.21016 -0.64507  0.65622  0.19818]
backward step   550/2000
  shared_d1: median_particle_distance=0.00000000 mean_total_displacement=1.134486e-04 witness_total=[ 0.20844 -0.64436  0.65631  0.20021]
backward step   575/2000
  shared_d1: median_particle_distance=0.00000000 mean_total_displacement=1.202275e-04 witness_total=[ 0.20665 -0.64365  0.65649  0.20241]
backward step   600/2000
  shared_d1: median_particle_distance=0.00000000 mean_total_displacement=1.273276e-04 witness_total=[ 0.20479 -0.64294  0.65678  0.20476]
backward step   625/2000
  shared_d1: median_particle_distance=0.00000000 mean_total_displacement=1.347657e-04 witness_total=[ 0.20287 -0.64224  0.65718  0.20729]
backward step   650/2000
  shared_d1: median_particle_distance=0.00000000 mean_total_displacement=1.425600e-04 witness_total=[ 0.20087 -0.64155  0.6577   0.21   ]
backward step   675/2000
  shared_d1: median_particle_distance=0.00000000 mean_total_displacement=1.507298e-04 witness_total=[ 0.19882 -0.64087  0.65834  0.21289]
backward step   700/2000
  shared_d1: median_particle_distance=0.00000000 mean_total_displacement=1.592950e-04 witness_total=[ 0.19669 -0.64023  0.65911  0.21597]
backward step   725/2000
  shared_d1: median_particle_distance=0.00000000 mean_total_displacement=1.682757e-04 witness_total=[ 0.19451 -0.63962  0.66003  0.21926]
backward step   750/2000
  shared_d1: median_particle_distance=0.00000000 mean_total_displacement=1.776914e-04 witness_total=[ 0.19226 -0.63905  0.6611   0.22276]
backward step   775/2000
  shared_d1: median_particle_distance=0.00000000 mean_total_displacement=1.875609e-04 witness_total=[ 0.18995 -0.63853  0.66232  0.22647]
backward step   800/2000
  shared_d1: median_particle_distance=0.00000000 mean_total_displacement=1.979008e-04 witness_total=[ 0.18757 -0.63807  0.66371  0.2304 ]
backward step   825/2000
  shared_d1: median_particle_distance=0.00000000 mean_total_displacement=2.087260e-04 witness_total=[ 0.18514 -0.63767  0.66528  0.23456]
backward step   850/2000
  shared_d1: median_particle_distance=0.00000000 mean_total_displacement=2.200482e-04 witness_total=[ 0.18264 -0.63735  0.66703  0.23897]
backward step   875/2000
  shared_d1: median_particle_distance=0.00000000 mean_total_displacement=2.318764e-04 witness_total=[ 0.18009 -0.63712  0.66897  0.24362]
backward step   900/2000
  shared_d1: median_particle_distance=0.00000000 mean_total_displacement=2.442160e-04 witness_total=[ 0.17747 -0.63697  0.67111  0.24852]
backward step   925/2000
  shared_d1: median_particle_distance=0.00000000 mean_total_displacement=2.570693e-04 witness_total=[ 0.1748  -0.63693  0.67346  0.25368]
backward step   950/2000
  shared_d1: median_particle_distance=0.00000000 mean_total_displacement=2.704354e-04 witness_total=[ 0.17207 -0.637    0.67603  0.25911]
backward step   975/2000
  shared_d1: median_particle_distance=0.00000000 mean_total_displacement=2.843109e-04 witness_total=[ 0.16928 -0.63719  0.67884  0.26481]
backward step  1000/2000
  shared_d1: median_particle_distance=0.00000000 mean_total_displacement=2.986900e-04 witness_total=[ 0.16643 -0.63751  0.68187  0.27079]
backward step  1025/2000
  shared_d1: median_particle_distance=0.00000000 mean_total_displacement=3.135657e-04 witness_total=[ 0.16352 -0.63796  0.68516  0.27705]
backward step  1050/2000
  shared_d1: median_particle_distance=0.00000000 mean_total_displacement=3.289299e-04 witness_total=[ 0.16056 -0.63857  0.68869  0.2836 ]
backward step  1075/2000
  shared_d1: median_particle_distance=0.00000000 mean_total_displacement=3.447748e-04 witness_total=[ 0.15753 -0.63933  0.69249  0.29045]
backward step  1100/2000
  shared_d1: median_particle_distance=0.00000000 mean_total_displacement=3.610931e-04 witness_total=[ 0.15445 -0.64025  0.69656  0.2976 ]
backward step  1125/2000
  shared_d1: median_particle_distance=0.00000000 mean_total_displacement=3.778789e-04 witness_total=[ 0.15131 -0.64136  0.70091  0.30505]
backward step  1150/2000
  shared_d1: median_particle_distance=0.00000000 mean_total_displacement=3.951280e-04 witness_total=[ 0.1481  -0.64265  0.70553  0.3128 ]
backward step  1175/2000
  shared_d1: median_particle_distance=0.00000000 mean_total_displacement=4.128383e-04 witness_total=[ 0.14484 -0.64413  0.71045  0.32087]
backward step  1200/2000
  shared_d1: median_particle_distance=0.00000000 mean_total_displacement=4.310095e-04 witness_total=[ 0.14152 -0.64583  0.71566  0.32926]
backward step  1225/2000
  shared_d1: median_particle_distance=0.00000000 mean_total_displacement=4.496436e-04 witness_total=[ 0.13813 -0.64774  0.72118  0.33797]
backward step  1250/2000
  shared_d1: median_particle_distance=0.00000000 mean_total_displacement=4.687440e-04 witness_total=[ 0.13469 -0.64988  0.72701  0.347  ]
backward step  1275/2000
  shared_d1: median_particle_distance=0.00000000 mean_total_displacement=4.883149e-04 witness_total=[ 0.13118 -0.65227  0.73315  0.35636]
backward step  1300/2000
  shared_d1: median_particle_distance=0.00000000 mean_total_displacement=5.083613e-04 witness_total=[ 0.1276  -0.6549   0.73961  0.36606]
backward step  1325/2000
  shared_d1: median_particle_distance=0.00000000 mean_total_displacement=5.288875e-04 witness_total=[ 0.12397 -0.65779  0.74639  0.37609]
backward step  1350/2000
  shared_d1: median_particle_distance=0.00000000 mean_total_displacement=5.498969e-04 witness_total=[ 0.12027 -0.66096  0.75351  0.38647]
backward step  1375/2000
  shared_d1: median_particle_distance=0.00000000 mean_total_displacement=5.713911e-04 witness_total=[ 0.11651 -0.66441  0.76096  0.3972 ]
backward step  1400/2000
  shared_d1: median_particle_distance=0.00000000 mean_total_displacement=5.933693e-04 witness_total=[ 0.11268 -0.66816  0.76875  0.40828]
backward step  1425/2000
  shared_d1: median_particle_distance=0.00000000 mean_total_displacement=6.158281e-04 witness_total=[ 0.10878 -0.67221  0.77689  0.41973]
backward step  1450/2000
  shared_d1: median_particle_distance=0.00000000 mean_total_displacement=6.387609e-04 witness_total=[ 0.10482 -0.67657  0.78537  0.43154]
backward step  1475/2000
  shared_d1: median_particle_distance=0.00000000 mean_total_displacement=6.621582e-04 witness_total=[ 0.10078 -0.68125  0.7942   0.44373]
backward step  1500/2000
  shared_d1: median_particle_distance=0.00000000 mean_total_displacement=6.860077e-04 witness_total=[ 0.09668 -0.68626  0.80339  0.4563 ]
backward step  1525/2000
  shared_d1: median_particle_distance=0.00000000 mean_total_displacement=7.102949e-04 witness_total=[ 0.09249 -0.6916   0.81293  0.46926]
backward step  1550/2000
  shared_d1: median_particle_distance=0.00000000 mean_total_displacement=7.350034e-04 witness_total=[ 0.08823 -0.69729  0.82282  0.48262]
backward step  1575/2000
  shared_d1: median_particle_distance=0.00000000 mean_total_displacement=7.601163e-04 witness_total=[ 0.08389 -0.70332  0.83307  0.49638]
backward step  1600/2000
  shared_d1: median_particle_distance=0.00000000 mean_total_displacement=7.856175e-04 witness_total=[ 0.07945 -0.7097   0.84367  0.51056]
backward step  1625/2000
  shared_d1: median_particle_distance=0.00000000 mean_total_displacement=8.114931e-04 witness_total=[ 0.07493 -0.71644  0.85462  0.52517]
backward step  1650/2000
  shared_d1: median_particle_distance=0.00000000 mean_total_displacement=8.377346e-04 witness_total=[ 0.0703  -0.72354  0.86591  0.54021]
backward step  1675/2000
  shared_d1: median_particle_distance=0.00000000 mean_total_displacement=8.643418e-04 witness_total=[ 0.06556 -0.73101  0.87754  0.55569]
backward step  1700/2000
  shared_d1: median_particle_distance=0.00000000 mean_total_displacement=8.913279e-04 witness_total=[ 0.06071 -0.73884  0.8895   0.57164]
backward step  1725/2000
  shared_d1: median_particle_distance=0.00000000 mean_total_displacement=9.187258e-04 witness_total=[ 0.05573 -0.74705  0.90178  0.58805]
backward step  1750/2000
  shared_d1: median_particle_distance=0.00000000 mean_total_displacement=9.465978e-04 witness_total=[ 0.05063 -0.75565  0.91438  0.60495]
backward step  1775/2000
  shared_d1: median_particle_distance=0.00000000 mean_total_displacement=9.750483e-04 witness_total=[ 0.04538 -0.76466  0.92729  0.62234]
backward step  1800/2000
  shared_d1: median_particle_distance=0.00000000 mean_total_displacement=1.004240e-03 witness_total=[ 0.03999 -0.7741   0.94049  0.64023]
backward step  1825/2000
  shared_d1: median_particle_distance=0.00000000 mean_total_displacement=1.034416e-03 witness_total=[ 0.03446 -0.78399  0.95399  0.65865]
backward step  1850/2000
  shared_d1: median_particle_distance=0.00000000 mean_total_displacement=1.065922e-03 witness_total=[ 0.02879 -0.7944   0.96779  0.6776 ]
backward step  1875/2000
  shared_d1: median_particle_distance=0.00000000 mean_total_displacement=1.099229e-03 witness_total=[ 0.023   -0.80538  0.98189  0.6971 ]
backward step  1900/2000
  shared_d1: median_particle_distance=0.00000000 mean_total_displacement=1.134932e-03 witness_total=[ 0.0171  -0.81701  0.99633  0.71715]
backward step  1925/2000
  shared_d1: median_particle_distance=0.00000000 mean_total_displacement=1.173702e-03 witness_total=[ 0.01114 -0.82941  1.01115  0.73776]
backward step  1950/2000
  shared_d1: median_particle_distance=0.00000000 mean_total_displacement=1.216128e-03 witness_total=[ 0.00517 -0.84269  1.02641  0.75893]
backward step  1975/2000
  shared_d1: median_particle_distance=0.00000000 mean_total_displacement=1.262357e-03 witness_total=[-7.57078e-04 -8.56989e-01  1.04219e+00  7.80657e-01]
backward step  2000/2000
  shared_d1: median_particle_distance=0.00000000 mean_total_displacement=1.311489e-03 witness_total=[-0.00659 -0.87239  1.05854  0.80297]
RESULT_DIRECTORY=E:\Desktop\AnewOmni\4.5hypothesis\experiments\10_lambda_frame_particle_sweep\results\002_20260720T200720_834951Z_seed45-46-47\conditions\seed45_p01\runs\001_20260720T200722_069471Z_seed45
generated 2 figure(s)
